#
# There is insufficient memory for the Java Runtime Environment to continue.
# Native memory allocation (malloc) failed to allocate 1081776 bytes for Chunk::new
# Possible reasons:
#   The system is out of physical RAM or swap space
#   The process is running with CompressedOops enabled, and the Java Heap may be blocking the growth of the native heap
# Possible solutions:
#   Reduce memory load on the system
#   Increase physical memory or swap space
#   Check if swap backing store is full
#   Decrease Java heap size (-Xmx/-Xms)
#   Decrease number of Java threads
#   Decrease Java thread stack sizes (-Xss)
#   Set larger code cache with -XX:ReservedCodeCacheSize=
#   JVM is running with Unscaled Compressed Oops mode in which the Java heap is
#     placed in the first 4GB address space. The Java Heap base address is the
#     maximum limit for the native heap growth. Please use -XX:HeapBaseMinAddress
#     to set the Java Heap base and to place the Java Heap above 4GB virtual address.
# This output file may be truncated or incomplete.
#
#  Out of Memory Error (arena.cpp:197), pid=10752, tid=9928
#
# JRE version: OpenJDK Runtime Environment Temurin-11.0.19+7 (11.0.19+7) (build 11.0.19+7)
# Java VM: OpenJDK 64-Bit Server VM Temurin-11.0.19+7 (11.0.19+7, mixed mode, tiered, compressed oops, g1 gc, windows-amd64)
# No core dump will be written. Minidumps are not enabled by default on client versions of Windows
#

---------------  S U M M A R Y ------------

Command Line: -XX:MaxMetaspaceSize=512m --add-opens=java.base/java.util=ALL-UNNAMED --add-opens=java.base/java.lang=ALL-UNNAMED --add-opens=java.base/java.lang.invoke=ALL-UNNAMED --add-opens=java.base/java.util=ALL-UNNAMED --add-opens=java.prefs/java.util.prefs=ALL-UNNAMED --add-opens=java.prefs/java.util.prefs=ALL-UNNAMED --add-opens=java.base/java.nio.charset=ALL-UNNAMED --add-opens=java.base/java.net=ALL-UNNAMED --add-opens=java.base/java.util.concurrent.atomic=ALL-UNNAMED -Xmx2048m -Dfile.encoding=windows-1252 -Duser.country=US -Duser.language=en -Duser.variant org.gradle.launcher.daemon.bootstrap.GradleDaemon 7.5.1

Host: Intel(R) Core(TM) i5-10300H CPU @ 2.50GHz, 8 cores, 7G,  Windows 11 , 64 bit Build 22621 (10.0.22621.963)
Time: Sun Jun  4 14:37:29 2023 India Standard Time elapsed time: 14.563788 seconds (0d 0h 0m 14s)

---------------  T H R E A D  ---------------

Current thread (0x000001c0d18f8000):  JavaThread "C2 CompilerThread0" daemon [_thread_in_native, id=9928, stack(0x0000006973c00000,0x0000006973d00000)]


Current CompileTask:
C2:  14563 5981 %     4       org.gradle.internal.instantiation.generator.AbstractClassGenerator::inspectType @ 107 (560 bytes)

Stack: [0x0000006973c00000,0x0000006973d00000]
Native frames: (J=compiled Java code, j=interpreted, Vv=VM code, C=native code)
V  [jvm.dll+0x64fb5a]
V  [jvm.dll+0x7e3549]
V  [jvm.dll+0x7e4c49]
V  [jvm.dll+0x7e5333]
V  [jvm.dll+0x26afd5]
V  [jvm.dll+0xc1a5c]
V  [jvm.dll+0xc200c]
V  [jvm.dll+0x2dd462]
V  [jvm.dll+0x559fe7]
V  [jvm.dll+0x22ba61]
V  [jvm.dll+0x225129]
V  [jvm.dll+0x221c74]
V  [jvm.dll+0x19e6c1]
V  [jvm.dll+0x231f59]
V  [jvm.dll+0x2300af]
V  [jvm.dll+0x7a48d0]
V  [jvm.dll+0x79d6e4]
V  [jvm.dll+0x64e915]
C  [ucrtbase.dll+0x29363]
C  [KERNEL32.DLL+0x126bd]
C  [ntdll.dll+0x5dfb8]


---------------  P R O C E S S  ---------------

Threads class SMR info:
_java_thread_list=0x000001c0d91ce2b0, length=80, elements={
0x000001c0b073e000, 0x000001c0d18e5000, 0x000001c0d18db800, 0x000001c0d18f3000,
0x000001c0d18f4000, 0x000001c0d18f7000, 0x000001c0d18f8000, 0x000001c0d1901000,
0x000001c0d1907000, 0x000001c0d23b9800, 0x000001c0d438d000, 0x000001c0d42b0800,
0x000001c0d41f0800, 0x000001c0d4be1800, 0x000001c0d4aff000, 0x000001c0d4e9c800,
0x000001c0d3b9e000, 0x000001c0d4094800, 0x000001c0d445b800, 0x000001c0d4804800,
0x000001c0d42c6000, 0x000001c0d42c3800, 0x000001c0d42c7000, 0x000001c0d42c2000,
0x000001c0d42c4800, 0x000001c0d42c2800, 0x000001c0d42c5000, 0x000001c0d42c1000,
0x000001c0d42c7800, 0x000001c0d8ae8000, 0x000001c0d8ae9000, 0x000001c0d8ae7000,
0x000001c0d8ae9800, 0x000001c0d8ae5800, 0x000001c0d8ae6800, 0x000001c0d43d2000,
0x000001c0d8ae4800, 0x000001c0d8aee800, 0x000001c0d8aeb000, 0x000001c0d8aef800,
0x000001c0d8af1000, 0x000001c0d8af2000, 0x000001c0d8aec000, 0x000001c0d8af2800,
0x000001c0d8af0000, 0x000001c0d8aed000, 0x000001c0d8af3800, 0x000001c0d8aed800,
0x000001c0d5c5d800, 0x000001c0d5c5e800, 0x000001c0d5c65000, 0x000001c0d5c60000,
0x000001c0d5c5f800, 0x000001c0d5c64800, 0x000001c0d5c63800, 0x000001c0d5c66000,
0x000001c0d5c66800, 0x000001c0d5c62800, 0x000001c0d5c61000, 0x000001c0d5c67800,
0x000001c0d5c62000, 0x000001c0d5c6c800, 0x000001c0d5c68800, 0x000001c0d5c69000,
0x000001c0d5c6b800, 0x000001c0d5c6a000, 0x000001c0d5c6b000, 0x000001c0d51e9000,
0x000001c0d51eb800, 0x000001c0d51ec800, 0x000001c0d51ed000, 0x000001c0d51ee000,
0x000001c0d51ea000, 0x000001c0d51e8800, 0x000001c0d51ef000, 0x000001c0d51ef800,
0x000001c0d51ea800, 0x000001c0d51f6000, 0x000001c0d51f3000, 0x000001c0d81d3000
}

Java Threads: ( => current thread )
  0x000001c0b073e000 JavaThread "main" [_thread_blocked, id=19188, stack(0x0000006973000000,0x0000006973100000)]
  0x000001c0d18e5000 JavaThread "Reference Handler" daemon [_thread_blocked, id=2920, stack(0x0000006973700000,0x0000006973800000)]
  0x000001c0d18db800 JavaThread "Finalizer" daemon [_thread_blocked, id=13548, stack(0x0000006973800000,0x0000006973900000)]
  0x000001c0d18f3000 JavaThread "Signal Dispatcher" daemon [_thread_blocked, id=12044, stack(0x0000006973900000,0x0000006973a00000)]
  0x000001c0d18f4000 JavaThread "Attach Listener" daemon [_thread_blocked, id=19200, stack(0x0000006973a00000,0x0000006973b00000)]
  0x000001c0d18f7000 JavaThread "Service Thread" daemon [_thread_blocked, id=19560, stack(0x0000006973b00000,0x0000006973c00000)]
=>0x000001c0d18f8000 JavaThread "C2 CompilerThread0" daemon [_thread_in_native, id=9928, stack(0x0000006973c00000,0x0000006973d00000)]
  0x000001c0d1901000 JavaThread "C1 CompilerThread0" daemon [_thread_blocked, id=13104, stack(0x0000006973d00000,0x0000006973e00000)]
  0x000001c0d1907000 JavaThread "Sweeper thread" daemon [_thread_blocked, id=10448, stack(0x0000006973e00000,0x0000006973f00000)]
  0x000001c0d23b9800 JavaThread "Common-Cleaner" daemon [_thread_blocked, id=5632, stack(0x0000006973f00000,0x0000006974000000)]
  0x000001c0d438d000 JavaThread "Daemon health stats" [_thread_blocked, id=12808, stack(0x0000006974500000,0x0000006974600000)]
  0x000001c0d42b0800 JavaThread "Incoming local TCP Connector on port 53319" [_thread_in_native, id=18208, stack(0x0000006974100000,0x0000006974200000)]
  0x000001c0d41f0800 JavaThread "Daemon periodic checks" [_thread_blocked, id=13132, stack(0x0000006974200000,0x0000006974300000)]
  0x000001c0d4be1800 JavaThread "Daemon" [_thread_blocked, id=1948, stack(0x0000006974600000,0x0000006974700000)]
  0x000001c0d4aff000 JavaThread "Handler for socket connection from /127.0.0.1:53319 to /127.0.0.1:53320" [_thread_in_native, id=8800, stack(0x0000006974700000,0x0000006974800000)]
  0x000001c0d4e9c800 JavaThread "Cancel handler" [_thread_blocked, id=17564, stack(0x0000006974800000,0x0000006974900000)]
  0x000001c0d3b9e000 JavaThread "Daemon worker" [_thread_in_native, id=12668, stack(0x0000006974900000,0x0000006974a00000)]
  0x000001c0d4094800 JavaThread "Asynchronous log dispatcher for DefaultDaemonConnection: socket connection from /127.0.0.1:53319 to /127.0.0.1:53320" [_thread_blocked, id=6488, stack(0x0000006974a00000,0x0000006974b00000)]
  0x000001c0d445b800 JavaThread "Stdin handler" [_thread_blocked, id=19620, stack(0x0000006974b00000,0x0000006974c00000)]
  0x000001c0d4804800 JavaThread "Daemon client event forwarder" [_thread_blocked, id=14216, stack(0x0000006974c00000,0x0000006974d00000)]
  0x000001c0d42c6000 JavaThread "Cache worker for journal cache (C:\Users\91799\.gradle\caches\journal-1)" [_thread_blocked, id=14724, stack(0x0000006975200000,0x0000006975300000)]
  0x000001c0d42c3800 JavaThread "File lock request listener" [_thread_in_native, id=2148, stack(0x0000006975300000,0x0000006975400000)]
  0x000001c0d42c7000 JavaThread "Cache worker for file hash cache (C:\Users\91799\.gradle\caches\7.5.1\fileHashes)" [_thread_blocked, id=19752, stack(0x0000006975400000,0x0000006975500000)]
  0x000001c0d42c2000 JavaThread "File watcher server" daemon [_thread_in_native, id=4312, stack(0x0000006975800000,0x0000006975900000)]
  0x000001c0d42c4800 JavaThread "File watcher consumer" daemon [_thread_blocked, id=18532, stack(0x0000006975900000,0x0000006975a00000)]
  0x000001c0d42c2800 JavaThread "Cache worker for checksums cache (C:\Users\91799\Desktop\html pro\contact\contact_app\android\.gradle\7.5.1\checksums)" [_thread_blocked, id=18984, stack(0x0000006975a00000,0x0000006975b00000)]
  0x000001c0d42c5000 JavaThread "Cache worker for cache directory md-rule (C:\Users\91799\.gradle\caches\7.5.1\md-rule)" [_thread_blocked, id=13992, stack(0x0000006975b00000,0x0000006975c00000)]
  0x000001c0d42c1000 JavaThread "Cache worker for file content cache (C:\Users\91799\.gradle\caches\7.5.1\fileContent)" [_thread_blocked, id=6932, stack(0x0000006975c00000,0x0000006975d00000)]
  0x000001c0d42c7800 JavaThread "Cache worker for file hash cache (C:\Users\91799\Desktop\html pro\contact\contact_app\android\.gradle\7.5.1\fileHashes)" [_thread_blocked, id=18996, stack(0x0000006975d00000,0x0000006975e00000)]
  0x000001c0d8ae8000 JavaThread "Cache worker for cache directory md-supplier (C:\Users\91799\.gradle\caches\7.5.1\md-supplier)" [_thread_blocked, id=11308, stack(0x0000006975e00000,0x0000006975f00000)]
  0x000001c0d8ae9000 JavaThread "Cache worker for execution history cache (C:\Users\91799\.gradle\caches\7.5.1\executionHistory)" [_thread_blocked, id=16536, stack(0x0000006975f00000,0x0000006976000000)]
  0x000001c0d8ae7000 JavaThread "jar transforms" [_thread_blocked, id=10064, stack(0x0000006976000000,0x0000006976100000)]
  0x000001c0d8ae9800 JavaThread "jar transforms Thread 2" [_thread_blocked, id=17216, stack(0x0000006976100000,0x0000006976200000)]
  0x000001c0d8ae5800 JavaThread "jar transforms Thread 3" [_thread_blocked, id=15252, stack(0x0000006976200000,0x0000006976300000)]
  0x000001c0d8ae6800 JavaThread "jar transforms Thread 4" [_thread_blocked, id=14304, stack(0x0000006976300000,0x0000006976400000)]
  0x000001c0d43d2000 JavaThread "C2 CompilerThread1" daemon [_thread_blocked, id=11500, stack(0x0000006975600000,0x0000006975700000)]
  0x000001c0d8ae4800 JavaThread "Cache worker for kotlin-dsl (C:\Users\91799\.gradle\caches\7.5.1\kotlin-dsl)" [_thread_blocked, id=3352, stack(0x0000006975700000,0x0000006975800000)]
  0x000001c0d8aee800 JavaThread "jar transforms Thread 5" [_thread_blocked, id=8652, stack(0x0000006976500000,0x0000006976600000)]
  0x000001c0d8aeb000 JavaThread "jar transforms Thread 6" [_thread_blocked, id=16912, stack(0x0000006976600000,0x0000006976700000)]
  0x000001c0d8aef800 JavaThread "Cache worker for dependencies-accessors (C:\Users\91799\Desktop\html pro\contact\contact_app\android\.gradle\7.5.1\dependencies-accessors)" [_thread_blocked, id=12292, stack(0x0000006976700000,0x0000006976800000)]
  0x000001c0d8af1000 JavaThread "Cache worker for Build Output Cleanup Cache (C:\Users\91799\Desktop\html pro\contact\contact_app\node_modules\react-native-gradle-plugin\.gradle\buildOutputCleanup)" [_thread_blocked, id=10140, stack(0x0000006976800000,0x0000006976900000)]
  0x000001c0d8af2000 JavaThread "jar transforms Thread 7" [_thread_blocked, id=14224, stack(0x0000006976900000,0x0000006976a00000)]
  0x000001c0d8aec000 JavaThread "Unconstrained build operations" [_thread_blocked, id=18412, stack(0x0000006976a00000,0x0000006976b00000)]
  0x000001c0d8af2800 JavaThread "Unconstrained build operations Thread 2" [_thread_blocked, id=14280, stack(0x0000006976b00000,0x0000006976c00000)]
  0x000001c0d8af0000 JavaThread "Unconstrained build operations Thread 3" [_thread_blocked, id=19084, stack(0x0000006976c00000,0x0000006976d00000)]
  0x000001c0d8aed000 JavaThread "Unconstrained build operations Thread 4" [_thread_blocked, id=6096, stack(0x0000006976d00000,0x0000006976e00000)]
  0x000001c0d8af3800 JavaThread "Unconstrained build operations Thread 5" [_thread_blocked, id=7736, stack(0x0000006976e00000,0x0000006976f00000)]
  0x000001c0d8aed800 JavaThread "Unconstrained build operations Thread 6" [_thread_blocked, id=15952, stack(0x0000006976f00000,0x0000006977000000)]
  0x000001c0d5c5d800 JavaThread "Unconstrained build operations Thread 7" [_thread_blocked, id=8224, stack(0x0000006977000000,0x0000006977100000)]
  0x000001c0d5c5e800 JavaThread "Unconstrained build operations Thread 8" [_thread_blocked, id=10784, stack(0x0000006977100000,0x0000006977200000)]
  0x000001c0d5c65000 JavaThread "Unconstrained build operations Thread 9" [_thread_blocked, id=12760, stack(0x0000006977200000,0x0000006977300000)]
  0x000001c0d5c60000 JavaThread "Unconstrained build operations Thread 10" [_thread_blocked, id=4020, stack(0x0000006977300000,0x0000006977400000)]
  0x000001c0d5c5f800 JavaThread "Unconstrained build operations Thread 11" [_thread_blocked, id=1324, stack(0x0000006977400000,0x0000006977500000)]
  0x000001c0d5c64800 JavaThread "Unconstrained build operations Thread 12" [_thread_blocked, id=3712, stack(0x0000006977500000,0x0000006977600000)]
  0x000001c0d5c63800 JavaThread "Unconstrained build operations Thread 13" [_thread_blocked, id=11684, stack(0x0000006977600000,0x0000006977700000)]
  0x000001c0d5c66000 JavaThread "Unconstrained build operations Thread 14" [_thread_blocked, id=8100, stack(0x0000006977700000,0x0000006977800000)]
  0x000001c0d5c66800 JavaThread "Unconstrained build operations Thread 15" [_thread_blocked, id=12328, stack(0x0000006977800000,0x0000006977900000)]
  0x000001c0d5c62800 JavaThread "Unconstrained build operations Thread 16" [_thread_blocked, id=15100, stack(0x0000006977900000,0x0000006977a00000)]
  0x000001c0d5c61000 JavaThread "Unconstrained build operations Thread 17" [_thread_blocked, id=11436, stack(0x0000006977a00000,0x0000006977b00000)]
  0x000001c0d5c67800 JavaThread "Unconstrained build operations Thread 18" [_thread_blocked, id=15664, stack(0x0000006977b00000,0x0000006977c00000)]
  0x000001c0d5c62000 JavaThread "Unconstrained build operations Thread 19" [_thread_blocked, id=17692, stack(0x0000006977c00000,0x0000006977d00000)]
  0x000001c0d5c6c800 JavaThread "Unconstrained build operations Thread 20" [_thread_blocked, id=19032, stack(0x0000006977d00000,0x0000006977e00000)]
  0x000001c0d5c68800 JavaThread "Unconstrained build operations Thread 21" [_thread_blocked, id=18344, stack(0x0000006977e00000,0x0000006977f00000)]
  0x000001c0d5c69000 JavaThread "Unconstrained build operations Thread 22" [_thread_blocked, id=12388, stack(0x0000006977f00000,0x0000006978000000)]
  0x000001c0d5c6b800 JavaThread "Unconstrained build operations Thread 23" [_thread_blocked, id=17812, stack(0x0000006978000000,0x0000006978100000)]
  0x000001c0d5c6a000 JavaThread "Unconstrained build operations Thread 24" [_thread_blocked, id=6428, stack(0x0000006978100000,0x0000006978200000)]
  0x000001c0d5c6b000 JavaThread "Unconstrained build operations Thread 25" [_thread_blocked, id=11600, stack(0x0000006978200000,0x0000006978300000)]
  0x000001c0d51e9000 JavaThread "Unconstrained build operations Thread 26" [_thread_blocked, id=14480, stack(0x0000006978300000,0x0000006978400000)]
  0x000001c0d51eb800 JavaThread "Unconstrained build operations Thread 27" [_thread_blocked, id=2604, stack(0x0000006978400000,0x0000006978500000)]
  0x000001c0d51ec800 JavaThread "Unconstrained build operations Thread 28" [_thread_blocked, id=16164, stack(0x0000006978500000,0x0000006978600000)]
  0x000001c0d51ed000 JavaThread "Unconstrained build operations Thread 29" [_thread_blocked, id=11876, stack(0x0000006978600000,0x0000006978700000)]
  0x000001c0d51ee000 JavaThread "Unconstrained build operations Thread 30" [_thread_blocked, id=7032, stack(0x0000006978700000,0x0000006978800000)]
  0x000001c0d51ea000 JavaThread "Unconstrained build operations Thread 31" [_thread_blocked, id=12084, stack(0x0000006978800000,0x0000006978900000)]
  0x000001c0d51e8800 JavaThread "Unconstrained build operations Thread 32" [_thread_blocked, id=17200, stack(0x0000006978900000,0x0000006978a00000)]
  0x000001c0d51ef000 JavaThread "Unconstrained build operations Thread 33" [_thread_blocked, id=4924, stack(0x0000006978a00000,0x0000006978b00000)]
  0x000001c0d51ef800 JavaThread "jar transforms Thread 8" [_thread_blocked, id=9168, stack(0x0000006978b00000,0x0000006978c00000)]
  0x000001c0d51ea800 JavaThread "build event listener" [_thread_blocked, id=8964, stack(0x0000006978c00000,0x0000006978d00000)]
  0x000001c0d51f6000 JavaThread "Memory manager" [_thread_blocked, id=4736, stack(0x0000006978d00000,0x0000006978e00000)]
  0x000001c0d51f3000 JavaThread "Cache worker for Build Output Cleanup Cache (C:\Users\91799\Desktop\html pro\contact\contact_app\android\.gradle\buildOutputCleanup)" [_thread_blocked, id=5860, stack(0x0000006976400000,0x0000006976500000)]
  0x000001c0d81d3000 JavaThread "C2 CompilerThread2" daemon [_thread_in_native, id=13056, stack(0x0000006978e00000,0x0000006978f00000)]

Other Threads:
  0x000001c0d18ce000 VMThread "VM Thread" [stack: 0x0000006973600000,0x0000006973700000] [id=16612]
  0x000001c0d23e0800 WatcherThread [stack: 0x0000006974000000,0x0000006974100000] [id=10420]
  0x000001c0b2817000 GCTaskThread "GC Thread#0" [stack: 0x0000006973100000,0x0000006973200000] [id=7640]
  0x000001c0d2f06000 GCTaskThread "GC Thread#1" [stack: 0x0000006974300000,0x0000006974400000] [id=4880]
  0x000001c0d29a3000 GCTaskThread "GC Thread#2" [stack: 0x0000006974400000,0x0000006974500000] [id=7404]
  0x000001c0d391c800 GCTaskThread "GC Thread#3" [stack: 0x0000006974d00000,0x0000006974e00000] [id=12396]
  0x000001c0d43b3000 GCTaskThread "GC Thread#4" [stack: 0x0000006974e00000,0x0000006974f00000] [id=17260]
  0x000001c0d4399800 GCTaskThread "GC Thread#5" [stack: 0x0000006974f00000,0x0000006975000000] [id=3944]
  0x000001c0d4df0800 GCTaskThread "GC Thread#6" [stack: 0x0000006975000000,0x0000006975100000] [id=1868]
  0x000001c0d4733800 GCTaskThread "GC Thread#7" [stack: 0x0000006975100000,0x0000006975200000] [id=8076]
  0x000001c0b2849800 ConcurrentGCThread "G1 Main Marker" [stack: 0x0000006973200000,0x0000006973300000] [id=3948]
  0x000001c0b284a800 ConcurrentGCThread "G1 Conc#0" [stack: 0x0000006973300000,0x0000006973400000] [id=9200]
  0x000001c0d4f8a000 ConcurrentGCThread "G1 Conc#1" [stack: 0x0000006975500000,0x0000006975600000] [id=10884]
  0x000001c0d1740800 ConcurrentGCThread "G1 Refine#0" [stack: 0x0000006973400000,0x0000006973500000] [id=12048]
  0x000001c0d1742000 ConcurrentGCThread "G1 Young RemSet Sampling" [stack: 0x0000006973500000,0x0000006973600000] [id=13136]

Threads with active compile tasks:
C2 CompilerThread0    14583 5981 %     4       org.gradle.internal.instantiation.generator.AbstractClassGenerator::inspectType @ 107 (560 bytes)
C1 CompilerThread0    14584 6153       3       org.gradle.api.internal.artifacts.dependencies.DefaultImmutableVersionConstraint::of (50 bytes)
C2 CompilerThread2    14584 6014       4       org.gradle.internal.reflect.ClassInspector::inspectClass (179 bytes)

VM state:not at safepoint (normal execution)

VM Mutex/Monitor currently owned by a thread: None

Heap address: 0x0000000080000000, size: 2048 MB, Compressed Oops mode: 32-bit
Narrow klass base: 0x0000000000000000, Narrow klass shift: 3
Compressed class space size: 528482304 Address: 0x0000000100000000

Heap:
 garbage-first heap   total 129024K, used 45861K [0x0000000080000000, 0x0000000100000000)
  region size 1024K, 7 young (7168K), 6 survivors (6144K)
 Metaspace       used 65709K, capacity 67752K, committed 67796K, reserved 575488K
  class space    used 8614K, capacity 9433K, committed 9472K, reserved 516096K
Heap Regions: E=young(eden), S=young(survivor), O=old, HS=humongous(starts), HC=humongous(continues), CS=collection set, F=free, A=archive, TAMS=top-at-mark-start (previous, next)
|   0|0x0000000080000000, 0x0000000080100000, 0x0000000080100000|100%| O|  |TAMS 0x0000000080100000, 0x0000000080000000| Untracked 
|   1|0x0000000080100000, 0x0000000080200000, 0x0000000080200000|100%| O|  |TAMS 0x0000000080200000, 0x0000000080100000| Untracked 
|   2|0x0000000080200000, 0x0000000080300000, 0x0000000080300000|100%| O|  |TAMS 0x0000000080300000, 0x0000000080200000| Untracked 
|   3|0x0000000080300000, 0x0000000080400000, 0x0000000080400000|100%|HS|  |TAMS 0x0000000080400000, 0x0000000080300000| Complete 
|   4|0x0000000080400000, 0x0000000080500000, 0x0000000080500000|100%|HC|  |TAMS 0x0000000080500000, 0x0000000080400000| Complete 
|   5|0x0000000080500000, 0x0000000080600000, 0x0000000080600000|100%|HC|  |TAMS 0x0000000080600000, 0x0000000080500000| Complete 
|   6|0x0000000080600000, 0x0000000080700000, 0x0000000080700000|100%| O|  |TAMS 0x0000000080700000, 0x0000000080600000| Untracked 
|   7|0x0000000080700000, 0x0000000080800000, 0x0000000080800000|100%| O|  |TAMS 0x0000000080800000, 0x0000000080700000| Untracked 
|   8|0x0000000080800000, 0x0000000080900000, 0x0000000080900000|100%| O|  |TAMS 0x0000000080900000, 0x0000000080800000| Untracked 
|   9|0x0000000080900000, 0x0000000080a00000, 0x0000000080a00000|100%| O|  |TAMS 0x0000000080a00000, 0x0000000080900000| Untracked 
|  10|0x0000000080a00000, 0x0000000080b00000, 0x0000000080b00000|100%| O|  |TAMS 0x0000000080b00000, 0x0000000080a00000| Untracked 
|  11|0x0000000080b00000, 0x0000000080c00000, 0x0000000080c00000|100%| O|  |TAMS 0x0000000080c00000, 0x0000000080b00000| Untracked 
|  12|0x0000000080c00000, 0x0000000080d00000, 0x0000000080d00000|100%| O|  |TAMS 0x0000000080d00000, 0x0000000080c00000| Untracked 
|  13|0x0000000080d00000, 0x0000000080e00000, 0x0000000080e00000|100%| O|  |TAMS 0x0000000080e00000, 0x0000000080d00000| Untracked 
|  14|0x0000000080e00000, 0x0000000080f00000, 0x0000000080f00000|100%| O|  |TAMS 0x0000000080f00000, 0x0000000080e00000| Untracked 
|  15|0x0000000080f00000, 0x0000000081000000, 0x0000000081000000|100%| O|  |TAMS 0x0000000081000000, 0x0000000080f00000| Untracked 
|  16|0x0000000081000000, 0x0000000081100000, 0x0000000081100000|100%| O|  |TAMS 0x0000000081100000, 0x0000000081000000| Untracked 
|  17|0x0000000081100000, 0x0000000081200000, 0x0000000081200000|100%| O|  |TAMS 0x0000000081200000, 0x0000000081100000| Untracked 
|  18|0x0000000081200000, 0x0000000081300000, 0x0000000081300000|100%| O|  |TAMS 0x0000000081300000, 0x0000000081200000| Untracked 
|  19|0x0000000081300000, 0x0000000081400000, 0x0000000081400000|100%| O|  |TAMS 0x0000000081400000, 0x0000000081300000| Untracked 
|  20|0x0000000081400000, 0x0000000081500000, 0x0000000081500000|100%| O|  |TAMS 0x0000000081500000, 0x0000000081400000| Untracked 
|  21|0x0000000081500000, 0x0000000081600000, 0x0000000081600000|100%| O|  |TAMS 0x0000000081600000, 0x0000000081500000| Untracked 
|  22|0x0000000081600000, 0x0000000081700000, 0x0000000081700000|100%| O|  |TAMS 0x0000000081700000, 0x0000000081600000| Untracked 
|  23|0x0000000081700000, 0x0000000081800000, 0x0000000081800000|100%| O|  |TAMS 0x0000000081800000, 0x0000000081700000| Untracked 
|  24|0x0000000081800000, 0x0000000081900000, 0x0000000081900000|100%| O|  |TAMS 0x0000000081900000, 0x0000000081800000| Untracked 
|  25|0x0000000081900000, 0x0000000081a00000, 0x0000000081a00000|100%| O|  |TAMS 0x0000000081a00000, 0x0000000081900000| Untracked 
|  26|0x0000000081a00000, 0x0000000081b00000, 0x0000000081b00000|100%|HS|  |TAMS 0x0000000081b00000, 0x0000000081a00000| Complete 
|  27|0x0000000081b00000, 0x0000000081c00000, 0x0000000081c00000|100%|HS|  |TAMS 0x0000000081c00000, 0x0000000081b00000| Complete 
|  28|0x0000000081c00000, 0x0000000081d00000, 0x0000000081d00000|100%|HC|  |TAMS 0x0000000081d00000, 0x0000000081c00000| Complete 
|  29|0x0000000081d00000, 0x0000000081e00000, 0x0000000081e00000|100%|HC|  |TAMS 0x0000000081e00000, 0x0000000081d00000| Complete 
|  30|0x0000000081e00000, 0x0000000081f00000, 0x0000000081f00000|100%| O|  |TAMS 0x0000000081f00000, 0x0000000081e00000| Untracked 
|  31|0x0000000081f00000, 0x0000000082000000, 0x0000000082000000|100%| O|  |TAMS 0x0000000082000000, 0x0000000081f00000| Untracked 
|  32|0x0000000082000000, 0x0000000082100000, 0x0000000082100000|100%| O|  |TAMS 0x0000000082100000, 0x0000000082000000| Untracked 
|  33|0x0000000082100000, 0x0000000082200000, 0x0000000082200000|100%| O|  |TAMS 0x0000000082200000, 0x0000000082100000| Untracked 
|  34|0x0000000082200000, 0x0000000082300000, 0x0000000082300000|100%| O|  |TAMS 0x00000000822ce200, 0x0000000082200000| Untracked 
|  35|0x0000000082300000, 0x0000000082400000, 0x0000000082400000|100%| O|  |TAMS 0x0000000082300000, 0x0000000082300000| Untracked 
|  36|0x0000000082400000, 0x0000000082500000, 0x0000000082500000|100%| O|  |TAMS 0x0000000082400000, 0x0000000082400000| Untracked 
|  37|0x0000000082500000, 0x0000000082600000, 0x0000000082600000|100%| O|  |TAMS 0x0000000082500000, 0x0000000082500000| Untracked 
|  38|0x0000000082600000, 0x00000000826dda00, 0x0000000082700000| 86%| O|  |TAMS 0x0000000082600000, 0x0000000082600000| Untracked 
|  39|0x0000000082700000, 0x0000000082700000, 0x0000000082800000|  0%| F|  |TAMS 0x0000000082700000, 0x0000000082700000| Untracked 
|  40|0x0000000082800000, 0x0000000082800000, 0x0000000082900000|  0%| F|  |TAMS 0x0000000082800000, 0x0000000082800000| Untracked 
|  41|0x0000000082900000, 0x0000000082900000, 0x0000000082a00000|  0%| F|  |TAMS 0x0000000082900000, 0x0000000082900000| Untracked 
|  42|0x0000000082a00000, 0x0000000082a00000, 0x0000000082b00000|  0%| F|  |TAMS 0x0000000082a00000, 0x0000000082a00000| Untracked 
|  43|0x0000000082b00000, 0x0000000082b00000, 0x0000000082c00000|  0%| F|  |TAMS 0x0000000082b00000, 0x0000000082b00000| Untracked 
|  44|0x0000000082c00000, 0x0000000082c00000, 0x0000000082d00000|  0%| F|  |TAMS 0x0000000082c00000, 0x0000000082c00000| Untracked 
|  45|0x0000000082d00000, 0x0000000082d00000, 0x0000000082e00000|  0%| F|  |TAMS 0x0000000082d00000, 0x0000000082d00000| Untracked 
|  46|0x0000000082e00000, 0x0000000082e00000, 0x0000000082f00000|  0%| F|  |TAMS 0x0000000082e00000, 0x0000000082e00000| Untracked 
|  47|0x0000000082f00000, 0x0000000082f00000, 0x0000000083000000|  0%| F|  |TAMS 0x0000000082f00000, 0x0000000082f00000| Untracked 
|  48|0x0000000083000000, 0x0000000083000000, 0x0000000083100000|  0%| F|  |TAMS 0x0000000083000000, 0x0000000083000000| Untracked 
|  49|0x0000000083100000, 0x0000000083100000, 0x0000000083200000|  0%| F|  |TAMS 0x0000000083100000, 0x0000000083100000| Untracked 
|  50|0x0000000083200000, 0x0000000083200000, 0x0000000083300000|  0%| F|  |TAMS 0x0000000083200000, 0x0000000083200000| Untracked 
|  51|0x0000000083300000, 0x0000000083300000, 0x0000000083400000|  0%| F|  |TAMS 0x0000000083300000, 0x0000000083300000| Untracked 
|  52|0x0000000083400000, 0x0000000083400000, 0x0000000083500000|  0%| F|  |TAMS 0x0000000083400000, 0x0000000083400000| Untracked 
|  53|0x0000000083500000, 0x0000000083500000, 0x0000000083600000|  0%| F|  |TAMS 0x0000000083500000, 0x0000000083500000| Untracked 
|  54|0x0000000083600000, 0x0000000083600000, 0x0000000083700000|  0%| F|  |TAMS 0x0000000083600000, 0x0000000083600000| Untracked 
|  55|0x0000000083700000, 0x0000000083700000, 0x0000000083800000|  0%| F|  |TAMS 0x0000000083700000, 0x0000000083700000| Untracked 
|  56|0x0000000083800000, 0x0000000083800000, 0x0000000083900000|  0%| F|  |TAMS 0x0000000083800000, 0x0000000083800000| Untracked 
|  57|0x0000000083900000, 0x0000000083900000, 0x0000000083a00000|  0%| F|  |TAMS 0x0000000083900000, 0x0000000083900000| Untracked 
|  58|0x0000000083a00000, 0x0000000083a00000, 0x0000000083b00000|  0%| F|  |TAMS 0x0000000083a00000, 0x0000000083a00000| Untracked 
|  59|0x0000000083b00000, 0x0000000083b00000, 0x0000000083c00000|  0%| F|  |TAMS 0x0000000083b00000, 0x0000000083b00000| Untracked 
|  60|0x0000000083c00000, 0x0000000083c00000, 0x0000000083d00000|  0%| F|  |TAMS 0x0000000083c00000, 0x0000000083c00000| Untracked 
|  61|0x0000000083d00000, 0x0000000083d00000, 0x0000000083e00000|  0%| F|  |TAMS 0x0000000083d00000, 0x0000000083d00000| Untracked 
|  62|0x0000000083e00000, 0x0000000083e00000, 0x0000000083f00000|  0%| F|  |TAMS 0x0000000083e00000, 0x0000000083e00000| Untracked 
|  63|0x0000000083f00000, 0x0000000083f00000, 0x0000000084000000|  0%| F|  |TAMS 0x0000000083f00000, 0x0000000083f00000| Untracked 
|  64|0x0000000084000000, 0x00000000840ebd00, 0x0000000084100000| 92%| S|CS|TAMS 0x0000000084000000, 0x0000000084000000| Complete 
|  65|0x0000000084100000, 0x0000000084200000, 0x0000000084200000|100%| S|CS|TAMS 0x0000000084100000, 0x0000000084100000| Complete 
|  66|0x0000000084200000, 0x0000000084300000, 0x0000000084300000|100%| S|CS|TAMS 0x0000000084200000, 0x0000000084200000| Complete 
|  67|0x0000000084300000, 0x0000000084400000, 0x0000000084400000|100%| S|CS|TAMS 0x0000000084300000, 0x0000000084300000| Complete 
|  68|0x0000000084400000, 0x0000000084500000, 0x0000000084500000|100%| S|CS|TAMS 0x0000000084400000, 0x0000000084400000| Complete 
|  69|0x0000000084500000, 0x0000000084600000, 0x0000000084600000|100%| S|CS|TAMS 0x0000000084500000, 0x0000000084500000| Complete 
|  70|0x0000000084600000, 0x0000000084600000, 0x0000000084700000|  0%| F|  |TAMS 0x0000000084600000, 0x0000000084600000| Untracked 
|  71|0x0000000084700000, 0x0000000084700000, 0x0000000084800000|  0%| F|  |TAMS 0x0000000084700000, 0x0000000084700000| Untracked 
|  72|0x0000000084800000, 0x0000000084800000, 0x0000000084900000|  0%| F|  |TAMS 0x0000000084800000, 0x0000000084800000| Untracked 
|  73|0x0000000084900000, 0x0000000084900000, 0x0000000084a00000|  0%| F|  |TAMS 0x0000000084900000, 0x0000000084900000| Untracked 
|  74|0x0000000084a00000, 0x0000000084a00000, 0x0000000084b00000|  0%| F|  |TAMS 0x0000000084a00000, 0x0000000084a00000| Untracked 
|  75|0x0000000084b00000, 0x0000000084b00000, 0x0000000084c00000|  0%| F|  |TAMS 0x0000000084b00000, 0x0000000084b00000| Untracked 
|  76|0x0000000084c00000, 0x0000000084c00000, 0x0000000084d00000|  0%| F|  |TAMS 0x0000000084c00000, 0x0000000084c00000| Untracked 
|  77|0x0000000084d00000, 0x0000000084d00000, 0x0000000084e00000|  0%| F|  |TAMS 0x0000000084d00000, 0x0000000084d00000| Untracked 
|  78|0x0000000084e00000, 0x0000000084e00000, 0x0000000084f00000|  0%| F|  |TAMS 0x0000000084e00000, 0x0000000084e00000| Untracked 
|  79|0x0000000084f00000, 0x0000000084f00000, 0x0000000085000000|  0%| F|  |TAMS 0x0000000084f00000, 0x0000000084f00000| Untracked 
|  80|0x0000000085000000, 0x0000000085000000, 0x0000000085100000|  0%| F|  |TAMS 0x0000000085000000, 0x0000000085000000| Untracked 
|  81|0x0000000085100000, 0x0000000085100000, 0x0000000085200000|  0%| F|  |TAMS 0x0000000085100000, 0x0000000085100000| Untracked 
|  82|0x0000000085200000, 0x0000000085200000, 0x0000000085300000|  0%| F|  |TAMS 0x0000000085200000, 0x0000000085200000| Untracked 
|  83|0x0000000085300000, 0x0000000085300000, 0x0000000085400000|  0%| F|  |TAMS 0x0000000085300000, 0x0000000085300000| Untracked 
|  84|0x0000000085400000, 0x0000000085400000, 0x0000000085500000|  0%| F|  |TAMS 0x0000000085400000, 0x0000000085400000| Untracked 
|  85|0x0000000085500000, 0x0000000085500000, 0x0000000085600000|  0%| F|  |TAMS 0x0000000085500000, 0x0000000085500000| Untracked 
|  86|0x0000000085600000, 0x0000000085600000, 0x0000000085700000|  0%| F|  |TAMS 0x0000000085600000, 0x0000000085600000| Untracked 
|  87|0x0000000085700000, 0x0000000085700000, 0x0000000085800000|  0%| F|  |TAMS 0x0000000085700000, 0x0000000085700000| Untracked 
|  88|0x0000000085800000, 0x0000000085800000, 0x0000000085900000|  0%| F|  |TAMS 0x0000000085800000, 0x0000000085800000| Untracked 
|  89|0x0000000085900000, 0x0000000085900000, 0x0000000085a00000|  0%| F|  |TAMS 0x0000000085900000, 0x0000000085900000| Untracked 
|  90|0x0000000085a00000, 0x0000000085a00000, 0x0000000085b00000|  0%| F|  |TAMS 0x0000000085a00000, 0x0000000085a00000| Untracked 
|  91|0x0000000085b00000, 0x0000000085b00000, 0x0000000085c00000|  0%| F|  |TAMS 0x0000000085b00000, 0x0000000085b00000| Untracked 
|  92|0x0000000085c00000, 0x0000000085c00000, 0x0000000085d00000|  0%| F|  |TAMS 0x0000000085c00000, 0x0000000085c00000| Untracked 
|  93|0x0000000085d00000, 0x0000000085d00000, 0x0000000085e00000|  0%| F|  |TAMS 0x0000000085d00000, 0x0000000085d00000| Untracked 
|  94|0x0000000085e00000, 0x0000000085e00000, 0x0000000085f00000|  0%| F|  |TAMS 0x0000000085e00000, 0x0000000085e00000| Untracked 
|  95|0x0000000085f00000, 0x0000000085f00000, 0x0000000086000000|  0%| F|  |TAMS 0x0000000085f00000, 0x0000000085f00000| Untracked 
|  96|0x0000000086000000, 0x0000000086000000, 0x0000000086100000|  0%| F|  |TAMS 0x0000000086000000, 0x0000000086000000| Untracked 
|  97|0x0000000086100000, 0x0000000086100000, 0x0000000086200000|  0%| F|  |TAMS 0x0000000086100000, 0x0000000086100000| Untracked 
|  98|0x0000000086200000, 0x0000000086200000, 0x0000000086300000|  0%| F|  |TAMS 0x0000000086200000, 0x0000000086200000| Untracked 
|  99|0x0000000086300000, 0x0000000086300000, 0x0000000086400000|  0%| F|  |TAMS 0x0000000086300000, 0x0000000086300000| Untracked 
| 100|0x0000000086400000, 0x0000000086400000, 0x0000000086500000|  0%| F|  |TAMS 0x0000000086400000, 0x0000000086400000| Untracked 
| 101|0x0000000086500000, 0x0000000086500000, 0x0000000086600000|  0%| F|  |TAMS 0x0000000086500000, 0x0000000086500000| Untracked 
| 102|0x0000000086600000, 0x0000000086600000, 0x0000000086700000|  0%| F|  |TAMS 0x0000000086600000, 0x0000000086600000| Untracked 
| 103|0x0000000086700000, 0x0000000086700000, 0x0000000086800000|  0%| F|  |TAMS 0x0000000086700000, 0x0000000086700000| Untracked 
| 104|0x0000000086800000, 0x0000000086800000, 0x0000000086900000|  0%| F|  |TAMS 0x0000000086800000, 0x0000000086800000| Untracked 
| 105|0x0000000086900000, 0x0000000086900000, 0x0000000086a00000|  0%| F|  |TAMS 0x0000000086900000, 0x0000000086900000| Untracked 
| 106|0x0000000086a00000, 0x0000000086a00000, 0x0000000086b00000|  0%| F|  |TAMS 0x0000000086a00000, 0x0000000086a00000| Untracked 
| 107|0x0000000086b00000, 0x0000000086b00000, 0x0000000086c00000|  0%| F|  |TAMS 0x0000000086b00000, 0x0000000086b00000| Untracked 
| 108|0x0000000086c00000, 0x0000000086c00000, 0x0000000086d00000|  0%| F|  |TAMS 0x0000000086c00000, 0x0000000086c00000| Untracked 
| 109|0x0000000086d00000, 0x0000000086d00000, 0x0000000086e00000|  0%| F|  |TAMS 0x0000000086d00000, 0x0000000086d00000| Untracked 
| 110|0x0000000086e00000, 0x0000000086e00000, 0x0000000086f00000|  0%| F|  |TAMS 0x0000000086e00000, 0x0000000086e00000| Untracked 
| 111|0x0000000086f00000, 0x0000000086f00000, 0x0000000087000000|  0%| F|  |TAMS 0x0000000086f00000, 0x0000000086f00000| Untracked 
| 112|0x0000000087000000, 0x0000000087000000, 0x0000000087100000|  0%| F|  |TAMS 0x0000000087000000, 0x0000000087000000| Untracked 
| 113|0x0000000087100000, 0x0000000087100000, 0x0000000087200000|  0%| F|  |TAMS 0x0000000087100000, 0x0000000087100000| Untracked 
| 114|0x0000000087200000, 0x0000000087200000, 0x0000000087300000|  0%| F|  |TAMS 0x0000000087200000, 0x0000000087200000| Untracked 
| 115|0x0000000087300000, 0x0000000087300000, 0x0000000087400000|  0%| F|  |TAMS 0x0000000087300000, 0x0000000087300000| Untracked 
| 116|0x0000000087400000, 0x0000000087400000, 0x0000000087500000|  0%| F|  |TAMS 0x0000000087400000, 0x0000000087400000| Untracked 
| 117|0x0000000087500000, 0x0000000087500000, 0x0000000087600000|  0%| F|  |TAMS 0x0000000087500000, 0x0000000087500000| Untracked 
| 118|0x0000000087600000, 0x0000000087600000, 0x0000000087700000|  0%| F|  |TAMS 0x0000000087600000, 0x0000000087600000| Untracked 
| 119|0x0000000087700000, 0x0000000087700000, 0x0000000087800000|  0%| F|  |TAMS 0x0000000087700000, 0x0000000087700000| Untracked 
| 120|0x0000000087800000, 0x0000000087800000, 0x0000000087900000|  0%| F|  |TAMS 0x0000000087800000, 0x0000000087800000| Untracked 
| 121|0x0000000087900000, 0x0000000087900000, 0x0000000087a00000|  0%| F|  |TAMS 0x0000000087900000, 0x0000000087900000| Untracked 
| 122|0x0000000087a00000, 0x0000000087a00000, 0x0000000087b00000|  0%| F|  |TAMS 0x0000000087a00000, 0x0000000087a00000| Untracked 
| 123|0x0000000087b00000, 0x0000000087b00000, 0x0000000087c00000|  0%| F|  |TAMS 0x0000000087b00000, 0x0000000087b00000| Untracked 
| 124|0x0000000087c00000, 0x0000000087c00000, 0x0000000087d00000|  0%| F|  |TAMS 0x0000000087c00000, 0x0000000087c00000| Untracked 
| 125|0x0000000087d00000, 0x0000000087e00000, 0x0000000087e00000|100%| E|  |TAMS 0x0000000087d00000, 0x0000000087d00000| Complete 

Card table byte_map: [0x000001c0ca690000,0x000001c0caa90000] _byte_map_base: 0x000001c0ca290000

Marking Bits (Prev, Next): (CMBitMap*) 0x000001c0b28408c0, (CMBitMap*) 0x000001c0b2840888
 Prev Bits: [0x000001c0cce90000, 0x000001c0cee90000)
 Next Bits: [0x000001c0cae90000, 0x000001c0cce90000)

Polling page: 0x000001c0b1fc0000

Metaspace:

Usage:
  Non-class:     56.95 MB capacity,    55.76 MB ( 98%) used,  1015.99 KB (  2%) free+waste,   202.81 KB ( <1%) overhead. 
      Class:      9.21 MB capacity,     8.41 MB ( 91%) used,   719.33 KB (  8%) free+waste,    98.75 KB (  1%) overhead. 
       Both:     66.16 MB capacity,    64.17 MB ( 97%) used,     1.69 MB (  3%) free+waste,   301.56 KB ( <1%) overhead. 

Virtual space:
  Non-class space:       58.00 MB reserved,      56.96 MB ( 98%) committed 
      Class space:      504.00 MB reserved,       9.25 MB (  2%) committed 
             Both:      562.00 MB reserved,      66.21 MB ( 12%) committed 

Chunk freelists:
   Non-Class:  5.00 KB
       Class:  7.00 KB
        Both:  12.00 KB

MaxMetaspaceSize: 512.00 MB
CompressedClassSpaceSize: 504.00 MB
Initial GC threshold: 20.80 MB
Current GC threshold: 98.68 MB
CDS: off

CodeHeap 'non-profiled nmethods': size=120000Kb used=3781Kb max_used=3781Kb free=116218Kb
 bounds [0x000001c0c2a30000, 0x000001c0c2df0000, 0x000001c0c9f60000]
CodeHeap 'profiled nmethods': size=120000Kb used=13149Kb max_used=13149Kb free=106850Kb
 bounds [0x000001c0bb500000, 0x000001c0bc1e0000, 0x000001c0c2a30000]
CodeHeap 'non-nmethods': size=5760Kb used=2343Kb max_used=2397Kb free=3416Kb
 bounds [0x000001c0baf60000, 0x000001c0bb1d0000, 0x000001c0bb500000]
 total_blobs=7004 nmethods=6147 adapters=769
 compilation: enabled
              stopped_count=0, restarted_count=0
 full_count=0

Compilation events (20 events):
Event: 14.532 Thread 0x000001c0d1901000 6129       3       org.gradle.cache.internal.DefaultCacheAccess::releaseOwnership (32 bytes)
Event: 14.533 Thread 0x000001c0d1901000 nmethod 6129 0x000001c0bc1c8510 code [0x000001c0bc1c8760, 0x000001c0bc1c8f88]
Event: 14.533 Thread 0x000001c0d1901000 6130       3       org.gradle.cache.internal.cacheops.CacheAccessOperationsStack::popCacheAction (44 bytes)
Event: 14.533 Thread 0x000001c0d1901000 nmethod 6130 0x000001c0bc1c9290 code [0x000001c0bc1c94c0, 0x000001c0bc1c9c38]
Event: 14.535 Thread 0x000001c0d1901000 6131       3       org.gradle.api.internal.artifacts.dependencies.AbstractVersionConstraint::hashCode (36 bytes)
Event: 14.536 Thread 0x000001c0d1901000 nmethod 6131 0x000001c0bc1c9f10 code [0x000001c0bc1ca160, 0x000001c0bc1cac28]
Event: 14.536 Thread 0x000001c0d1901000 6132       3       org.gradle.internal.hash.HashCode::toStringBuilder (67 bytes)
Event: 14.536 Thread 0x000001c0d1901000 nmethod 6132 0x000001c0bc1cae90 code [0x000001c0bc1cb0a0, 0x000001c0bc1cb4e8]
Event: 14.539 Thread 0x000001c0d1901000 6133       1       org.gradle.api.internal.artifacts.ivyservice.ivyresolve.CachingModuleComponentRepository::access$800 (5 bytes)
Event: 14.539 Thread 0x000001c0d1901000 nmethod 6133 0x000001c0c2ddd910 code [0x000001c0c2dddac0, 0x000001c0c2dddb58]
Event: 14.539 Thread 0x000001c0d1901000 6134       1       org.gradle.api.internal.artifacts.ivyservice.modulecache.DefaultCachedMetadata::getMetadata (5 bytes)
Event: 14.539 Thread 0x000001c0d1901000 nmethod 6134 0x000001c0c2dddc10 code [0x000001c0c2ddddc0, 0x000001c0c2ddde78]
Event: 14.546 Thread 0x000001c0d1901000 6135       1       org.gradle.api.internal.artifacts.ivyservice.ivyresolve.CachingModuleComponentRepository::access$400 (5 bytes)
Event: 14.547 Thread 0x000001c0d1901000 nmethod 6135 0x000001c0c2dddf10 code [0x000001c0c2dde0c0, 0x000001c0c2dde158]
Event: 14.547 Thread 0x000001c0d1901000 6136       1       org.gradle.api.internal.artifacts.ivyservice.ivyresolve.ErrorHandlingModuleComponentRepository::getLocalAccess (5 bytes)
Event: 14.547 Thread 0x000001c0d1901000 nmethod 6136 0x000001c0c2dde210 code [0x000001c0c2dde3c0, 0x000001c0c2dde478]
Event: 14.556 Thread 0x000001c0d1901000 6137       3       java.util.Collections$EmptyList::toArray (5 bytes)
Event: 14.556 Thread 0x000001c0d1901000 nmethod 6137 0x000001c0bc1cb790 code [0x000001c0bc1cb940, 0x000001c0bc1cbad8]
Event: 14.556 Thread 0x000001c0d1901000 6138       3       org.gradle.api.internal.artifacts.dependencies.DefaultImmutableVersionConstraint::<init> (152 bytes)
Event: 14.557 Thread 0x000001c0d1901000 nmethod 6138 0x000001c0bc1cbb90 code [0x000001c0bc1cbe60, 0x000001c0bc1ccba8]

GC Heap History (20 events):
Event: 5.897 GC heap before
{Heap before GC invocations=4 (full 0):
 garbage-first heap   total 129024K, used 68517K [0x0000000080000000, 0x0000000100000000)
  region size 1024K, 51 young (52224K), 1 survivors (1024K)
 Metaspace       used 25987K, capacity 26511K, committed 26544K, reserved 540672K
  class space    used 3337K, capacity 3553K, committed 3584K, reserved 516096K
}
Event: 5.900 GC heap after
{Heap after GC invocations=5 (full 0):
 garbage-first heap   total 129024K, used 19102K [0x0000000080000000, 0x0000000100000000)
  region size 1024K, 3 young (3072K), 3 survivors (3072K)
 Metaspace       used 25987K, capacity 26511K, committed 26544K, reserved 540672K
  class space    used 3337K, capacity 3553K, committed 3584K, reserved 516096K
}
Event: 6.695 GC heap before
{Heap before GC invocations=5 (full 0):
 garbage-first heap   total 129024K, used 74398K [0x0000000080000000, 0x0000000100000000)
  region size 1024K, 57 young (58368K), 3 survivors (3072K)
 Metaspace       used 30954K, capacity 31723K, committed 31792K, reserved 544768K
  class space    used 4103K, capacity 4424K, committed 4480K, reserved 516096K
}
Event: 6.698 GC heap after
{Heap after GC invocations=6 (full 0):
 garbage-first heap   total 129024K, used 20683K [0x0000000080000000, 0x0000000100000000)
  region size 1024K, 5 young (5120K), 5 survivors (5120K)
 Metaspace       used 30954K, capacity 31723K, committed 31792K, reserved 544768K
  class space    used 4103K, capacity 4424K, committed 4480K, reserved 516096K
}
Event: 6.980 GC heap before
{Heap before GC invocations=6 (full 0):
 garbage-first heap   total 129024K, used 31947K [0x0000000080000000, 0x0000000100000000)
  region size 1024K, 17 young (17408K), 5 survivors (5120K)
 Metaspace       used 35023K, capacity 35791K, committed 35920K, reserved 548864K
  class space    used 4477K, capacity 4822K, committed 4864K, reserved 516096K
}
Event: 6.988 GC heap after
{Heap after GC invocations=7 (full 0):
 garbage-first heap   total 129024K, used 22555K [0x0000000080000000, 0x0000000100000000)
  region size 1024K, 6 young (6144K), 6 survivors (6144K)
 Metaspace       used 35023K, capacity 35791K, committed 35920K, reserved 548864K
  class space    used 4477K, capacity 4822K, committed 4864K, reserved 516096K
}
Event: 7.768 GC heap before
{Heap before GC invocations=8 (full 0):
 garbage-first heap   total 129024K, used 83995K [0x0000000080000000, 0x0000000100000000)
  region size 1024K, 64 young (65536K), 6 survivors (6144K)
 Metaspace       used 40038K, capacity 41078K, committed 41424K, reserved 552960K
  class space    used 5027K, capacity 5407K, committed 5504K, reserved 516096K
}
Event: 7.775 GC heap after
{Heap after GC invocations=9 (full 0):
 garbage-first heap   total 129024K, used 26854K [0x0000000080000000, 0x0000000100000000)
  region size 1024K, 8 young (8192K), 8 survivors (8192K)
 Metaspace       used 40038K, capacity 41078K, committed 41424K, reserved 552960K
  class space    used 5027K, capacity 5407K, committed 5504K, reserved 516096K
}
Event: 11.735 GC heap before
{Heap before GC invocations=9 (full 0):
 garbage-first heap   total 129024K, used 86246K [0x0000000080000000, 0x0000000100000000)
  region size 1024K, 66 young (67584K), 8 survivors (8192K)
 Metaspace       used 44068K, capacity 45307K, committed 45648K, reserved 557056K
  class space    used 5544K, capacity 6041K, committed 6144K, reserved 516096K
}
Event: 11.742 GC heap after
{Heap after GC invocations=10 (full 0):
 garbage-first heap   total 129024K, used 29859K [0x0000000080000000, 0x0000000100000000)
  region size 1024K, 8 young (8192K), 8 survivors (8192K)
 Metaspace       used 44068K, capacity 45307K, committed 45648K, reserved 557056K
  class space    used 5544K, capacity 6041K, committed 6144K, reserved 516096K
}
Event: 12.307 GC heap before
{Heap before GC invocations=10 (full 0):
 garbage-first heap   total 129024K, used 90275K [0x0000000080000000, 0x0000000100000000)
  region size 1024K, 67 young (68608K), 8 survivors (8192K)
 Metaspace       used 48640K, capacity 49955K, committed 50128K, reserved 561152K
  class space    used 6249K, capacity 6778K, committed 6784K, reserved 516096K
}
Event: 12.313 GC heap after
{Heap after GC invocations=11 (full 0):
 garbage-first heap   total 129024K, used 31583K [0x0000000080000000, 0x0000000100000000)
  region size 1024K, 5 young (5120K), 5 survivors (5120K)
 Metaspace       used 48640K, capacity 49955K, committed 50128K, reserved 561152K
  class space    used 6249K, capacity 6778K, committed 6784K, reserved 516096K
}
Event: 13.029 GC heap before
{Heap before GC invocations=11 (full 0):
 garbage-first heap   total 129024K, used 98143K [0x0000000080000000, 0x0000000100000000)
  region size 1024K, 66 young (67584K), 5 survivors (5120K)
 Metaspace       used 54022K, capacity 55531K, committed 55632K, reserved 565248K
  class space    used 6968K, capacity 7611K, committed 7680K, reserved 516096K
}
Event: 13.033 GC heap after
{Heap after GC invocations=12 (full 0):
 garbage-first heap   total 129024K, used 39914K [0x0000000080000000, 0x0000000100000000)
  region size 1024K, 6 young (6144K), 6 survivors (6144K)
 Metaspace       used 54022K, capacity 55531K, committed 55632K, reserved 565248K
  class space    used 6968K, capacity 7611K, committed 7680K, reserved 516096K
}
Event: 13.491 GC heap before
{Heap before GC invocations=12 (full 0):
 garbage-first heap   total 129024K, used 91114K [0x0000000080000000, 0x0000000100000000)
  region size 1024K, 57 young (58368K), 6 survivors (6144K)
 Metaspace       used 58496K, capacity 60205K, committed 60296K, reserved 569344K
  class space    used 7627K, capacity 8299K, committed 8320K, reserved 516096K
}
Event: 13.498 GC heap after
{Heap after GC invocations=13 (full 0):
 garbage-first heap   total 129024K, used 42022K [0x0000000080000000, 0x0000000100000000)
  region size 1024K, 7 young (7168K), 7 survivors (7168K)
 Metaspace       used 58496K, capacity 60205K, committed 60296K, reserved 569344K
  class space    used 7627K, capacity 8299K, committed 8320K, reserved 516096K
}
Event: 13.782 GC heap before
{Heap before GC invocations=14 (full 0):
 garbage-first heap   total 129024K, used 97318K [0x0000000080000000, 0x0000000100000000)
  region size 1024K, 62 young (63488K), 7 survivors (7168K)
 Metaspace       used 62052K, capacity 63704K, committed 63828K, reserved 571392K
  class space    used 8080K, capacity 8756K, committed 8832K, reserved 516096K
}
Event: 13.786 GC heap after
{Heap after GC invocations=15 (full 0):
 garbage-first heap   total 129024K, used 43232K [0x0000000080000000, 0x0000000100000000)
  region size 1024K, 4 young (4096K), 4 survivors (4096K)
 Metaspace       used 62052K, capacity 63704K, committed 63828K, reserved 571392K
  class space    used 8080K, capacity 8756K, committed 8832K, reserved 516096K
}
Event: 14.549 GC heap before
{Heap before GC invocations=15 (full 0):
 garbage-first heap   total 129024K, used 100576K [0x0000000080000000, 0x0000000100000000)
  region size 1024K, 60 young (61440K), 4 survivors (4096K)
 Metaspace       used 65702K, capacity 67688K, committed 67796K, reserved 575488K
  class space    used 8614K, capacity 9433K, committed 9472K, reserved 516096K
}
Event: 14.555 GC heap after
{Heap after GC invocations=16 (full 0):
 garbage-first heap   total 129024K, used 45861K [0x0000000080000000, 0x0000000100000000)
  region size 1024K, 6 young (6144K), 6 survivors (6144K)
 Metaspace       used 65702K, capacity 67688K, committed 67796K, reserved 575488K
  class space    used 8614K, capacity 9433K, committed 9472K, reserved 516096K
}

Deoptimization events (20 events):
Event: 14.381 Thread 0x000001c0d3b9e000 Uncommon trap: trap_request=0xffffff4d fr.pc=0x000001c0c2d6e29c relative=0x0000000000001bfc
Event: 14.381 Thread 0x000001c0d3b9e000 Uncommon trap: reason=unstable_if action=reinterpret pc=0x000001c0c2d6e29c method=org.objectweb.asm.Type.getArgumentsAndReturnSizes(Ljava/lang/String;)I @ 117 c2
Event: 14.381 Thread 0x000001c0d3b9e000 DEOPT PACKING pc=0x000001c0c2d6e29c sp=0x00000069749f5a30
Event: 14.381 Thread 0x000001c0d3b9e000 DEOPT UNPACKING pc=0x000001c0bafaa1af sp=0x00000069749f58e8 mode 2
Event: 14.381 Thread 0x000001c0d3b9e000 Uncommon trap: trap_request=0xffffff4d fr.pc=0x000001c0c2d03af0 relative=0x00000000000006d0
Event: 14.381 Thread 0x000001c0d3b9e000 Uncommon trap: reason=unstable_if action=reinterpret pc=0x000001c0c2d03af0 method=org.objectweb.asm.Frame.getAbstractTypeFromDescriptor(Lorg/objectweb/asm/SymbolTable;Ljava/lang/String;I)I @ 5 c2
Event: 14.381 Thread 0x000001c0d3b9e000 DEOPT PACKING pc=0x000001c0c2d03af0 sp=0x00000069749f58b0
Event: 14.381 Thread 0x000001c0d3b9e000 DEOPT UNPACKING pc=0x000001c0bafaa1af sp=0x00000069749f5870 mode 2
Event: 14.417 Thread 0x000001c0d41f0800 Uncommon trap: trap_request=0xffffff4d fr.pc=0x000001c0c2a67588 relative=0x0000000000000548
Event: 14.417 Thread 0x000001c0d41f0800 Uncommon trap: reason=unstable_if action=reinterpret pc=0x000001c0c2a67588 method=java.lang.AbstractStringBuilder.append(Ljava/lang/String;)Ljava/lang/AbstractStringBuilder; @ 1 c2
Event: 14.417 Thread 0x000001c0d41f0800 DEOPT PACKING pc=0x000001c0c2a67588 sp=0x00000069742fe600
Event: 14.417 Thread 0x000001c0d41f0800 DEOPT UNPACKING pc=0x000001c0bafaa1af sp=0x00000069742fe590 mode 2
Event: 14.418 Thread 0x000001c0d41f0800 Uncommon trap: trap_request=0xffffff4d fr.pc=0x000001c0c2a68040 relative=0x0000000000000580
Event: 14.418 Thread 0x000001c0d41f0800 Uncommon trap: reason=unstable_if action=reinterpret pc=0x000001c0c2a68040 method=java.lang.AbstractStringBuilder.append(Ljava/lang/String;)Ljava/lang/AbstractStringBuilder; @ 1 c2
Event: 14.418 Thread 0x000001c0d41f0800 DEOPT PACKING pc=0x000001c0c2a68040 sp=0x00000069742fe5b0
Event: 14.418 Thread 0x000001c0d41f0800 DEOPT UNPACKING pc=0x000001c0bafaa1af sp=0x00000069742fe598 mode 2
Event: 14.422 Thread 0x000001c0d3b9e000 Uncommon trap: trap_request=0xffffff4d fr.pc=0x000001c0c2dbd4d0 relative=0x0000000000001710
Event: 14.422 Thread 0x000001c0d3b9e000 Uncommon trap: reason=unstable_if action=reinterpret pc=0x000001c0c2dbd4d0 method=java.util.TreeMap.put(Ljava/lang/Object;Ljava/lang/Object;)Ljava/lang/Object; @ 163 c2
Event: 14.422 Thread 0x000001c0d3b9e000 DEOPT PACKING pc=0x000001c0c2dbd4d0 sp=0x00000069749f4d90
Event: 14.422 Thread 0x000001c0d3b9e000 DEOPT UNPACKING pc=0x000001c0bafaa1af sp=0x00000069749f4d68 mode 2

Classes redefined (0 events):
No events

Internal exceptions (20 events):
Event: 14.134 Thread 0x000001c0d3b9e000 Exception <a 'java/lang/ClassNotFoundException'{0x000000008653b088}: org/gradle/api/internal/initialization/DefaultScriptHandlerCustomizer> (0x000000008653b088) thrown at [s\src\hotspot\share\classfile\systemDictionary.cpp, line 230]
Event: 14.149 Thread 0x000001c0d3b9e000 Exception <a 'java/lang/ClassNotFoundException'{0x000000008618c1f0}: org/gradle/api/internal/artifacts/dsl/DefaultRepositoryHandler_DecoratedBeanInfo> (0x000000008618c1f0) thrown at [s\src\hotspot\share\classfile\systemDictionary.cpp, line 230]
Event: 14.150 Thread 0x000001c0d3b9e000 Exception <a 'java/lang/ClassNotFoundException'{0x00000000861cd0a8}: org/gradle/api/internal/artifacts/dsl/DefaultRepositoryHandlerBeanInfo> (0x00000000861cd0a8) thrown at [s\src\hotspot\share\classfile\systemDictionary.cpp, line 230]
Event: 14.151 Thread 0x000001c0d3b9e000 Exception <a 'java/lang/ClassNotFoundException'{0x00000000860119b0}: org/gradle/api/internal/artifacts/DefaultArtifactRepositoryContainerBeanInfo> (0x00000000860119b0) thrown at [s\src\hotspot\share\classfile\systemDictionary.cpp, line 230]
Event: 14.152 Thread 0x000001c0d3b9e000 Exception <a 'java/lang/ClassNotFoundException'{0x0000000086041158}: org/gradle/api/internal/DefaultNamedDomainObjectListBeanInfo> (0x0000000086041158) thrown at [s\src\hotspot\share\classfile\systemDictionary.cpp, line 230]
Event: 14.153 Thread 0x000001c0d3b9e000 Exception <a 'java/lang/ClassNotFoundException'{0x0000000086071ea0}: org/gradle/api/internal/DefaultNamedDomainObjectCollectionBeanInfo> (0x0000000086071ea0) thrown at [s\src\hotspot\share\classfile\systemDictionary.cpp, line 230]
Event: 14.154 Thread 0x000001c0d3b9e000 Exception <a 'java/lang/ClassNotFoundException'{0x00000000860a1ce0}: org/gradle/api/internal/DefaultDomainObjectCollectionBeanInfo> (0x00000000860a1ce0) thrown at [s\src\hotspot\share\classfile\systemDictionary.cpp, line 230]
Event: 14.154 Thread 0x000001c0d3b9e000 Exception <a 'java/lang/ClassNotFoundException'{0x00000000860d1ed8}: org/gradle/api/internal/DefaultDomainObjectCollectionCustomizer> (0x00000000860d1ed8) thrown at [s\src\hotspot\share\classfile\systemDictionary.cpp, line 230]
Event: 14.156 Thread 0x000001c0d3b9e000 Exception <a 'java/lang/ClassNotFoundException'{0x0000000085f20520}: org/gradle/api/internal/DefaultNamedDomainObjectCollectionCustomizer> (0x0000000085f20520) thrown at [s\src\hotspot\share\classfile\systemDictionary.cpp, line 230]
Event: 14.159 Thread 0x000001c0d3b9e000 Exception <a 'java/lang/ClassNotFoundException'{0x0000000085f757e0}: org/gradle/api/internal/DefaultNamedDomainObjectListCustomizer> (0x0000000085f757e0) thrown at [s\src\hotspot\share\classfile\systemDictionary.cpp, line 230]
Event: 14.161 Thread 0x000001c0d3b9e000 Exception <a 'java/lang/ClassNotFoundException'{0x0000000085fd2c48}: org/gradle/api/internal/artifacts/DefaultArtifactRepositoryContainerCustomizer> (0x0000000085fd2c48) thrown at [s\src\hotspot\share\classfile\systemDictionary.cpp, line 230]
Event: 14.163 Thread 0x000001c0d3b9e000 Exception <a 'java/lang/ClassNotFoundException'{0x0000000085e25178}: org/gradle/api/internal/artifacts/dsl/DefaultRepositoryHandlerCustomizer> (0x0000000085e25178) thrown at [s\src\hotspot\share\classfile\systemDictionary.cpp, line 230]
Event: 14.165 Thread 0x000001c0d3b9e000 Exception <a 'java/lang/ClassNotFoundException'{0x0000000085e8a6f0}: org/gradle/api/internal/artifacts/dsl/DefaultRepositoryHandler_DecoratedCustomizer> (0x0000000085e8a6f0) thrown at [s\src\hotspot\share\classfile\systemDictionary.cpp, line 230]
Event: 14.179 Thread 0x000001c0d3b9e000 Exception <a 'java/lang/ClassNotFoundException'{0x0000000085d671c8}: org/gradle/api/internal/artifacts/dsl/dependencies/DefaultDependencyHandler_DecoratedBeanInfo> (0x0000000085d671c8) thrown at [s\src\hotspot\share\classfile\systemDictionary.cpp, line 230]
Event: 14.180 Thread 0x000001c0d3b9e000 Exception <a 'java/lang/ClassNotFoundException'{0x0000000085dad660}: org/gradle/api/internal/artifacts/dsl/dependencies/DefaultDependencyHandlerBeanInfo> (0x0000000085dad660) thrown at [s\src\hotspot\share\classfile\systemDictionary.cpp, line 230]
Event: 14.181 Thread 0x000001c0d3b9e000 Exception <a 'java/lang/ClassNotFoundException'{0x0000000085df3a68}: org/gradle/api/internal/artifacts/dsl/dependencies/DefaultDependencyHandlerCustomizer> (0x0000000085df3a68) thrown at [s\src\hotspot\share\classfile\systemDictionary.cpp, line 230]
Event: 14.183 Thread 0x000001c0d3b9e000 Exception <a 'java/lang/ClassNotFoundException'{0x0000000085c65000}: org/gradle/api/internal/artifacts/dsl/dependencies/DefaultDependencyHandler_DecoratedCustomizer> (0x0000000085c65000) thrown at [s\src\hotspot\share\classfile\systemDictionary.cpp, line 230]
Event: 14.265 Thread 0x000001c0d3b9e000 Exception <a 'java/lang/NoSuchMethodError'{0x00000000856f03d0}: 'java.lang.Object java.lang.invoke.Invokers$Holder.linkToTargetMethod(java.lang.Object, int, java.lang.Object)'> (0x00000000856f03d0) thrown at [s\src\hotspot\share\interpreter\linkResolver.cpp, line 773]
Event: 14.417 Thread 0x000001c0d41f0800 Implicit null exception at 0x000001c0c2a67077 to 0x000001c0c2a67570
Event: 14.418 Thread 0x000001c0d41f0800 Implicit null exception at 0x000001c0c2a67af4 to 0x000001c0c2a68028

Events (20 events):
Event: 14.480 loading class kotlin/text/StringsKt__StringsKt$splitToSequence$1 done
Event: 14.480 loading class kotlin/text/StringsKt__IndentKt$prependIndent$1
Event: 14.480 loading class kotlin/text/StringsKt__IndentKt$prependIndent$1 done
Event: 14.482 loading class kotlin/text/DelimitedRangesSequence$iterator$1
Event: 14.482 loading class kotlin/text/DelimitedRangesSequence$iterator$1 done
Event: 14.483 loading class org/gradle/api/artifacts/ExternalDependency
Event: 14.483 loading class org/gradle/api/artifacts/ExternalDependency done
Event: 14.484 loading class org/gradle/api/internal/artifacts/ivyservice/moduleconverter/dependencies/DefaultLocalConfigurationMetadataBuilder$DefaultLocalFileDependencyMetadata
Event: 14.484 loading class org/gradle/api/internal/artifacts/ivyservice/moduleconverter/dependencies/DefaultLocalConfigurationMetadataBuilder$DefaultLocalFileDependencyMetadata done
Event: 14.487 loading class org/gradle/api/artifacts/ModuleDependency
Event: 14.487 loading class org/gradle/api/artifacts/ModuleDependency done
Event: 14.494 loading class org/gradle/api/attributes/CompatibilityCheckDetails
Event: 14.494 loading class org/gradle/api/attributes/CompatibilityCheckDetails done
Event: 14.495 loading class org/jetbrains/kotlin/gradle/plugin/mpp/KotlinUsages$KotlinMetadataCompatibility
Event: 14.495 loading class org/jetbrains/kotlin/gradle/plugin/mpp/KotlinUsages$KotlinMetadataCompatibility done
Event: 14.496 loading class org/gradle/internal/component/model/DefaultSelectedByVariantMatchingLocalConfigurationMetadata
Event: 14.496 loading class org/gradle/internal/component/model/DefaultSelectedByVariantMatchingLocalConfigurationMetadata done
Event: 14.503 Thread 0x000001c0d81d3000 Thread added: 0x000001c0d81d3000
Event: 14.548 Executing VM operation: G1CollectForAllocation
Event: 14.555 Executing VM operation: G1CollectForAllocation done


Dynamic libraries:
0x00007ff7c0d10000 - 0x00007ff7c0d1e000 	C:\Program Files\Eclipse Adoptium\jdk-11.0.19.7-hotspot\bin\java.exe
0x00007ff95bf10000 - 0x00007ff95c124000 	C:\WINDOWS\SYSTEM32\ntdll.dll
0x00007ff95afe0000 - 0x00007ff95b0a3000 	C:\WINDOWS\System32\KERNEL32.DLL
0x00007ff959960000 - 0x00007ff959cfd000 	C:\WINDOWS\System32\KERNELBASE.dll
0x00007ff959700000 - 0x00007ff959811000 	C:\WINDOWS\System32\ucrtbase.dll
0x00007ff948fa0000 - 0x00007ff948fb8000 	C:\Program Files\Eclipse Adoptium\jdk-11.0.19.7-hotspot\bin\jli.dll
0x00007ff947fe0000 - 0x00007ff947ff9000 	C:\Program Files\Eclipse Adoptium\jdk-11.0.19.7-hotspot\bin\VCRUNTIME140.dll
0x00007ff95bcb0000 - 0x00007ff95be5d000 	C:\WINDOWS\System32\USER32.dll
0x00007ff945fd0000 - 0x00007ff94625e000 	C:\WINDOWS\WinSxS\amd64_microsoft.windows.common-controls_6595b64144ccf1df_6.0.22621.608_none_a9444ca7c10bb01d\COMCTL32.dll
0x00007ff959820000 - 0x00007ff959846000 	C:\WINDOWS\System32\win32u.dll
0x00007ff95a430000 - 0x00007ff95a4d7000 	C:\WINDOWS\System32\msvcrt.dll
0x00007ff959ea0000 - 0x00007ff959ec9000 	C:\WINDOWS\System32\GDI32.dll
0x00007ff9595e0000 - 0x00007ff9596f2000 	C:\WINDOWS\System32\gdi32full.dll
0x00007ff9598c0000 - 0x00007ff95995a000 	C:\WINDOWS\System32\msvcp_win.dll
0x00007ff95ade0000 - 0x00007ff95ae12000 	C:\WINDOWS\System32\IMM32.DLL
0x00007ff952590000 - 0x00007ff95259c000 	C:\Program Files\Eclipse Adoptium\jdk-11.0.19.7-hotspot\bin\vcruntime140_1.dll
0x00007ff920db0000 - 0x00007ff920e41000 	C:\Program Files\Eclipse Adoptium\jdk-11.0.19.7-hotspot\bin\msvcp140.dll
0x00007ff90d200000 - 0x00007ff90ddbc000 	C:\Program Files\Eclipse Adoptium\jdk-11.0.19.7-hotspot\bin\server\jvm.dll
0x00007ff95b4d0000 - 0x00007ff95b57e000 	C:\WINDOWS\System32\ADVAPI32.dll
0x00007ff959ed0000 - 0x00007ff959f74000 	C:\WINDOWS\System32\sechost.dll
0x00007ff95b350000 - 0x00007ff95b465000 	C:\WINDOWS\System32\RPCRT4.dll
0x00007ff95a420000 - 0x00007ff95a428000 	C:\WINDOWS\System32\PSAPI.DLL
0x00007ff951f50000 - 0x00007ff951f84000 	C:\WINDOWS\SYSTEM32\WINMM.dll
0x00007ff948f40000 - 0x00007ff948f49000 	C:\WINDOWS\SYSTEM32\WSOCK32.dll
0x00007ff952200000 - 0x00007ff95220a000 	C:\WINDOWS\SYSTEM32\VERSION.dll
0x00007ff95a4e0000 - 0x00007ff95a551000 	C:\WINDOWS\System32\WS2_32.dll
0x00007ff958440000 - 0x00007ff958458000 	C:\WINDOWS\SYSTEM32\kernel.appcore.dll
0x00007ff9498d0000 - 0x00007ff9498e0000 	C:\Program Files\Eclipse Adoptium\jdk-11.0.19.7-hotspot\bin\verify.dll
0x00007ff956ce0000 - 0x00007ff956f0e000 	C:\WINDOWS\SYSTEM32\DBGHELP.DLL
0x00007ff95b5e0000 - 0x00007ff95b96a000 	C:\WINDOWS\System32\combase.dll
0x00007ff959d00000 - 0x00007ff959dd7000 	C:\WINDOWS\System32\OLEAUT32.dll
0x00007ff9393e0000 - 0x00007ff939412000 	C:\WINDOWS\SYSTEM32\dbgcore.DLL
0x00007ff959330000 - 0x00007ff9593ab000 	C:\WINDOWS\System32\bcryptPrimitives.dll
0x00007ff9413a0000 - 0x00007ff9413c8000 	C:\Program Files\Eclipse Adoptium\jdk-11.0.19.7-hotspot\bin\java.dll
0x00007ff9497b0000 - 0x00007ff9497ba000 	C:\Program Files\Eclipse Adoptium\jdk-11.0.19.7-hotspot\bin\jimage.dll
0x00007ff9466f0000 - 0x00007ff946708000 	C:\Program Files\Eclipse Adoptium\jdk-11.0.19.7-hotspot\bin\zip.dll
0x00007ff95a5e0000 - 0x00007ff95adcf000 	C:\WINDOWS\System32\SHELL32.dll
0x00007ff957320000 - 0x00007ff957be8000 	C:\WINDOWS\SYSTEM32\windows.storage.dll
0x00007ff9571e0000 - 0x00007ff95731e000 	C:\WINDOWS\SYSTEM32\wintypes.dll
0x00007ff95b970000 - 0x00007ff95ba61000 	C:\WINDOWS\System32\SHCORE.dll
0x00007ff95b470000 - 0x00007ff95b4ce000 	C:\WINDOWS\System32\shlwapi.dll
0x00007ff959260000 - 0x00007ff959281000 	C:\WINDOWS\SYSTEM32\profapi.dll
0x00007ff945dd0000 - 0x00007ff945de9000 	C:\Program Files\Eclipse Adoptium\jdk-11.0.19.7-hotspot\bin\net.dll
0x00007ff951b90000 - 0x00007ff951cbf000 	C:\WINDOWS\SYSTEM32\WINHTTP.dll
0x00007ff9588a0000 - 0x00007ff958909000 	C:\WINDOWS\system32\mswsock.dll
0x00007ff944100000 - 0x00007ff944113000 	C:\Program Files\Eclipse Adoptium\jdk-11.0.19.7-hotspot\bin\nio.dll
0x00007ff91c170000 - 0x00007ff91c197000 	C:\Users\91799\.gradle\native\e1d6ef7f7dcc3fd88c89a11ec53ec762bb8ba0a96d01ffa2cd45eb1d1d8dd5c5\windows-amd64\native-platform.dll
0x00007ff8da1c0000 - 0x00007ff8da304000 	C:\Users\91799\.gradle\native\0d407fdbe67a94daf76414ababcb853783967236a71b16ec16e742cd7a986fd3\windows-amd64\native-platform-file-events.dll
0x00007ff948f60000 - 0x00007ff948f69000 	C:\Program Files\Eclipse Adoptium\jdk-11.0.19.7-hotspot\bin\management.dll
0x00007ff9489f0000 - 0x00007ff9489fb000 	C:\Program Files\Eclipse Adoptium\jdk-11.0.19.7-hotspot\bin\management_ext.dll
0x00007ff958b20000 - 0x00007ff958b3b000 	C:\WINDOWS\SYSTEM32\CRYPTSP.dll
0x00007ff9583b0000 - 0x00007ff9583e5000 	C:\WINDOWS\system32\rsaenh.dll
0x00007ff958980000 - 0x00007ff9589a8000 	C:\WINDOWS\SYSTEM32\USERENV.dll
0x00007ff958cd0000 - 0x00007ff958cf8000 	C:\WINDOWS\SYSTEM32\bcrypt.dll
0x00007ff958b10000 - 0x00007ff958b1c000 	C:\WINDOWS\SYSTEM32\CRYPTBASE.dll
0x00007ff957eb0000 - 0x00007ff957edd000 	C:\WINDOWS\SYSTEM32\IPHLPAPI.DLL
0x00007ff95a560000 - 0x00007ff95a569000 	C:\WINDOWS\System32\NSI.dll
0x00007ff951730000 - 0x00007ff951749000 	C:\WINDOWS\SYSTEM32\dhcpcsvc6.DLL
0x00007ff9516f0000 - 0x00007ff95170f000 	C:\WINDOWS\SYSTEM32\dhcpcsvc.DLL
0x00007ff957f20000 - 0x00007ff958012000 	C:\WINDOWS\SYSTEM32\DNSAPI.dll

dbghelp: loaded successfully - version: 4.0.5 - missing functions: none
symbol engine: initialized successfully - sym options: 0x614 - pdb path: .;C:\Program Files\Eclipse Adoptium\jdk-11.0.19.7-hotspot\bin;C:\WINDOWS\SYSTEM32;C:\WINDOWS\WinSxS\amd64_microsoft.windows.common-controls_6595b64144ccf1df_6.0.22621.608_none_a9444ca7c10bb01d;C:\Program Files\Eclipse Adoptium\jdk-11.0.19.7-hotspot\bin\server;C:\Users\91799\.gradle\native\e1d6ef7f7dcc3fd88c89a11ec53ec762bb8ba0a96d01ffa2cd45eb1d1d8dd5c5\windows-amd64;C:\Users\91799\.gradle\native\0d407fdbe67a94daf76414ababcb853783967236a71b16ec16e742cd7a986fd3\windows-amd64

VM Arguments:
jvm_args: -XX:MaxMetaspaceSize=512m --add-opens=java.base/java.util=ALL-UNNAMED --add-opens=java.base/java.lang=ALL-UNNAMED --add-opens=java.base/java.lang.invoke=ALL-UNNAMED --add-opens=java.base/java.util=ALL-UNNAMED --add-opens=java.prefs/java.util.prefs=ALL-UNNAMED --add-opens=java.prefs/java.util.prefs=ALL-UNNAMED --add-opens=java.base/java.nio.charset=ALL-UNNAMED --add-opens=java.base/java.net=ALL-UNNAMED --add-opens=java.base/java.util.concurrent.atomic=ALL-UNNAMED -Xmx2048m -Dfile.encoding=windows-1252 -Duser.country=US -Duser.language=en -Duser.variant 
java_command: org.gradle.launcher.daemon.bootstrap.GradleDaemon 7.5.1
java_class_path (initial): C:\Users\91799\.gradle\wrapper\dists\gradle-7.5.1-all\1ehga6e77gqps5uk2kc5kf1vc\gradle-7.5.1\lib\gradle-launcher-7.5.1.jar
Launcher Type: SUN_STANDARD

[Global flags]
     intx CICompilerCount                          = 4                                         {product} {ergonomic}
   size_t CompressedClassSpaceSize                 = 528482304                                 {product} {ergonomic}
     uint ConcGCThreads                            = 2                                         {product} {ergonomic}
     uint G1ConcRefinementThreads                  = 8                                         {product} {ergonomic}
   size_t G1HeapRegionSize                         = 1048576                                   {product} {ergonomic}
    uintx GCDrainStackTargetSize                   = 64                                        {product} {ergonomic}
   size_t InitialHeapSize                          = 132120576                                 {product} {ergonomic}
   size_t MarkStackSize                            = 4194304                                   {product} {ergonomic}
   size_t MaxHeapSize                              = 2147483648                                {product} {command line}
   size_t MaxMetaspaceSize                         = 536870912                                 {product} {command line}
   size_t MaxNewSize                               = 1287651328                                {product} {ergonomic}
   size_t MinHeapDeltaBytes                        = 1048576                                   {product} {ergonomic}
    uintx NonNMethodCodeHeapSize                   = 5836300                                {pd product} {ergonomic}
    uintx NonProfiledCodeHeapSize                  = 122910970                              {pd product} {ergonomic}
    uintx ProfiledCodeHeapSize                     = 122910970                              {pd product} {ergonomic}
    uintx ReservedCodeCacheSize                    = 251658240                              {pd product} {ergonomic}
     bool SegmentedCodeCache                       = true                                      {product} {ergonomic}
     bool UseCompressedClassPointers               = true                                 {lp64_product} {ergonomic}
     bool UseCompressedOops                        = true                                 {lp64_product} {ergonomic}
     bool UseG1GC                                  = true                                      {product} {ergonomic}
     bool UseLargePagesIndividualAllocation        = false                                  {pd product} {ergonomic}

Logging:
Log output configuration:
 #0: stdout all=warning uptime,level,tags
 #1: stderr all=off uptime,level,tags

Environment Variables:
CLASSPATH=C:\Users\91799\Desktop\html pro\contact\contact_app\android\\gradle\wrapper\gradle-wrapper.jar
PATH=C:\Users\91799\Desktop\html pro\contact\contact_app\android\node_modules\.bin;C:\Users\91799\Desktop\html pro\contact\contact_app\node_modules\.bin;C:\Users\91799\Desktop\html pro\contact\node_modules\.bin;C:\Users\91799\Desktop\html pro\node_modules\.bin;C:\Users\91799\Desktop\node_modules\.bin;C:\Users\91799\node_modules\.bin;C:\Users\node_modules\.bin;C:\node_modules\.bin;C:\Program Files\nodejs;C:\Users\91799\Desktop\html pro\contact\contact_app\node_modules\.bin;C:\Users\91799\Desktop\html pro\contact\node_modules\.bin;C:\Users\91799\Desktop\html pro\node_modules\.bin;C:\Users\91799\Desktop\node_modules\.bin;C:\Users\91799\node_modules\.bin;C:\Users\node_modules\.bin;C:\node_modules\.bin;C:\Program Files\nodejs\node_modules\npm\node_modules\@npmcli\run-script\lib\node-gyp-bin;C:\Users\91799\AndroidStudioProjects\bin\cache\dart-sdk\bin\;C:\Program Files\Eclipse Adoptium\jdk-11.0.19.7-hotspot\bin;C:\Program Files (x86)\VMware\VMware Workstation\bin\;C:\Program Files\Common Files\Oracle\Java\javapath;C:\Program Files (x86)\Common Files\Oracle\Java\javapath;C:\Program Files\Microsoft\jdk-11.0.12.7-hotspot\bin;C:\Windows\system32;C:\Windows;C:\Windows\System32\Wbem;C:\Windows\System32\WindowsPowerShell\v1.0\;C:\Windows\System32\OpenSSH\;C:\Program Files (x86)\NVIDIA Corporation\PhysX\Common;C:\Program Files\NVIDIA Corporation\NVIDIA NvDLISR;C:\WINDOWS\system32;C:\WINDOWS;C:\WINDOWS\System32\Wbem;C:\WINDOWS\System32\WindowsPowerShell\v1.0\;C:\WINDOWS\System32\OpenSSH\;C:\Program Files\Java\jdk1.8.0_202\bin;C:\Users\91799\AppData\Local\Programs\Python\Python310\Scripts\;C:\Users\91799\AppData\Local\Programs\Python\Python310\;C:\MinGW\bin;C:\Users\91799\AndroidStudioProjects\bin;C:\Users\91799\AndroidStudioProjects\flutter\bin;C:\Users\91799;C:\Program Files\dotnet\;C:\WINDOWS\system32;C:\WINDOWS;C:\WINDOWS\System32\Wbem;C:\WINDOWS\System32\WindowsPowerShell\v1.0\;C:\WINDOWS\System32\OpenSSH\;C:\Program Files\Git\cmd;C:\Program Files\Java\jdk-19;C:\Program Files\Java
USERNAME=Sidharth
LANG=en_US.UTF-8
OS=Windows_NT
PROCESSOR_IDENTIFIER=Intel64 Family 6 Model 165 Stepping 2, GenuineIntel
TMP=C:\Users\91799\AppData\Local\Temp
TEMP=C:\Users\91799\AppData\Local\Temp



---------------  S Y S T E M  ---------------

OS: Windows 11 , 64 bit Build 22621 (10.0.22621.963)
OS uptime: 0 days 16:31 hours
Hyper-V role detected

CPU:total 8 (initial active 8) (4 cores per cpu, 2 threads per core) family 6 model 165 stepping 2 microcode 0xe0, cmov, cx8, fxsr, mmx, sse, sse2, sse3, ssse3, sse4.1, sse4.2, popcnt, avx, avx2, aes, clmul, erms, 3dnowpref, lzcnt, ht, tsc, tscinvbit, bmi1, bmi2, adx, fma

Memory: 4k page, system-wide physical 8029M (1314M free)
TotalPageFile size 13029M (AvailPageFile size 0M)
current process WorkingSet (physical memory assigned to process): 337M, peak: 338M
current process commit charge ("private bytes"): 381M, peak: 382M

vm_info: OpenJDK 64-Bit Server VM (11.0.19+7) for windows-amd64 JRE (11.0.19+7), built on Apr 18 2023 23:12:18 by "" with MS VC++ 16.7 (VS2019)

END.
