#
# There is insufficient memory for the Java Runtime Environment to continue.
# Native memory allocation (mmap) failed to map 132120576 bytes for Failed to commit area from 0x0000000082800000 to 0x000000008a600000 of length 132120576.
# Possible reasons:
#   The system is out of physical RAM or swap space
#   The process is running with CompressedOops enabled, and the Java Heap may be blocking the growth of the native heap
# Possible solutions:
#   Reduce memory load on the system
#   Increase physical memory or swap space
#   Check if swap backing store is full
#   Decrease Java heap size (-Xmx/-Xms)
#   Decrease number of Java threads
#   Decrease Java thread stack sizes (-Xss)
#   Set larger code cache with -XX:ReservedCodeCacheSize=
# This output file may be truncated or incomplete.
#
#  Out of Memory Error (os_windows.cpp:3386), pid=15424, tid=13396
#
# JRE version:  (11.0.19+7) (build )
# Java VM: OpenJDK 64-Bit Server VM (11.0.19+7, mixed mode, sharing, tiered, compressed oops, g1 gc, windows-amd64)
# No core dump will be written. Minidumps are not enabled by default on client versions of Windows
#

---------------  S U M M A R Y ------------

Command Line: 

Host: Intel(R) Core(TM) i5-10300H CPU @ 2.50GHz, 8 cores, 7G,  Windows 11 , 64 bit Build 22621 (10.0.22621.963)
Time: Sun Jun  4 14:37:25 2023 India Standard Time elapsed time: 0.012709 seconds (0d 0h 0m 0s)

---------------  T H R E A D  ---------------

Current thread (0x00000236221a9000):  JavaThread "Unknown thread" [_thread_in_vm, id=13396, stack(0x000000e188c00000,0x000000e188d00000)]

Stack: [0x000000e188c00000,0x000000e188d00000]
Native frames: (J=compiled Java code, j=interpreted, Vv=VM code, C=native code)
V  [jvm.dll+0x64fb5a]
V  [jvm.dll+0x7e3549]
V  [jvm.dll+0x7e4c49]
V  [jvm.dll+0x7e5333]
V  [jvm.dll+0x26afd5]
V  [jvm.dll+0x64cd79]
V  [jvm.dll+0x6412d5]
V  [jvm.dll+0x3270bc]
V  [jvm.dll+0x326f42]
V  [jvm.dll+0x32bb36]
V  [jvm.dll+0x373d82]
V  [jvm.dll+0x3737d0]
V  [jvm.dll+0x3027a8]
V  [jvm.dll+0x3038a5]
V  [jvm.dll+0x7bc6f7]
V  [jvm.dll+0x7bdebf]
V  [jvm.dll+0x381169]
V  [jvm.dll+0x79ea5f]
V  [jvm.dll+0x3f2697]
V  [jvm.dll+0x3f4b81]
C  [jli.dll+0x52eb]
C  [ucrtbase.dll+0x29363]
C  [KERNEL32.DLL+0x126bd]
C  [ntdll.dll+0x5dfb8]


---------------  P R O C E S S  ---------------

Threads class SMR info:
_java_thread_list=0x000002361fea7eb0, length=0, elements={
}

Java Threads: ( => current thread )

Other Threads:
  0x00000236221c3800 GCTaskThread "GC Thread#0" [stack: 0x000000e188d00000,0x000000e188e00000] [id=19124]
  0x00000236221f5800 ConcurrentGCThread "G1 Main Marker" [stack: 0x000000e188e00000,0x000000e188f00000] [id=18712]
  0x00000236221f7000 ConcurrentGCThread "G1 Conc#0" [stack: 0x000000e188f00000,0x000000e189000000] [id=13464]

[error occurred during error reporting (printing all threads), id 0xc0000005, EXCEPTION_ACCESS_VIOLATION (0xc0000005) at pc=0x00007ff90d513247]

VM state:not at safepoint (not fully initialized)

VM Mutex/Monitor currently owned by a thread:  ([mutex/lock_event])
[0x00000236221a54d0] Heap_lock - owner thread: 0x00000236221a9000

Heap address: 0x0000000082800000, size: 2008 MB, Compressed Oops mode: Non-zero based: 0x0000000082800000
Narrow klass base: 0x0000000000000000, Narrow klass shift: 0

GC Heap History (0 events):
No events

Deoptimization events (0 events):
No events

Classes redefined (0 events):
No events

Internal exceptions (0 events):
No events

Events (1 events):
Event: 0.007 Loaded shared library C:\Program Files\Eclipse Adoptium\jdk-11.0.19.7-hotspot\bin\zip.dll


Dynamic libraries:
0x00007ff7c0d10000 - 0x00007ff7c0d1e000 	C:\Program Files\Eclipse Adoptium\jdk-11.0.19.7-hotspot\bin\java.exe
0x00007ff95bf10000 - 0x00007ff95c124000 	C:\WINDOWS\SYSTEM32\ntdll.dll
0x00007ff95afe0000 - 0x00007ff95b0a3000 	C:\WINDOWS\System32\KERNEL32.DLL
0x00007ff959960000 - 0x00007ff959cfd000 	C:\WINDOWS\System32\KERNELBASE.dll
0x00007ff959700000 - 0x00007ff959811000 	C:\WINDOWS\System32\ucrtbase.dll
0x00007ff947fe0000 - 0x00007ff947ff9000 	C:\Program Files\Eclipse Adoptium\jdk-11.0.19.7-hotspot\bin\VCRUNTIME140.dll
0x00007ff948fa0000 - 0x00007ff948fb8000 	C:\Program Files\Eclipse Adoptium\jdk-11.0.19.7-hotspot\bin\jli.dll
0x00007ff95bcb0000 - 0x00007ff95be5d000 	C:\WINDOWS\System32\USER32.dll
0x00007ff945fd0000 - 0x00007ff94625e000 	C:\WINDOWS\WinSxS\amd64_microsoft.windows.common-controls_6595b64144ccf1df_6.0.22621.608_none_a9444ca7c10bb01d\COMCTL32.dll
0x00007ff959820000 - 0x00007ff959846000 	C:\WINDOWS\System32\win32u.dll
0x00007ff95a430000 - 0x00007ff95a4d7000 	C:\WINDOWS\System32\msvcrt.dll
0x00007ff959ea0000 - 0x00007ff959ec9000 	C:\WINDOWS\System32\GDI32.dll
0x00007ff9595e0000 - 0x00007ff9596f2000 	C:\WINDOWS\System32\gdi32full.dll
0x00007ff9598c0000 - 0x00007ff95995a000 	C:\WINDOWS\System32\msvcp_win.dll
0x00007ff95ade0000 - 0x00007ff95ae12000 	C:\WINDOWS\System32\IMM32.DLL
0x00007ff952590000 - 0x00007ff95259c000 	C:\Program Files\Eclipse Adoptium\jdk-11.0.19.7-hotspot\bin\vcruntime140_1.dll
0x00007ff920db0000 - 0x00007ff920e41000 	C:\Program Files\Eclipse Adoptium\jdk-11.0.19.7-hotspot\bin\msvcp140.dll
0x00007ff90d200000 - 0x00007ff90ddbc000 	C:\Program Files\Eclipse Adoptium\jdk-11.0.19.7-hotspot\bin\server\jvm.dll
0x00007ff95b4d0000 - 0x00007ff95b57e000 	C:\WINDOWS\System32\ADVAPI32.dll
0x00007ff959ed0000 - 0x00007ff959f74000 	C:\WINDOWS\System32\sechost.dll
0x00007ff95b350000 - 0x00007ff95b465000 	C:\WINDOWS\System32\RPCRT4.dll
0x00007ff95a420000 - 0x00007ff95a428000 	C:\WINDOWS\System32\PSAPI.DLL
0x00007ff948f40000 - 0x00007ff948f49000 	C:\WINDOWS\SYSTEM32\WSOCK32.dll
0x00007ff951f50000 - 0x00007ff951f84000 	C:\WINDOWS\SYSTEM32\WINMM.dll
0x00007ff952200000 - 0x00007ff95220a000 	C:\WINDOWS\SYSTEM32\VERSION.dll
0x00007ff95a4e0000 - 0x00007ff95a551000 	C:\WINDOWS\System32\WS2_32.dll
0x00007ff958440000 - 0x00007ff958458000 	C:\WINDOWS\SYSTEM32\kernel.appcore.dll
0x00007ff9498d0000 - 0x00007ff9498e0000 	C:\Program Files\Eclipse Adoptium\jdk-11.0.19.7-hotspot\bin\verify.dll
0x00007ff956ce0000 - 0x00007ff956f0e000 	C:\WINDOWS\SYSTEM32\DBGHELP.DLL
0x00007ff95b5e0000 - 0x00007ff95b96a000 	C:\WINDOWS\System32\combase.dll
0x00007ff959d00000 - 0x00007ff959dd7000 	C:\WINDOWS\System32\OLEAUT32.dll
0x00007ff9393e0000 - 0x00007ff939412000 	C:\WINDOWS\SYSTEM32\dbgcore.DLL
0x00007ff959330000 - 0x00007ff9593ab000 	C:\WINDOWS\System32\bcryptPrimitives.dll
0x00007ff9413a0000 - 0x00007ff9413c8000 	C:\Program Files\Eclipse Adoptium\jdk-11.0.19.7-hotspot\bin\java.dll
0x00007ff9497b0000 - 0x00007ff9497ba000 	C:\Program Files\Eclipse Adoptium\jdk-11.0.19.7-hotspot\bin\jimage.dll
0x00007ff9466f0000 - 0x00007ff946708000 	C:\Program Files\Eclipse Adoptium\jdk-11.0.19.7-hotspot\bin\zip.dll

dbghelp: loaded successfully - version: 4.0.5 - missing functions: none
symbol engine: initialized successfully - sym options: 0x614 - pdb path: .;C:\Program Files\Eclipse Adoptium\jdk-11.0.19.7-hotspot\bin;C:\WINDOWS\SYSTEM32;C:\WINDOWS\WinSxS\amd64_microsoft.windows.common-controls_6595b64144ccf1df_6.0.22621.608_none_a9444ca7c10bb01d;C:\Program Files\Eclipse Adoptium\jdk-11.0.19.7-hotspot\bin\server

VM Arguments:
java_command: <unknown>
java_class_path (initial): <not set>
Launcher Type: SUN_STANDARD

[Global flags]
     intx CICompilerCount                          = 4                                         {product} {ergonomic}
     uint ConcGCThreads                            = 2                                         {product} {ergonomic}
     uint G1ConcRefinementThreads                  = 8                                         {product} {ergonomic}
   size_t G1HeapRegionSize                         = 1048576                                   {product} {ergonomic}
    uintx GCDrainStackTargetSize                   = 64                                        {product} {ergonomic}
   size_t InitialHeapSize                          = 132120576                                 {product} {ergonomic}
   size_t MarkStackSize                            = 4194304                                   {product} {ergonomic}
   size_t MaxHeapSize                              = 2105540608                                {product} {ergonomic}
   size_t MinHeapDeltaBytes                        = 1048576                                   {product} {ergonomic}
    uintx NonNMethodCodeHeapSize                   = 5836300                                {pd product} {ergonomic}
    uintx NonProfiledCodeHeapSize                  = 122910970                              {pd product} {ergonomic}
    uintx ProfiledCodeHeapSize                     = 122910970                              {pd product} {ergonomic}
    uintx ReservedCodeCacheSize                    = 251658240                              {pd product} {ergonomic}
     bool SegmentedCodeCache                       = true                                      {product} {ergonomic}
     bool UseCompressedClassPointers               = true                                 {lp64_product} {ergonomic}
     bool UseCompressedOops                        = true                                 {lp64_product} {ergonomic}
     bool UseG1GC                                  = true                                      {product} {ergonomic}
     bool UseLargePagesIndividualAllocation        = false                                  {pd product} {ergonomic}

Logging:
Log output configuration:
 #0: stdout all=warning uptime,level,tags
 #1: stderr all=off uptime,level,tags

Environment Variables:
PATH=C:\Users\91799\Desktop\html pro\contact\contact_app\android\node_modules\.bin;C:\Users\91799\Desktop\html pro\contact\contact_app\node_modules\.bin;C:\Users\91799\Desktop\html pro\contact\node_modules\.bin;C:\Users\91799\Desktop\html pro\node_modules\.bin;C:\Users\91799\Desktop\node_modules\.bin;C:\Users\91799\node_modules\.bin;C:\Users\node_modules\.bin;C:\node_modules\.bin;C:\Program Files\nodejs;C:\Users\91799\Desktop\html pro\contact\contact_app\node_modules\.bin;C:\Users\91799\Desktop\html pro\contact\contact_app\node_modules\.bin;C:\Users\91799\Desktop\html pro\contact\node_modules\.bin;C:\Users\91799\Desktop\html pro\node_modules\.bin;C:\Users\91799\Desktop\node_modules\.bin;C:\Users\91799\node_modules\.bin;C:\Users\node_modules\.bin;C:\node_modules\.bin;C:\Program Files\nodejs\node_modules\npm\node_modules\@npmcli\run-script\lib\node-gyp-bin;C:\Users\91799\Desktop\html pro\contact\contact_app\node_modules\.bin;C:\Users\91799\Desktop\html pro\contact\node_modules\.bin;C:\Users\91799\Desktop\html pro\node_modules\.bin;C:\Users\91799\Desktop\node_modules\.bin;C:\Users\91799\node_modules\.bin;C:\Users\node_modules\.bin;C:\node_modules\.bin;C:\Program Files\nodejs;C:\Users\91799\Desktop\html pro\contact\contact_app\node_modules\react-native\scripts\node_modules\.bin;C:\Users\91799\Desktop\html pro\contact\contact_app\node_modules\react-native\node_modules\.bin;C:\Users\91799\Desktop\html pro\contact\contact_app\node_modules\node_modules\.bin;C:\Users\91799\Desktop\html pro\contact\contact_app\node_modules\.bin;C:\Users\91799\Desktop\html pro\contact\node_modules\.bin;C:\Users\91799\Desktop\html pro\node_modules\.bin;C:\Users\91799\Desktop\node_modules\.bin;C:\Users\91799\node_modules\.bin;C:\Users\node_modules\.bin;C:\node_modules\.bin;C:\Program Files\nodejs;C:\Users\91799\Desktop\html pro\contact\contact_app\node_modules\.bin;C:\Users\91799\Desktop\html pro\contact\node_modules\.bin;C:\Users\91799\Desktop\html pro\node_modules\.bin;C:\Users\91799\Desktop\node
USERNAME=Sidharth
LANG=en_US.UTF-8
OS=Windows_NT
PROCESSOR_IDENTIFIER=Intel64 Family 6 Model 165 Stepping 2, GenuineIntel
TMP=C:\Users\91799\AppData\Local\Temp
TEMP=C:\Users\91799\AppData\Local\Temp



---------------  S Y S T E M  ---------------

OS: Windows 11 , 64 bit Build 22621 (10.0.22621.963)
OS uptime: 0 days 16:31 hours
Hyper-V role detected

CPU:total 8 (initial active 8) (4 cores per cpu, 2 threads per core) family 6 model 165 stepping 2 microcode 0xe0, cmov, cx8, fxsr, mmx, sse, sse2, sse3, ssse3, sse4.1, sse4.2, popcnt, avx, avx2, aes, clmul, erms, 3dnowpref, lzcnt, ht, tsc, tscinvbit, bmi1, bmi2, adx, fma

Memory: 4k page, system-wide physical 8029M (1477M free)
TotalPageFile size 13029M (AvailPageFile size 77M)
current process WorkingSet (physical memory assigned to process): 11M, peak: 11M
current process commit charge ("private bytes"): 60M, peak: 186M

vm_info: OpenJDK 64-Bit Server VM (11.0.19+7) for windows-amd64 JRE (11.0.19+7), built on Apr 18 2023 23:12:18 by "" with MS VC++ 16.7 (VS2019)

END.
