#
# There is insufficient memory for the Java Runtime Environment to continue.
# Native memory allocation (malloc) failed to allocate 32744 bytes for ChunkPool::allocate
# Possible reasons:
#   The system is out of physical RAM or swap space
#   The process is running with CompressedOops enabled, and the Java Heap may be blocking the growth of the native heap
# Possible solutions:
#   Reduce memory load on the system
#   Increase physical memory or swap space
#   Check if swap backing store is full
#   Decrease Java heap size (-Xmx/-Xms)
#   Decrease number of Java threads
#   Decrease Java thread stack sizes (-Xss)
#   Set larger code cache with -XX:ReservedCodeCacheSize=
#   JVM is running with Unscaled Compressed Oops mode in which the Java heap is
#     placed in the first 4GB address space. The Java Heap base address is the
#     maximum limit for the native heap growth. Please use -XX:HeapBaseMinAddress
#     to set the Java Heap base and to place the Java Heap above 4GB virtual address.
# This output file may be truncated or incomplete.
#
#  Out of Memory Error (arena.cpp:81), pid=1684, tid=15272
#
# JRE version: OpenJDK Runtime Environment Temurin-11.0.19+7 (11.0.19+7) (build 11.0.19+7)
# Java VM: OpenJDK 64-Bit Server VM Temurin-11.0.19+7 (11.0.19+7, mixed mode, tiered, compressed oops, g1 gc, windows-amd64)
# No core dump will be written. Minidumps are not enabled by default on client versions of Windows
#

---------------  S U M M A R Y ------------

Command Line: -Xmx64m -Xms64m -Dorg.gradle.appname=gradlew org.gradle.wrapper.GradleWrapperMain app:installDebug -PreactNativeDevServerPort=8081

Host: Intel(R) Core(TM) i5-10300H CPU @ 2.50GHz, 8 cores, 7G,  Windows 11 , 64 bit Build 22621 (10.0.22621.963)
Time: Sun Jun  4 14:37:29 2023 India Standard Time elapsed time: 17.032695 seconds (0d 0h 0m 17s)

---------------  T H R E A D  ---------------

Current thread (0x0000029276a5b800):  JavaThread "C2 CompilerThread0" daemon [_thread_in_native, id=15272, stack(0x000000a616a00000,0x000000a616b00000)]


Current CompileTask:
C2:  17032 1495       4       org.gradle.internal.logging.text.AbstractLineChoppingStyledTextOutput$StateContext::isCurrentCharEquals (70 bytes)

Stack: [0x000000a616a00000,0x000000a616b00000]
Native frames: (J=compiled Java code, j=interpreted, Vv=VM code, C=native code)
V  [jvm.dll+0x64fb5a]
V  [jvm.dll+0x7e3549]
V  [jvm.dll+0x7e4c49]
V  [jvm.dll+0x7e5333]
V  [jvm.dll+0x26afd5]
V  [jvm.dll+0xc1cbf]
V  [jvm.dll+0xc200c]
V  [jvm.dll+0x67adf7]
V  [jvm.dll+0x67bb3b]
V  [jvm.dll+0x2214e4]
V  [jvm.dll+0x19e6c1]
V  [jvm.dll+0x231f59]
V  [jvm.dll+0x2300af]
V  [jvm.dll+0x7a48d0]
V  [jvm.dll+0x79d6e4]
V  [jvm.dll+0x64e915]
C  [ucrtbase.dll+0x29363]
C  [KERNEL32.DLL+0x126bd]
C  [ntdll.dll+0x5dfb8]


---------------  P R O C E S S  ---------------

Threads class SMR info:
_java_thread_list=0x00000292777231c0, length=14, elements={
0x000002926b349000, 0x0000029276a02000, 0x0000029276a0c000, 0x0000029276a55800,
0x0000029276a59000, 0x0000029276a5a000, 0x0000029276a5b800, 0x0000029276a66800,
0x0000029276a6d000, 0x00000292774e8000, 0x0000029277556800, 0x00000292780bc800,
0x0000029277557800, 0x0000029278443000
}

Java Threads: ( => current thread )
  0x000002926b349000 JavaThread "main" [_thread_blocked, id=16076, stack(0x000000a615e00000,0x000000a615f00000)]
  0x0000029276a02000 JavaThread "Reference Handler" daemon [_thread_blocked, id=7572, stack(0x000000a616500000,0x000000a616600000)]
  0x0000029276a0c000 JavaThread "Finalizer" daemon [_thread_blocked, id=17204, stack(0x000000a616600000,0x000000a616700000)]
  0x0000029276a55800 JavaThread "Signal Dispatcher" daemon [_thread_blocked, id=12184, stack(0x000000a616700000,0x000000a616800000)]
  0x0000029276a59000 JavaThread "Attach Listener" daemon [_thread_blocked, id=10488, stack(0x000000a616800000,0x000000a616900000)]
  0x0000029276a5a000 JavaThread "Service Thread" daemon [_thread_blocked, id=3916, stack(0x000000a616900000,0x000000a616a00000)]
=>0x0000029276a5b800 JavaThread "C2 CompilerThread0" daemon [_thread_in_native, id=15272, stack(0x000000a616a00000,0x000000a616b00000)]
  0x0000029276a66800 JavaThread "C1 CompilerThread0" daemon [_thread_blocked, id=4400, stack(0x000000a616b00000,0x000000a616c00000)]
  0x0000029276a6d000 JavaThread "Sweeper thread" daemon [_thread_blocked, id=16524, stack(0x000000a616c00000,0x000000a616d00000)]
  0x00000292774e8000 JavaThread "Common-Cleaner" daemon [_thread_blocked, id=16644, stack(0x000000a616e00000,0x000000a616f00000)]
  0x0000029277556800 JavaThread "DisconnectableInputStream source reader" daemon [_thread_in_native, id=19772, stack(0x000000a617200000,0x000000a617300000)]
  0x00000292780bc800 JavaThread "C2 CompilerThread1" daemon [_thread_in_native, id=16328, stack(0x000000a617700000,0x000000a617800000)]
  0x0000029278443000 Thread [stack: 0x000000a617900000,0x000000a617a00000] [id=3288]

Other Threads:
  0x00000292769c9000 VMThread "VM Thread" [stack: 0x000000a616400000,0x000000a616500000] [id=7228]
  0x00000292774de000 WatcherThread [stack: 0x000000a616d00000,0x000000a616e00000] [id=16580]
  0x000002926b362800 GCTaskThread "GC Thread#0" [stack: 0x000000a615f00000,0x000000a616000000] [id=2576]
  0x0000029277f68800 GCTaskThread "GC Thread#1" [stack: 0x000000a617000000,0x000000a617100000] [id=18980]
  0x00000292786bf800 GCTaskThread "GC Thread#2" [stack: 0x000000a617300000,0x000000a617400000] [id=7424]
  0x0000029278571000 GCTaskThread "GC Thread#3" [stack: 0x000000a617400000,0x000000a617500000] [id=5624]
  0x0000029278572000 GCTaskThread "GC Thread#4" [stack: 0x000000a617500000,0x000000a617600000] [id=12512]
  0x0000029278572800 GCTaskThread "GC Thread#5" [stack: 0x000000a617600000,0x000000a617700000] [id=12604]
  0x000002926b36b800 ConcurrentGCThread "G1 Main Marker" [stack: 0x000000a616000000,0x000000a616100000] [id=12588]
  0x000002926b36d800 ConcurrentGCThread "G1 Conc#0" [stack: 0x000000a616100000,0x000000a616200000] [id=18704]
  0x000002926b3d6000 ConcurrentGCThread "G1 Refine#0" [stack: 0x000000a616200000,0x000000a616300000] [id=19072]
  0x000002926b3d9000 ConcurrentGCThread "G1 Young RemSet Sampling" [stack: 0x000000a616300000,0x000000a616400000] [id=6600]

Threads with active compile tasks:
C2 CompilerThread0    17048 1495       4       org.gradle.internal.logging.text.AbstractLineChoppingStyledTextOutput$StateContext::isCurrentCharEquals (70 bytes)
C2 CompilerThread1    17049 1507       4       org.gradle.internal.logging.text.AbstractLineChoppingStyledTextOutput$1::execute (140 bytes)

VM state:not at safepoint (normal execution)

VM Mutex/Monitor currently owned by a thread: None

Heap address: 0x00000000fc000000, size: 64 MB, Compressed Oops mode: 32-bit
Narrow klass base: 0x0000000000000000, Narrow klass shift: 3
Compressed class space size: 1073741824 Address: 0x0000000100000000

Heap:
 garbage-first heap   total 65536K, used 14609K [0x00000000fc000000, 0x0000000100000000)
  region size 1024K, 6 young (6144K), 2 survivors (2048K)
 Metaspace       used 17334K, capacity 17672K, committed 17792K, reserved 1064960K
  class space    used 1945K, capacity 2065K, committed 2176K, reserved 1048576K
Heap Regions: E=young(eden), S=young(survivor), O=old, HS=humongous(starts), HC=humongous(continues), CS=collection set, F=free, A=archive, TAMS=top-at-mark-start (previous, next)
|   0|0x00000000fc000000, 0x00000000fc100000, 0x00000000fc100000|100%| O|  |TAMS 0x00000000fc000000, 0x00000000fc000000| Untracked 
|   1|0x00000000fc100000, 0x00000000fc200000, 0x00000000fc200000|100%| O|  |TAMS 0x00000000fc100000, 0x00000000fc100000| Untracked 
|   2|0x00000000fc200000, 0x00000000fc276a00, 0x00000000fc300000| 46%| O|  |TAMS 0x00000000fc200000, 0x00000000fc200000| Untracked 
|   3|0x00000000fc300000, 0x00000000fc400000, 0x00000000fc400000|100%|HS|  |TAMS 0x00000000fc300000, 0x00000000fc300000| Complete 
|   4|0x00000000fc400000, 0x00000000fc500000, 0x00000000fc500000|100%|HC|  |TAMS 0x00000000fc400000, 0x00000000fc400000| Complete 
|   5|0x00000000fc500000, 0x00000000fc600000, 0x00000000fc600000|100%|HC|  |TAMS 0x00000000fc500000, 0x00000000fc500000| Complete 
|   6|0x00000000fc600000, 0x00000000fc700000, 0x00000000fc700000|100%| O|  |TAMS 0x00000000fc600000, 0x00000000fc600000| Untracked 
|   7|0x00000000fc700000, 0x00000000fc800000, 0x00000000fc800000|100%| O|  |TAMS 0x00000000fc700000, 0x00000000fc700000| Untracked 
|   8|0x00000000fc800000, 0x00000000fc900000, 0x00000000fc900000|100%| O|  |TAMS 0x00000000fc800000, 0x00000000fc800000| Untracked 
|   9|0x00000000fc900000, 0x00000000fca00000, 0x00000000fca00000|100%| O|  |TAMS 0x00000000fc900000, 0x00000000fc900000| Untracked 
|  10|0x00000000fca00000, 0x00000000fca00000, 0x00000000fcb00000|  0%| F|  |TAMS 0x00000000fca00000, 0x00000000fca00000| Untracked 
|  11|0x00000000fcb00000, 0x00000000fcb00000, 0x00000000fcc00000|  0%| F|  |TAMS 0x00000000fcb00000, 0x00000000fcb00000| Untracked 
|  12|0x00000000fcc00000, 0x00000000fcc00000, 0x00000000fcd00000|  0%| F|  |TAMS 0x00000000fcc00000, 0x00000000fcc00000| Untracked 
|  13|0x00000000fcd00000, 0x00000000fcd00000, 0x00000000fce00000|  0%| F|  |TAMS 0x00000000fcd00000, 0x00000000fcd00000| Untracked 
|  14|0x00000000fce00000, 0x00000000fce00000, 0x00000000fcf00000|  0%| F|  |TAMS 0x00000000fce00000, 0x00000000fce00000| Untracked 
|  15|0x00000000fcf00000, 0x00000000fcf00000, 0x00000000fd000000|  0%| F|  |TAMS 0x00000000fcf00000, 0x00000000fcf00000| Untracked 
|  16|0x00000000fd000000, 0x00000000fd000000, 0x00000000fd100000|  0%| F|  |TAMS 0x00000000fd000000, 0x00000000fd000000| Untracked 
|  17|0x00000000fd100000, 0x00000000fd100000, 0x00000000fd200000|  0%| F|  |TAMS 0x00000000fd100000, 0x00000000fd100000| Untracked 
|  18|0x00000000fd200000, 0x00000000fd200000, 0x00000000fd300000|  0%| F|  |TAMS 0x00000000fd200000, 0x00000000fd200000| Untracked 
|  19|0x00000000fd300000, 0x00000000fd300000, 0x00000000fd400000|  0%| F|  |TAMS 0x00000000fd300000, 0x00000000fd300000| Untracked 
|  20|0x00000000fd400000, 0x00000000fd400000, 0x00000000fd500000|  0%| F|  |TAMS 0x00000000fd400000, 0x00000000fd400000| Untracked 
|  21|0x00000000fd500000, 0x00000000fd500000, 0x00000000fd600000|  0%| F|  |TAMS 0x00000000fd500000, 0x00000000fd500000| Untracked 
|  22|0x00000000fd600000, 0x00000000fd600000, 0x00000000fd700000|  0%| F|  |TAMS 0x00000000fd600000, 0x00000000fd600000| Untracked 
|  23|0x00000000fd700000, 0x00000000fd700000, 0x00000000fd800000|  0%| F|  |TAMS 0x00000000fd700000, 0x00000000fd700000| Untracked 
|  24|0x00000000fd800000, 0x00000000fd800000, 0x00000000fd900000|  0%| F|  |TAMS 0x00000000fd800000, 0x00000000fd800000| Untracked 
|  25|0x00000000fd900000, 0x00000000fd900000, 0x00000000fda00000|  0%| F|  |TAMS 0x00000000fd900000, 0x00000000fd900000| Untracked 
|  26|0x00000000fda00000, 0x00000000fda00000, 0x00000000fdb00000|  0%| F|  |TAMS 0x00000000fda00000, 0x00000000fda00000| Untracked 
|  27|0x00000000fdb00000, 0x00000000fdb00000, 0x00000000fdc00000|  0%| F|  |TAMS 0x00000000fdb00000, 0x00000000fdb00000| Untracked 
|  28|0x00000000fdc00000, 0x00000000fdc00000, 0x00000000fdd00000|  0%| F|  |TAMS 0x00000000fdc00000, 0x00000000fdc00000| Untracked 
|  29|0x00000000fdd00000, 0x00000000fdd00000, 0x00000000fde00000|  0%| F|  |TAMS 0x00000000fdd00000, 0x00000000fdd00000| Untracked 
|  30|0x00000000fde00000, 0x00000000fde00000, 0x00000000fdf00000|  0%| F|  |TAMS 0x00000000fde00000, 0x00000000fde00000| Untracked 
|  31|0x00000000fdf00000, 0x00000000fdf00000, 0x00000000fe000000|  0%| F|  |TAMS 0x00000000fdf00000, 0x00000000fdf00000| Untracked 
|  32|0x00000000fe000000, 0x00000000fe000000, 0x00000000fe100000|  0%| F|  |TAMS 0x00000000fe000000, 0x00000000fe000000| Untracked 
|  33|0x00000000fe100000, 0x00000000fe100000, 0x00000000fe200000|  0%| F|  |TAMS 0x00000000fe100000, 0x00000000fe100000| Untracked 
|  34|0x00000000fe200000, 0x00000000fe2cdb50, 0x00000000fe300000| 80%| S|CS|TAMS 0x00000000fe200000, 0x00000000fe200000| Complete 
|  35|0x00000000fe300000, 0x00000000fe400000, 0x00000000fe400000|100%| S|CS|TAMS 0x00000000fe300000, 0x00000000fe300000| Complete 
|  36|0x00000000fe400000, 0x00000000fe400000, 0x00000000fe500000|  0%| F|  |TAMS 0x00000000fe400000, 0x00000000fe400000| Untracked 
|  37|0x00000000fe500000, 0x00000000fe500000, 0x00000000fe600000|  0%| F|  |TAMS 0x00000000fe500000, 0x00000000fe500000| Untracked 
|  38|0x00000000fe600000, 0x00000000fe600000, 0x00000000fe700000|  0%| F|  |TAMS 0x00000000fe600000, 0x00000000fe600000| Untracked 
|  39|0x00000000fe700000, 0x00000000fe700000, 0x00000000fe800000|  0%| F|  |TAMS 0x00000000fe700000, 0x00000000fe700000| Untracked 
|  40|0x00000000fe800000, 0x00000000fe800000, 0x00000000fe900000|  0%| F|  |TAMS 0x00000000fe800000, 0x00000000fe800000| Untracked 
|  41|0x00000000fe900000, 0x00000000fe900000, 0x00000000fea00000|  0%| F|  |TAMS 0x00000000fe900000, 0x00000000fe900000| Untracked 
|  42|0x00000000fea00000, 0x00000000fea00000, 0x00000000feb00000|  0%| F|  |TAMS 0x00000000fea00000, 0x00000000fea00000| Untracked 
|  43|0x00000000feb00000, 0x00000000feb00000, 0x00000000fec00000|  0%| F|  |TAMS 0x00000000feb00000, 0x00000000feb00000| Untracked 
|  44|0x00000000fec00000, 0x00000000fec00000, 0x00000000fed00000|  0%| F|  |TAMS 0x00000000fec00000, 0x00000000fec00000| Untracked 
|  45|0x00000000fed00000, 0x00000000fed00000, 0x00000000fee00000|  0%| F|  |TAMS 0x00000000fed00000, 0x00000000fed00000| Untracked 
|  46|0x00000000fee00000, 0x00000000fee00000, 0x00000000fef00000|  0%| F|  |TAMS 0x00000000fee00000, 0x00000000fee00000| Untracked 
|  47|0x00000000fef00000, 0x00000000fef00000, 0x00000000ff000000|  0%| F|  |TAMS 0x00000000fef00000, 0x00000000fef00000| Untracked 
|  48|0x00000000ff000000, 0x00000000ff000000, 0x00000000ff100000|  0%| F|  |TAMS 0x00000000ff000000, 0x00000000ff000000| Untracked 
|  49|0x00000000ff100000, 0x00000000ff100000, 0x00000000ff200000|  0%| F|  |TAMS 0x00000000ff100000, 0x00000000ff100000| Untracked 
|  50|0x00000000ff200000, 0x00000000ff200000, 0x00000000ff300000|  0%| F|  |TAMS 0x00000000ff200000, 0x00000000ff200000| Untracked 
|  51|0x00000000ff300000, 0x00000000ff300000, 0x00000000ff400000|  0%| F|  |TAMS 0x00000000ff300000, 0x00000000ff300000| Untracked 
|  52|0x00000000ff400000, 0x00000000ff400000, 0x00000000ff500000|  0%| F|  |TAMS 0x00000000ff400000, 0x00000000ff400000| Untracked 
|  53|0x00000000ff500000, 0x00000000ff500000, 0x00000000ff600000|  0%| F|  |TAMS 0x00000000ff500000, 0x00000000ff500000| Untracked 
|  54|0x00000000ff600000, 0x00000000ff600000, 0x00000000ff700000|  0%| F|  |TAMS 0x00000000ff600000, 0x00000000ff600000| Untracked 
|  55|0x00000000ff700000, 0x00000000ff700000, 0x00000000ff800000|  0%| F|  |TAMS 0x00000000ff700000, 0x00000000ff700000| Untracked 
|  56|0x00000000ff800000, 0x00000000ff800000, 0x00000000ff900000|  0%| F|  |TAMS 0x00000000ff800000, 0x00000000ff800000| Untracked 
|  57|0x00000000ff900000, 0x00000000ff900000, 0x00000000ffa00000|  0%| F|  |TAMS 0x00000000ff900000, 0x00000000ff900000| Untracked 
|  58|0x00000000ffa00000, 0x00000000ffa00000, 0x00000000ffb00000|  0%| F|  |TAMS 0x00000000ffa00000, 0x00000000ffa00000| Untracked 
|  59|0x00000000ffb00000, 0x00000000ffb00000, 0x00000000ffc00000|  0%| F|  |TAMS 0x00000000ffb00000, 0x00000000ffb00000| Untracked 
|  60|0x00000000ffc00000, 0x00000000ffc2b2e0, 0x00000000ffd00000| 16%| E|  |TAMS 0x00000000ffc00000, 0x00000000ffc00000| Complete 
|  61|0x00000000ffd00000, 0x00000000ffe00000, 0x00000000ffe00000|100%| E|CS|TAMS 0x00000000ffd00000, 0x00000000ffd00000| Complete 
|  62|0x00000000ffe00000, 0x00000000fff00000, 0x00000000fff00000|100%| E|CS|TAMS 0x00000000ffe00000, 0x00000000ffe00000| Complete 
|  63|0x00000000fff00000, 0x0000000100000000, 0x0000000100000000|100%| E|CS|TAMS 0x00000000fff00000, 0x00000000fff00000| Complete 

Card table byte_map: [0x000002926b280000,0x000002926b2a0000] _byte_map_base: 0x000002926aaa0000

Marking Bits (Prev, Next): (CMBitMap*) 0x000002926b368bd8, (CMBitMap*) 0x000002926b368c10
 Prev Bits: [0x0000029273de0000, 0x0000029273ee0000)
 Next Bits: [0x0000029273ee0000, 0x0000029273fe0000)

Polling page: 0x00000292694e0000

Metaspace:

Usage:
  Non-class:     15.24 MB capacity,    15.03 MB ( 99%) used,   191.28 KB (  1%) free+waste,    26.88 KB ( <1%) overhead. 
      Class:      2.02 MB capacity,     1.90 MB ( 94%) used,   106.40 KB (  5%) free+waste,    13.00 KB ( <1%) overhead. 
       Both:     17.26 MB capacity,    16.93 MB ( 98%) used,   297.68 KB (  2%) free+waste,    39.88 KB ( <1%) overhead. 

Virtual space:
  Non-class space:       16.00 MB reserved,      15.25 MB ( 95%) committed 
      Class space:        1.00 GB reserved,       2.12 MB ( <1%) committed 
             Both:        1.02 GB reserved,      17.38 MB (  2%) committed 

Chunk freelists:
   Non-Class:  9.00 KB
       Class:  15.00 KB
        Both:  24.00 KB

MaxMetaspaceSize: 17179869184.00 GB
CompressedClassSpaceSize: 1.00 GB
Initial GC threshold: 20.80 MB
Current GC threshold: 20.80 MB
CDS: off

CodeHeap 'non-profiled nmethods': size=120000Kb used=588Kb max_used=588Kb free=119411Kb
 bounds [0x0000029207ad0000, 0x0000029207d40000, 0x000002920f000000]
CodeHeap 'profiled nmethods': size=120000Kb used=2875Kb max_used=2875Kb free=117124Kb
 bounds [0x00000292005a0000, 0x0000029200870000, 0x0000029207ad0000]
CodeHeap 'non-nmethods': size=5760Kb used=1175Kb max_used=1188Kb free=4584Kb
 bounds [0x0000029200000000, 0x0000029200270000, 0x00000292005a0000]
 total_blobs=1950 nmethods=1507 adapters=356
 compilation: enabled
              stopped_count=0, restarted_count=0
 full_count=0

Compilation events (20 events):
Event: 17.014 Thread 0x0000029276a66800 1483       3       org.gradle.internal.logging.text.AbstractLineChoppingStyledTextOutput::access$402 (7 bytes)
Event: 17.014 Thread 0x0000029276a66800 nmethod 1483 0x0000029200863c10 code [0x0000029200863dc0, 0x0000029200863ef8]
Event: 17.014 Thread 0x0000029276a66800 1488       3       org.gradle.internal.logging.text.AbstractLineChoppingStyledTextOutput$SeenFromEol::none (13 bytes)
Event: 17.015 Thread 0x0000029276a66800 nmethod 1488 0x0000029200864010 code [0x00000292008641c0, 0x0000029200864318]
Event: 17.015 Thread 0x0000029276a66800 1489       3       org.gradle.internal.logging.text.AbstractLineChoppingStyledTextOutput::access$800 (4 bytes)
Event: 17.015 Thread 0x0000029276a66800 nmethod 1489 0x0000029200864390 code [0x0000029200864540, 0x0000029200864638]
Event: 17.015 Thread 0x0000029276a66800 1492       3       org.gradle.internal.logging.text.AbstractLineChoppingStyledTextOutput::access$900 (4 bytes)
Event: 17.015 Thread 0x0000029276a66800 nmethod 1492 0x0000029200864710 code [0x00000292008648c0, 0x00000292008649b8]
Event: 17.015 Thread 0x0000029276a66800 1490       3       org.gradle.internal.logging.text.AbstractLineChoppingStyledTextOutput$2::execute (9 bytes)
Event: 17.015 Thread 0x0000029276a66800 nmethod 1490 0x0000029200864a90 code [0x0000029200864c60, 0x0000029200864e68]
Event: 17.015 Thread 0x0000029276a66800 1491       3       org.gradle.internal.logging.text.AbstractLineChoppingStyledTextOutput$2::execute (77 bytes)
Event: 17.015 Thread 0x0000029276a66800 nmethod 1491 0x0000029200864f10 code [0x00000292008651c0, 0x0000029200865c78]
Event: 17.015 Thread 0x0000029276a66800 1486       3       org.gradle.internal.logging.text.AbstractLineChoppingStyledTextOutput$SeenFromEol::all (18 bytes)
Event: 17.015 Thread 0x0000029276a5b800 1493       4       org.gradle.internal.logging.text.AbstractLineChoppingStyledTextOutput::access$800 (4 bytes)
Event: 17.015 Thread 0x0000029276a66800 nmethod 1486 0x0000029200866190 code [0x0000029200866340, 0x00000292008664b8]
Event: 17.015 Thread 0x0000029276a66800 1484       3       org.gradle.internal.logging.text.AbstractLineChoppingStyledTextOutput$1::execute (9 bytes)
Event: 17.016 Thread 0x0000029276a66800 nmethod 1484 0x0000029200866590 code [0x0000029200866760, 0x0000029200866968]
Event: 17.016 Thread 0x0000029276a66800 1485       3       org.gradle.internal.logging.text.AbstractLineChoppingStyledTextOutput$1::execute (140 bytes)
Event: 17.016 Thread 0x0000029276a5b800 nmethod 1493 0x0000029207b61190 code [0x0000029207b61320, 0x0000029207b61378]
Event: 17.016 Thread 0x0000029276a5b800 1495       4       org.gradle.internal.logging.text.AbstractLineChoppingStyledTextOutput$StateContext::isCurrentCharEquals (70 bytes)

GC Heap History (4 events):
Event: 0.772 GC heap before
{Heap before GC invocations=0 (full 0):
 garbage-first heap   total 65536K, used 29696K [0x00000000fc000000, 0x0000000100000000)
  region size 1024K, 24 young (24576K), 0 survivors (0K)
 Metaspace       used 10282K, capacity 10478K, committed 10624K, reserved 1058816K
  class space    used 1040K, capacity 1129K, committed 1152K, reserved 1048576K
}
Event: 0.780 GC heap after
{Heap after GC invocations=1 (full 0):
 garbage-first heap   total 65536K, used 9236K [0x00000000fc000000, 0x0000000100000000)
  region size 1024K, 3 young (3072K), 3 survivors (3072K)
 Metaspace       used 10282K, capacity 10478K, committed 10624K, reserved 1058816K
  class space    used 1040K, capacity 1129K, committed 1152K, reserved 1048576K
}
Event: 2.349 GC heap before
{Heap before GC invocations=1 (full 0):
 garbage-first heap   total 65536K, used 34836K [0x00000000fc000000, 0x0000000100000000)
  region size 1024K, 28 young (28672K), 3 survivors (3072K)
 Metaspace       used 16006K, capacity 16368K, committed 16640K, reserved 1064960K
  class space    used 1807K, capacity 1950K, committed 2048K, reserved 1048576K
}
Event: 2.355 GC heap after
{Heap after GC invocations=2 (full 0):
 garbage-first heap   total 65536K, used 11537K [0x00000000fc000000, 0x0000000100000000)
  region size 1024K, 2 young (2048K), 2 survivors (2048K)
 Metaspace       used 16006K, capacity 16368K, committed 16640K, reserved 1064960K
  class space    used 1807K, capacity 1950K, committed 2048K, reserved 1048576K
}

Deoptimization events (20 events):
Event: 2.366 Thread 0x0000029278504000 Uncommon trap: trap_request=0xffffff4d fr.pc=0x0000029207b31d40 relative=0x0000000000000380
Event: 2.366 Thread 0x0000029278504000 Uncommon trap: reason=unstable_if action=reinterpret pc=0x0000029207b31d40 method=java.lang.AbstractStringBuilder.isLatin1()Z @ 10 c2
Event: 2.366 Thread 0x0000029278504000 DEOPT PACKING pc=0x0000029207b31d40 sp=0x000000a616ffeea0
Event: 2.366 Thread 0x0000029278504000 DEOPT UNPACKING pc=0x000002920004a1af sp=0x000000a616ffee20 mode 2
Event: 6.755 Thread 0x0000029278504000 Uncommon trap: trap_request=0xffffff4d fr.pc=0x0000029207aeae9c relative=0x000000000000007c
Event: 6.755 Thread 0x0000029278504000 Uncommon trap: reason=unstable_if action=reinterpret pc=0x0000029207aeae9c method=java.lang.String.codePointAt(I)I @ 4 c2
Event: 6.755 Thread 0x0000029278504000 DEOPT PACKING pc=0x0000029207aeae9c sp=0x000000a616ffee20
Event: 6.755 Thread 0x0000029278504000 DEOPT UNPACKING pc=0x000002920004a1af sp=0x000000a616ffedb8 mode 2
Event: 17.010 Thread 0x000002926b349000 Uncommon trap: trap_request=0xffffff4d fr.pc=0x0000029207afaae8 relative=0x0000000000000048
Event: 17.011 Thread 0x000002926b349000 Uncommon trap: reason=unstable_if action=reinterpret pc=0x0000029207afaae8 method=java.net.URI.match(CJJ)Z @ 19 c2
Event: 17.011 Thread 0x000002926b349000 DEOPT PACKING pc=0x0000029207afaae8 sp=0x000000a615efc450
Event: 17.011 Thread 0x000002926b349000 DEOPT UNPACKING pc=0x000002920004a1af sp=0x000000a615efc3d8 mode 2
Event: 17.011 Thread 0x000002926b349000 Uncommon trap: trap_request=0xffffff4d fr.pc=0x0000029207b4a064 relative=0x00000000000001a4
Event: 17.011 Thread 0x000002926b349000 Uncommon trap: reason=unstable_if action=reinterpret pc=0x0000029207b4a064 method=java.net.URI.match(CJJ)Z @ 19 c2
Event: 17.011 Thread 0x000002926b349000 DEOPT PACKING pc=0x0000029207b4a064 sp=0x000000a615efc350
Event: 17.011 Thread 0x000002926b349000 DEOPT UNPACKING pc=0x000002920004a1af sp=0x000000a615efc250 mode 2
Event: 17.011 Thread 0x000002926b349000 Uncommon trap: trap_request=0xffffff4d fr.pc=0x0000029207b5300c relative=0x00000000000001cc
Event: 17.011 Thread 0x000002926b349000 Uncommon trap: reason=unstable_if action=reinterpret pc=0x0000029207b5300c method=java.net.URI$Parser.scan(IILjava/lang/String;)I @ 26 c2
Event: 17.011 Thread 0x000002926b349000 DEOPT PACKING pc=0x0000029207b5300c sp=0x000000a615efc580
Event: 17.011 Thread 0x000002926b349000 DEOPT UNPACKING pc=0x000002920004a1af sp=0x000000a615efc510 mode 2

Classes redefined (0 events):
No events

Internal exceptions (20 events):
Event: 0.200 Thread 0x000002926b349000 Exception <a 'java/lang/NoSuchMethodError'{0x00000000ffb6e778}: 'int java.lang.invoke.DirectMethodHandle$Holder.invokeSpecialIFC(java.lang.Object, java.lang.Object, int)'> (0x00000000ffb6e778) thrown at [s\src\hotspot\share\interpreter\linkResolver.cpp, line 773]
Event: 0.732 Thread 0x000002926b349000 Implicit null exception at 0x0000029207b16475 to 0x0000029207b16670
Event: 0.760 Thread 0x000002926b349000 Exception <a 'java/lang/NoClassDefFoundError'{0x00000000fe86c4b8}: org/slf4j/impl/StaticMarkerBinder> (0x00000000fe86c4b8) thrown at [s\src\hotspot\share\classfile\systemDictionary.cpp, line 219]
Event: 0.791 Thread 0x000002926b349000 Exception <a 'java/lang/NoSuchMethodError'{0x00000000fff6a090}: 'java.lang.Object java.lang.invoke.DirectMethodHandle$Holder.invokeVirtual(java.lang.Object, java.lang.Object, java.lang.Object, java.lang.Object, java.lang.Object, java.lang.Object, java.lang.Object)'> (0x00000000fff6a090) thrown at [s\src\hotspot\share\interpreter\linkResolver.cpp, line 773]
Event: 0.797 Thread 0x000002926b349000 Exception <a 'java/lang/NoSuchMethodError'{0x00000000fff7e318}: 'java.lang.Object java.lang.invoke.Invokers$Holder.invoker(java.lang.Object, java.lang.Object, java.lang.Object)'> (0x00000000fff7e318) thrown at [s\src\hotspot\share\interpreter\linkResolver.cpp, line 773]
Event: 0.801 Thread 0x000002926b349000 Exception <a 'java/lang/NoSuchMethodError'{0x00000000fffcf208}: 'void java.lang.invoke.DelegatingMethodHandle$Holder.delegate(java.lang.Object, java.lang.Object, int, java.lang.Object)'> (0x00000000fffcf208) thrown at [s\src\hotspot\share\interpreter\linkResolver.cpp, line 773]
Event: 0.942 Thread 0x000002926b349000 Exception <a 'java/lang/NoSuchMethodError'{0x00000000ff70c4e0}: 'java.lang.Object java.lang.invoke.DirectMethodHandle$Holder.invokeInterface(java.lang.Object, java.lang.Object, java.lang.Object)'> (0x00000000ff70c4e0) thrown at [s\src\hotspot\share\interpreter\linkResolver.cpp, line 773]
Event: 1.008 Thread 0x000002926b349000 Exception <a 'java/lang/NoSuchMethodError'{0x00000000ff5ad5c0}: 'java.lang.Object java.lang.invoke.DirectMethodHandle$Holder.invokeStaticInit(java.lang.Object, java.lang.Object, java.lang.Object)'> (0x00000000ff5ad5c0) thrown at [s\src\hotspot\share\interpreter\linkResolver.cpp, line 773]
Event: 1.155 Thread 0x000002926b349000 Exception <a 'java/lang/NoSuchMethodError'{0x00000000fef2da00}: 'java.lang.Object java.lang.invoke.DirectMethodHandle$Holder.invokeStaticInit(java.lang.Object, int, int, int, int)'> (0x00000000fef2da00) thrown at [s\src\hotspot\share\interpreter\linkResolver.cpp, line 773]
Event: 1.627 Thread 0x000002926b349000 Exception <a 'java/lang/NoSuchMethodError'{0x00000000fef5cee0}: 'java.lang.Object java.lang.invoke.DirectMethodHandle$Holder.invokeStaticInit(java.lang.Object, java.lang.Object, int, int, int, int)'> (0x00000000fef5cee0) thrown at [s\src\hotspot\share\interpreter\linkResolver.cpp, line 773]
Event: 2.145 Thread 0x000002926b349000 Implicit null exception at 0x0000029207b0bef4 to 0x0000029207b0c3f8
Event: 2.147 Thread 0x000002926b349000 Implicit null exception at 0x0000029207b0b474 to 0x0000029207b0b94c
Event: 2.343 Thread 0x0000029278504000 Exception <a 'java/lang/NoSuchMethodError'{0x00000000fe491ef0}: 'void java.lang.invoke.DirectMethodHandle$Holder.invokeStatic(java.lang.Object, long)'> (0x00000000fe491ef0) thrown at [s\src\hotspot\share\interpreter\linkResolver.cpp, line 773]
Event: 2.343 Thread 0x0000029278504000 Exception <a 'java/lang/NoSuchMethodError'{0x00000000fe496e58}: 'java.lang.Object java.lang.invoke.DirectMethodHandle$Holder.invokeStatic(java.lang.Object, long)'> (0x00000000fe496e58) thrown at [s\src\hotspot\share\interpreter\linkResolver.cpp, line 773]
Event: 2.346 Thread 0x0000029278504000 Exception <a 'java/lang/NoSuchMethodError'{0x00000000fe4a4ef8}: 'java.lang.Object java.lang.invoke.DirectMethodHandle$Holder.invokeStaticInit(java.lang.Object, java.lang.Object, long, java.lang.Object)'> (0x00000000fe4a4ef8) thrown at [s\src\hotspot\share\interpreter\linkResolver.cpp, line 773]
Event: 2.346 Thread 0x0000029278504000 Exception <a 'java/lang/NoSuchMethodError'{0x00000000fe4aade8}: 'java.lang.Object java.lang.invoke.DirectMethodHandle$Holder.invokeStatic(java.lang.Object, java.lang.Object, long)'> (0x00000000fe4aade8) thrown at [s\src\hotspot\share\interpreter\linkResolver.cpp, line 773]
Event: 2.347 Thread 0x0000029278504000 Exception <a 'java/lang/NoSuchMethodError'{0x00000000fe4b10b8}: 'java.lang.Object java.lang.invoke.Invokers$Holder.linkToTargetMethod(java.lang.Object, long, java.lang.Object)'> (0x00000000fe4b10b8) thrown at [s\src\hotspot\share\interpreter\linkResolver.cpp, line 773]
Event: 17.003 Thread 0x000002926b349000 Exception <a 'java/io/IOException'{0x00000000ffe68d88}> (0x00000000ffe68d88) thrown at [s\src\hotspot\share\prims\jni.cpp, line 617]
Event: 17.009 Thread 0x000002926b349000 Exception <a 'java/lang/NoSuchMethodError'{0x00000000ffd4c6b0}: 'int java.lang.invoke.DirectMethodHandle$Holder.invokeVirtual(java.lang.Object, java.lang.Object)'> (0x00000000ffd4c6b0) thrown at [s\src\hotspot\share\interpreter\linkResolver.cpp, line 773]
Event: 17.011 Thread 0x0000029277557800 Exception <a 'java/io/IOException'{0x00000000ffe7df90}> (0x00000000ffe7df90) thrown at [s\src\hotspot\share\prims\jni.cpp, line 617]

Events (20 events):
Event: 16.461 loading class com/google/common/collect/Lists$ReverseList$1 done
Event: 17.003 loading class com/google/common/base/Objects
Event: 17.003 loading class com/google/common/base/Objects done
Event: 17.004 loading class com/google/common/base/ExtraObjectsMethodsForWeb
Event: 17.004 loading class com/google/common/base/ExtraObjectsMethodsForWeb done
Event: 17.004 loading class org/slf4j/helpers/MessageFormatter
Event: 17.004 loading class org/slf4j/helpers/MessageFormatter done
Event: 17.005 loading class org/slf4j/helpers/FormattingTuple
Event: 17.005 loading class org/slf4j/helpers/FormattingTuple done
Event: 17.005 loading class org/gradle/util/internal/LimitedDescription
Event: 17.005 loading class org/gradle/util/internal/LimitedDescription done
Event: 17.010 loading class org/gradle/internal/logging/ConsoleRenderer
Event: 17.010 loading class org/gradle/internal/logging/ConsoleRenderer done
Event: 17.012 Executing VM operation: RevokeBias
Event: 17.012 Executing VM operation: RevokeBias done
Event: 17.012 Thread 0x0000029277557800 Thread exited: 0x0000029277557800
Event: 17.012 loading class org/gradle/internal/remote/internal/inet/SocketConnection$1
Event: 17.012 loading class org/gradle/internal/remote/internal/inet/SocketConnection$1 done
Event: 17.013 loading class java/util/concurrent/ConcurrentLinkedQueue$Itr
Event: 17.013 loading class java/util/concurrent/ConcurrentLinkedQueue$Itr done


Dynamic libraries:
0x00007ff7c0d10000 - 0x00007ff7c0d1e000 	C:\Program Files\Eclipse Adoptium\jdk-11.0.19.7-hotspot\bin\java.exe
0x00007ff95bf10000 - 0x00007ff95c124000 	C:\WINDOWS\SYSTEM32\ntdll.dll
0x00007ff95afe0000 - 0x00007ff95b0a3000 	C:\WINDOWS\System32\KERNEL32.DLL
0x00007ff959960000 - 0x00007ff959cfd000 	C:\WINDOWS\System32\KERNELBASE.dll
0x00007ff959700000 - 0x00007ff959811000 	C:\WINDOWS\System32\ucrtbase.dll
0x00007ff947fe0000 - 0x00007ff947ff9000 	C:\Program Files\Eclipse Adoptium\jdk-11.0.19.7-hotspot\bin\VCRUNTIME140.dll
0x00007ff948fa0000 - 0x00007ff948fb8000 	C:\Program Files\Eclipse Adoptium\jdk-11.0.19.7-hotspot\bin\jli.dll
0x00007ff95bcb0000 - 0x00007ff95be5d000 	C:\WINDOWS\System32\USER32.dll
0x00007ff945fd0000 - 0x00007ff94625e000 	C:\WINDOWS\WinSxS\amd64_microsoft.windows.common-controls_6595b64144ccf1df_6.0.22621.608_none_a9444ca7c10bb01d\COMCTL32.dll
0x00007ff959820000 - 0x00007ff959846000 	C:\WINDOWS\System32\win32u.dll
0x00007ff95a430000 - 0x00007ff95a4d7000 	C:\WINDOWS\System32\msvcrt.dll
0x00007ff959ea0000 - 0x00007ff959ec9000 	C:\WINDOWS\System32\GDI32.dll
0x00007ff9595e0000 - 0x00007ff9596f2000 	C:\WINDOWS\System32\gdi32full.dll
0x00007ff9598c0000 - 0x00007ff95995a000 	C:\WINDOWS\System32\msvcp_win.dll
0x00007ff95ade0000 - 0x00007ff95ae12000 	C:\WINDOWS\System32\IMM32.DLL
0x00007ff952590000 - 0x00007ff95259c000 	C:\Program Files\Eclipse Adoptium\jdk-11.0.19.7-hotspot\bin\vcruntime140_1.dll
0x00007ff920db0000 - 0x00007ff920e41000 	C:\Program Files\Eclipse Adoptium\jdk-11.0.19.7-hotspot\bin\msvcp140.dll
0x00007ff90d200000 - 0x00007ff90ddbc000 	C:\Program Files\Eclipse Adoptium\jdk-11.0.19.7-hotspot\bin\server\jvm.dll
0x00007ff95b4d0000 - 0x00007ff95b57e000 	C:\WINDOWS\System32\ADVAPI32.dll
0x00007ff959ed0000 - 0x00007ff959f74000 	C:\WINDOWS\System32\sechost.dll
0x00007ff95b350000 - 0x00007ff95b465000 	C:\WINDOWS\System32\RPCRT4.dll
0x00007ff95a420000 - 0x00007ff95a428000 	C:\WINDOWS\System32\PSAPI.DLL
0x00007ff951f50000 - 0x00007ff951f84000 	C:\WINDOWS\SYSTEM32\WINMM.dll
0x00007ff948f40000 - 0x00007ff948f49000 	C:\WINDOWS\SYSTEM32\WSOCK32.dll
0x00007ff952200000 - 0x00007ff95220a000 	C:\WINDOWS\SYSTEM32\VERSION.dll
0x00007ff95a4e0000 - 0x00007ff95a551000 	C:\WINDOWS\System32\WS2_32.dll
0x00007ff958440000 - 0x00007ff958458000 	C:\WINDOWS\SYSTEM32\kernel.appcore.dll
0x00007ff9498d0000 - 0x00007ff9498e0000 	C:\Program Files\Eclipse Adoptium\jdk-11.0.19.7-hotspot\bin\verify.dll
0x00007ff956ce0000 - 0x00007ff956f0e000 	C:\WINDOWS\SYSTEM32\DBGHELP.DLL
0x00007ff95b5e0000 - 0x00007ff95b96a000 	C:\WINDOWS\System32\combase.dll
0x00007ff959d00000 - 0x00007ff959dd7000 	C:\WINDOWS\System32\OLEAUT32.dll
0x00007ff9393e0000 - 0x00007ff939412000 	C:\WINDOWS\SYSTEM32\dbgcore.DLL
0x00007ff959330000 - 0x00007ff9593ab000 	C:\WINDOWS\System32\bcryptPrimitives.dll
0x00007ff9413a0000 - 0x00007ff9413c8000 	C:\Program Files\Eclipse Adoptium\jdk-11.0.19.7-hotspot\bin\java.dll
0x00007ff9497b0000 - 0x00007ff9497ba000 	C:\Program Files\Eclipse Adoptium\jdk-11.0.19.7-hotspot\bin\jimage.dll
0x00007ff9466f0000 - 0x00007ff946708000 	C:\Program Files\Eclipse Adoptium\jdk-11.0.19.7-hotspot\bin\zip.dll
0x00007ff95a5e0000 - 0x00007ff95adcf000 	C:\WINDOWS\System32\SHELL32.dll
0x00007ff957320000 - 0x00007ff957be8000 	C:\WINDOWS\SYSTEM32\windows.storage.dll
0x00007ff9571e0000 - 0x00007ff95731e000 	C:\WINDOWS\SYSTEM32\wintypes.dll
0x00007ff95b970000 - 0x00007ff95ba61000 	C:\WINDOWS\System32\SHCORE.dll
0x00007ff95b470000 - 0x00007ff95b4ce000 	C:\WINDOWS\System32\shlwapi.dll
0x00007ff959260000 - 0x00007ff959281000 	C:\WINDOWS\SYSTEM32\profapi.dll
0x00007ff945dd0000 - 0x00007ff945de9000 	C:\Program Files\Eclipse Adoptium\jdk-11.0.19.7-hotspot\bin\net.dll
0x00007ff951b90000 - 0x00007ff951cbf000 	C:\WINDOWS\SYSTEM32\WINHTTP.dll
0x00007ff9588a0000 - 0x00007ff958909000 	C:\WINDOWS\system32\mswsock.dll
0x00007ff944100000 - 0x00007ff944113000 	C:\Program Files\Eclipse Adoptium\jdk-11.0.19.7-hotspot\bin\nio.dll
0x00007ff91c170000 - 0x00007ff91c197000 	C:\Users\91799\.gradle\native\e1d6ef7f7dcc3fd88c89a11ec53ec762bb8ba0a96d01ffa2cd45eb1d1d8dd5c5\windows-amd64\native-platform.dll
0x00007ff9441b0000 - 0x00007ff9441ba000 	C:\Users\91799\.gradle\native\jansi\1.18\windows64\jansi.dll
0x00007ff948f60000 - 0x00007ff948f69000 	C:\Program Files\Eclipse Adoptium\jdk-11.0.19.7-hotspot\bin\management.dll
0x00007ff9489f0000 - 0x00007ff9489fb000 	C:\Program Files\Eclipse Adoptium\jdk-11.0.19.7-hotspot\bin\management_ext.dll
0x00007ff958b20000 - 0x00007ff958b3b000 	C:\WINDOWS\SYSTEM32\CRYPTSP.dll
0x00007ff9583b0000 - 0x00007ff9583e5000 	C:\WINDOWS\system32\rsaenh.dll
0x00007ff958980000 - 0x00007ff9589a8000 	C:\WINDOWS\SYSTEM32\USERENV.dll
0x00007ff958cd0000 - 0x00007ff958cf8000 	C:\WINDOWS\SYSTEM32\bcrypt.dll
0x00007ff958b10000 - 0x00007ff958b1c000 	C:\WINDOWS\SYSTEM32\CRYPTBASE.dll
0x00007ff957eb0000 - 0x00007ff957edd000 	C:\WINDOWS\SYSTEM32\IPHLPAPI.DLL
0x00007ff95a560000 - 0x00007ff95a569000 	C:\WINDOWS\System32\NSI.dll
0x00007ff951730000 - 0x00007ff951749000 	C:\WINDOWS\SYSTEM32\dhcpcsvc6.DLL
0x00007ff9516f0000 - 0x00007ff95170f000 	C:\WINDOWS\SYSTEM32\dhcpcsvc.DLL
0x00007ff957f20000 - 0x00007ff958012000 	C:\WINDOWS\SYSTEM32\DNSAPI.dll

dbghelp: loaded successfully - version: 4.0.5 - missing functions: none
symbol engine: initialized successfully - sym options: 0x614 - pdb path: .;C:\Program Files\Eclipse Adoptium\jdk-11.0.19.7-hotspot\bin;C:\WINDOWS\SYSTEM32;C:\WINDOWS\WinSxS\amd64_microsoft.windows.common-controls_6595b64144ccf1df_6.0.22621.608_none_a9444ca7c10bb01d;C:\Program Files\Eclipse Adoptium\jdk-11.0.19.7-hotspot\bin\server;C:\Users\91799\.gradle\native\e1d6ef7f7dcc3fd88c89a11ec53ec762bb8ba0a96d01ffa2cd45eb1d1d8dd5c5\windows-amd64;C:\Users\91799\.gradle\native\jansi\1.18\windows64

VM Arguments:
jvm_args: -Xmx64m -Xms64m -Dorg.gradle.appname=gradlew 
java_command: org.gradle.wrapper.GradleWrapperMain app:installDebug -PreactNativeDevServerPort=8081
java_class_path (initial): C:\Users\91799\Desktop\html pro\contact\contact_app\android\\gradle\wrapper\gradle-wrapper.jar
Launcher Type: SUN_STANDARD

[Global flags]
     intx CICompilerCount                          = 4                                         {product} {ergonomic}
     uint ConcGCThreads                            = 2                                         {product} {ergonomic}
     uint G1ConcRefinementThreads                  = 8                                         {product} {ergonomic}
   size_t G1HeapRegionSize                         = 1048576                                   {product} {ergonomic}
    uintx GCDrainStackTargetSize                   = 64                                        {product} {ergonomic}
   size_t InitialHeapSize                          = 67108864                                  {product} {command line}
   size_t MarkStackSize                            = 4194304                                   {product} {ergonomic}
   size_t MaxHeapSize                              = 67108864                                  {product} {command line}
   size_t MaxNewSize                               = 39845888                                  {product} {ergonomic}
   size_t MinHeapDeltaBytes                        = 1048576                                   {product} {ergonomic}
    uintx NonNMethodCodeHeapSize                   = 5836300                                {pd product} {ergonomic}
    uintx NonProfiledCodeHeapSize                  = 122910970                              {pd product} {ergonomic}
    uintx ProfiledCodeHeapSize                     = 122910970                              {pd product} {ergonomic}
    uintx ReservedCodeCacheSize                    = 251658240                              {pd product} {ergonomic}
     bool SegmentedCodeCache                       = true                                      {product} {ergonomic}
     bool UseCompressedClassPointers               = true                                 {lp64_product} {ergonomic}
     bool UseCompressedOops                        = true                                 {lp64_product} {ergonomic}
     bool UseG1GC                                  = true                                      {product} {ergonomic}
     bool UseLargePagesIndividualAllocation        = false                                  {pd product} {ergonomic}

Logging:
Log output configuration:
 #0: stdout all=warning uptime,level,tags
 #1: stderr all=off uptime,level,tags

Environment Variables:
CLASSPATH=C:\Users\91799\Desktop\html pro\contact\contact_app\android\\gradle\wrapper\gradle-wrapper.jar
PATH=C:\Users\91799\Desktop\html pro\contact\contact_app\android\node_modules\.bin;C:\Users\91799\Desktop\html pro\contact\contact_app\node_modules\.bin;C:\Users\91799\Desktop\html pro\contact\node_modules\.bin;C:\Users\91799\Desktop\html pro\node_modules\.bin;C:\Users\91799\Desktop\node_modules\.bin;C:\Users\91799\node_modules\.bin;C:\Users\node_modules\.bin;C:\node_modules\.bin;C:\Program Files\nodejs;C:\Users\91799\Desktop\html pro\contact\contact_app\node_modules\.bin;C:\Users\91799\Desktop\html pro\contact\node_modules\.bin;C:\Users\91799\Desktop\html pro\node_modules\.bin;C:\Users\91799\Desktop\node_modules\.bin;C:\Users\91799\node_modules\.bin;C:\Users\node_modules\.bin;C:\node_modules\.bin;C:\Program Files\nodejs\node_modules\npm\node_modules\@npmcli\run-script\lib\node-gyp-bin;C:\Users\91799\AndroidStudioProjects\bin\cache\dart-sdk\bin\;C:\Program Files\Eclipse Adoptium\jdk-11.0.19.7-hotspot\bin;C:\Program Files (x86)\VMware\VMware Workstation\bin\;C:\Program Files\Common Files\Oracle\Java\javapath;C:\Program Files (x86)\Common Files\Oracle\Java\javapath;C:\Program Files\Microsoft\jdk-11.0.12.7-hotspot\bin;C:\Windows\system32;C:\Windows;C:\Windows\System32\Wbem;C:\Windows\System32\WindowsPowerShell\v1.0\;C:\Windows\System32\OpenSSH\;C:\Program Files (x86)\NVIDIA Corporation\PhysX\Common;C:\Program Files\NVIDIA Corporation\NVIDIA NvDLISR;C:\WINDOWS\system32;C:\WINDOWS;C:\WINDOWS\System32\Wbem;C:\WINDOWS\System32\WindowsPowerShell\v1.0\;C:\WINDOWS\System32\OpenSSH\;C:\Program Files\Java\jdk1.8.0_202\bin;C:\Users\91799\AppData\Local\Programs\Python\Python310\Scripts\;C:\Users\91799\AppData\Local\Programs\Python\Python310\;C:\MinGW\bin;C:\Users\91799\AndroidStudioProjects\bin;C:\Users\91799\AndroidStudioProjects\flutter\bin;C:\Users\91799;C:\Program Files\dotnet\;C:\WINDOWS\system32;C:\WINDOWS;C:\WINDOWS\System32\Wbem;C:\WINDOWS\System32\WindowsPowerShell\v1.0\;C:\WINDOWS\System32\OpenSSH\;C:\Program Files\Git\cmd;C:\Program Files\Java\jdk-19;C:\Program Files\Java
USERNAME=Sidharth
LANG=en_US.UTF-8
OS=Windows_NT
PROCESSOR_IDENTIFIER=Intel64 Family 6 Model 165 Stepping 2, GenuineIntel
TMP=C:\Users\91799\AppData\Local\Temp
TEMP=C:\Users\91799\AppData\Local\Temp



---------------  S Y S T E M  ---------------

OS: Windows 11 , 64 bit Build 22621 (10.0.22621.963)
OS uptime: 0 days 16:31 hours
Hyper-V role detected

CPU:total 8 (initial active 8) (4 cores per cpu, 2 threads per core) family 6 model 165 stepping 2 microcode 0xe0, cmov, cx8, fxsr, mmx, sse, sse2, sse3, ssse3, sse4.1, sse4.2, popcnt, avx, avx2, aes, clmul, erms, 3dnowpref, lzcnt, ht, tsc, tscinvbit, bmi1, bmi2, adx, fma

Memory: 4k page, system-wide physical 8029M (1617M free)
TotalPageFile size 13029M (AvailPageFile size 366M)
current process WorkingSet (physical memory assigned to process): 98M, peak: 101M
current process commit charge ("private bytes"): 163M, peak: 166M

vm_info: OpenJDK 64-Bit Server VM (11.0.19+7) for windows-amd64 JRE (11.0.19+7), built on Apr 18 2023 23:12:18 by "" with MS VC++ 16.7 (VS2019)

END.
