#
# There is insufficient memory for the Java Runtime Environment to continue.
# Native memory allocation (malloc) failed to allocate 830096 bytes for Chunk::new
# Possible reasons:
#   The system is out of physical RAM or swap space
#   The process is running with CompressedOops enabled, and the Java Heap may be blocking the growth of the native heap
# Possible solutions:
#   Reduce memory load on the system
#   Increase physical memory or swap space
#   Check if swap backing store is full
#   Decrease Java heap size (-Xmx/-Xms)
#   Decrease number of Java threads
#   Decrease Java thread stack sizes (-Xss)
#   Set larger code cache with -XX:ReservedCodeCacheSize=
#   JVM is running with Unscaled Compressed Oops mode in which the Java heap is
#     placed in the first 4GB address space. The Java Heap base address is the
#     maximum limit for the native heap growth. Please use -XX:HeapBaseMinAddress
#     to set the Java Heap base and to place the Java Heap above 4GB virtual address.
# This output file may be truncated or incomplete.
#
#  Out of Memory Error (arena.cpp:197), pid=11500, tid=10396
#
# JRE version: OpenJDK Runtime Environment Temurin-11.0.19+7 (11.0.19+7) (build 11.0.19+7)
# Java VM: OpenJDK 64-Bit Server VM Temurin-11.0.19+7 (11.0.19+7, mixed mode, tiered, compressed oops, g1 gc, windows-amd64)
# No core dump will be written. Minidumps are not enabled by default on client versions of Windows
#

---------------  S U M M A R Y ------------

Command Line: -XX:MaxMetaspaceSize=512m --add-opens=java.base/java.util=ALL-UNNAMED --add-opens=java.base/java.lang=ALL-UNNAMED --add-opens=java.base/java.lang.invoke=ALL-UNNAMED --add-opens=java.base/java.util=ALL-UNNAMED --add-opens=java.prefs/java.util.prefs=ALL-UNNAMED --add-opens=java.prefs/java.util.prefs=ALL-UNNAMED --add-opens=java.base/java.nio.charset=ALL-UNNAMED --add-opens=java.base/java.net=ALL-UNNAMED --add-opens=java.base/java.util.concurrent.atomic=ALL-UNNAMED -Xmx2048m -Dfile.encoding=windows-1252 -Duser.country=US -Duser.language=en -Duser.variant org.gradle.launcher.daemon.bootstrap.GradleDaemon 7.5.1

Host: Intel(R) Core(TM) i5-10300H CPU @ 2.50GHz, 8 cores, 7G,  Windows 11 , 64 bit Build 22621 (10.0.22621.963)
Time: Sun Jun  4 14:36:26 2023 India Standard Time elapsed time: 13.654301 seconds (0d 0h 0m 13s)

---------------  T H R E A D  ---------------

Current thread (0x000001c960f2f800):  JavaThread "C2 CompilerThread1" daemon [_thread_in_native, id=10396, stack(0x000000622b500000,0x000000622b600000)]


Current CompileTask:
C2:  13654 5413   !   4       java.net.URLClassLoader$1::run (81 bytes)

Stack: [0x000000622b500000,0x000000622b600000]
Native frames: (J=compiled Java code, j=interpreted, Vv=VM code, C=native code)
V  [jvm.dll+0x64fb5a]
V  [jvm.dll+0x7e3549]
V  [jvm.dll+0x7e4c49]
V  [jvm.dll+0x7e5333]
V  [jvm.dll+0x26afd5]
V  [jvm.dll+0xc1a5c]
V  [jvm.dll+0xc200c]
V  [jvm.dll+0x2dd462]
V  [jvm.dll+0x559fe7]
V  [jvm.dll+0x22ba61]
V  [jvm.dll+0x225129]
V  [jvm.dll+0x221c74]
V  [jvm.dll+0x19e6c1]
V  [jvm.dll+0x231f59]
V  [jvm.dll+0x2300af]
V  [jvm.dll+0x7a48d0]
V  [jvm.dll+0x79d6e4]
V  [jvm.dll+0x64e915]
C  [ucrtbase.dll+0x29363]
C  [KERNEL32.DLL+0x126bd]
C  [ntdll.dll+0x5dfb8]


---------------  P R O C E S S  ---------------

Threads class SMR info:
_java_thread_list=0x000001c9611eb420, length=78, elements={
0x000001c93cd0a000, 0x000001c95ddb3800, 0x000001c95dda8000, 0x000001c95ddc4000,
0x000001c95ddc5000, 0x000001c95ddc6000, 0x000001c95ddc7000, 0x000001c95ddd0000,
0x000001c95ddd4800, 0x000001c95e8ef000, 0x000001c961019800, 0x000001c95e940800,
0x000001c95eb32800, 0x000001c96116f800, 0x000001c9611e2800, 0x000001c96079a000,
0x000001c960f1c000, 0x000001c9617d5000, 0x000001c95f6d0800, 0x000001c961107800,
0x000001c960d5c800, 0x000001c960d5a000, 0x000001c960d58800, 0x000001c960d5d000,
0x000001c960d59000, 0x000001c960d5b000, 0x000001c960d57800, 0x000001c960d5e000,
0x000001c960d5b800, 0x000001c962223000, 0x000001c962227000, 0x000001c962224000,
0x000001c962226000, 0x000001c96222a800, 0x000001c96222d800, 0x000001c960f2f800,
0x000001c96222d000, 0x000001c96222e800, 0x000001c962229800, 0x000001c96222c000,
0x000001c96222b000, 0x000001c962228800, 0x000001c96222f000, 0x000001c962230000,
0x000001c965e20800, 0x000001c965e22800, 0x000001c965e23000, 0x000001c965e21800,
0x000001c965e24000, 0x000001c965e24800, 0x000001c965e20000, 0x000001c965e1f000,
0x000001c965e26800, 0x000001c965e2b800, 0x000001c965e27000, 0x000001c965e28000,
0x000001c965e29000, 0x000001c965e25800, 0x000001c965e2d800, 0x000001c965e29800,
0x000001c965e2a800, 0x000001c965e2c000, 0x000001c965e2d000, 0x000001c961df2000,
0x000001c961ded800, 0x000001c961df3000, 0x000001c961def000, 0x000001c961df0000,
0x000001c961df0800, 0x000001c961df4000, 0x000001c961df1800, 0x000001c961dee000,
0x000001c962461000, 0x000001c962462800, 0x000001c962461800, 0x000001c962463000,
0x000001c962464000, 0x000001c962465800
}

Java Threads: ( => current thread )
  0x000001c93cd0a000 JavaThread "main" [_thread_blocked, id=2016, stack(0x0000006228a00000,0x0000006228b00000)]
  0x000001c95ddb3800 JavaThread "Reference Handler" daemon [_thread_blocked, id=1912, stack(0x0000006229100000,0x0000006229200000)]
  0x000001c95dda8000 JavaThread "Finalizer" daemon [_thread_blocked, id=5900, stack(0x0000006229200000,0x0000006229300000)]
  0x000001c95ddc4000 JavaThread "Signal Dispatcher" daemon [_thread_blocked, id=1920, stack(0x0000006229300000,0x0000006229400000)]
  0x000001c95ddc5000 JavaThread "Attach Listener" daemon [_thread_blocked, id=17488, stack(0x0000006229400000,0x0000006229500000)]
  0x000001c95ddc6000 JavaThread "Service Thread" daemon [_thread_blocked, id=4332, stack(0x0000006229500000,0x0000006229600000)]
  0x000001c95ddc7000 JavaThread "C2 CompilerThread0" daemon [_thread_in_native, id=9312, stack(0x0000006229600000,0x0000006229700000)]
  0x000001c95ddd0000 JavaThread "C1 CompilerThread0" daemon [_thread_blocked, id=7608, stack(0x0000006229700000,0x0000006229800000)]
  0x000001c95ddd4800 JavaThread "Sweeper thread" daemon [_thread_blocked, id=13960, stack(0x0000006229800000,0x0000006229900000)]
  0x000001c95e8ef000 JavaThread "Common-Cleaner" daemon [_thread_blocked, id=8492, stack(0x0000006229900000,0x0000006229a00000)]
  0x000001c961019800 JavaThread "Daemon health stats" [_thread_blocked, id=8820, stack(0x0000006229f00000,0x000000622a000000)]
  0x000001c95e940800 JavaThread "Incoming local TCP Connector on port 53139" [_thread_in_native, id=15220, stack(0x0000006229b00000,0x0000006229c00000)]
  0x000001c95eb32800 JavaThread "Daemon" [_thread_blocked, id=12496, stack(0x0000006229c00000,0x0000006229d00000)]
  0x000001c96116f800 JavaThread "Daemon periodic checks" [_thread_blocked, id=17884, stack(0x000000622a000000,0x000000622a100000)]
  0x000001c9611e2800 JavaThread "Handler for socket connection from /127.0.0.1:53139 to /127.0.0.1:53140" [_thread_in_native, id=6920, stack(0x000000622a100000,0x000000622a200000)]
  0x000001c96079a000 JavaThread "Cancel handler" [_thread_blocked, id=13700, stack(0x000000622a200000,0x000000622a300000)]
  0x000001c960f1c000 JavaThread "Daemon worker" [_thread_in_native, id=9428, stack(0x000000622a300000,0x000000622a400000)]
  0x000001c9617d5000 JavaThread "Asynchronous log dispatcher for DefaultDaemonConnection: socket connection from /127.0.0.1:53139 to /127.0.0.1:53140" [_thread_blocked, id=16516, stack(0x000000622a400000,0x000000622a500000)]
  0x000001c95f6d0800 JavaThread "Stdin handler" [_thread_blocked, id=2576, stack(0x000000622a500000,0x000000622a600000)]
  0x000001c961107800 JavaThread "Daemon client event forwarder" [_thread_blocked, id=13692, stack(0x000000622a600000,0x000000622a700000)]
  0x000001c960d5c800 JavaThread "Cache worker for journal cache (C:\Users\91799\.gradle\caches\journal-1)" [_thread_blocked, id=15152, stack(0x000000622a700000,0x000000622a800000)]
  0x000001c960d5a000 JavaThread "File lock request listener" [_thread_in_native, id=8712, stack(0x000000622ad00000,0x000000622ae00000)]
  0x000001c960d58800 JavaThread "Cache worker for file hash cache (C:\Users\91799\.gradle\caches\7.5.1\fileHashes)" [_thread_blocked, id=9096, stack(0x000000622ae00000,0x000000622af00000)]
  0x000001c960d5d000 JavaThread "File watcher server" daemon [_thread_in_native, id=8700, stack(0x000000622b100000,0x000000622b200000)]
  0x000001c960d59000 JavaThread "File watcher consumer" daemon [_thread_blocked, id=4500, stack(0x000000622b200000,0x000000622b300000)]
  0x000001c960d5b000 JavaThread "Cache worker for checksums cache (C:\Users\91799\Desktop\html pro\contact\contact_app\android\.gradle\7.5.1\checksums)" [_thread_blocked, id=5380, stack(0x000000622b000000,0x000000622b100000)]
  0x000001c960d57800 JavaThread "Cache worker for cache directory md-rule (C:\Users\91799\.gradle\caches\7.5.1\md-rule)" [_thread_blocked, id=13016, stack(0x000000622b300000,0x000000622b400000)]
  0x000001c960d5e000 JavaThread "Cache worker for file content cache (C:\Users\91799\.gradle\caches\7.5.1\fileContent)" [_thread_blocked, id=18668, stack(0x000000622b400000,0x000000622b500000)]
  0x000001c960d5b800 JavaThread "Cache worker for file hash cache (C:\Users\91799\Desktop\html pro\contact\contact_app\android\.gradle\7.5.1\fileHashes)" [_thread_blocked, id=9816, stack(0x000000622b600000,0x000000622b700000)]
  0x000001c962223000 JavaThread "Cache worker for cache directory md-supplier (C:\Users\91799\.gradle\caches\7.5.1\md-supplier)" [_thread_blocked, id=17024, stack(0x000000622b700000,0x000000622b800000)]
  0x000001c962227000 JavaThread "Cache worker for execution history cache (C:\Users\91799\.gradle\caches\7.5.1\executionHistory)" [_thread_blocked, id=18900, stack(0x000000622b800000,0x000000622b900000)]
  0x000001c962224000 JavaThread "jar transforms" [_thread_blocked, id=15472, stack(0x000000622ba00000,0x000000622bb00000)]
  0x000001c962226000 JavaThread "jar transforms Thread 2" [_thread_blocked, id=6236, stack(0x000000622bb00000,0x000000622bc00000)]
  0x000001c96222a800 JavaThread "jar transforms Thread 3" [_thread_blocked, id=12956, stack(0x000000622bc00000,0x000000622bd00000)]
  0x000001c96222d800 JavaThread "jar transforms Thread 4" [_thread_blocked, id=4744, stack(0x000000622bd00000,0x000000622be00000)]
=>0x000001c960f2f800 JavaThread "C2 CompilerThread1" daemon [_thread_in_native, id=10396, stack(0x000000622b500000,0x000000622b600000)]
  0x000001c96222d000 JavaThread "Cache worker for kotlin-dsl (C:\Users\91799\.gradle\caches\7.5.1\kotlin-dsl)" [_thread_blocked, id=1284, stack(0x000000622b900000,0x000000622ba00000)]
  0x000001c96222e800 JavaThread "jar transforms Thread 5" [_thread_blocked, id=18792, stack(0x000000622be00000,0x000000622bf00000)]
  0x000001c962229800 JavaThread "jar transforms Thread 6" [_thread_blocked, id=16076, stack(0x000000622bf00000,0x000000622c000000)]
  0x000001c96222c000 JavaThread "Cache worker for dependencies-accessors (C:\Users\91799\Desktop\html pro\contact\contact_app\android\.gradle\7.5.1\dependencies-accessors)" [_thread_blocked, id=5400, stack(0x000000622c000000,0x000000622c100000)]
  0x000001c96222b000 JavaThread "Cache worker for Build Output Cleanup Cache (C:\Users\91799\Desktop\html pro\contact\contact_app\node_modules\react-native-gradle-plugin\.gradle\buildOutputCleanup)" [_thread_blocked, id=20340, stack(0x000000622c100000,0x000000622c200000)]
  0x000001c962228800 JavaThread "jar transforms Thread 7" [_thread_blocked, id=13088, stack(0x000000622c200000,0x000000622c300000)]
  0x000001c96222f000 JavaThread "Unconstrained build operations" [_thread_blocked, id=1004, stack(0x000000622c300000,0x000000622c400000)]
  0x000001c962230000 JavaThread "Unconstrained build operations Thread 2" [_thread_blocked, id=6116, stack(0x000000622c400000,0x000000622c500000)]
  0x000001c965e20800 JavaThread "Unconstrained build operations Thread 3" [_thread_blocked, id=9920, stack(0x000000622c500000,0x000000622c600000)]
  0x000001c965e22800 JavaThread "Unconstrained build operations Thread 4" [_thread_blocked, id=14268, stack(0x000000622c600000,0x000000622c700000)]
  0x000001c965e23000 JavaThread "Unconstrained build operations Thread 5" [_thread_blocked, id=6356, stack(0x000000622c700000,0x000000622c800000)]
  0x000001c965e21800 JavaThread "Unconstrained build operations Thread 6" [_thread_blocked, id=11780, stack(0x000000622c800000,0x000000622c900000)]
  0x000001c965e24000 JavaThread "Unconstrained build operations Thread 7" [_thread_blocked, id=2832, stack(0x000000622c900000,0x000000622ca00000)]
  0x000001c965e24800 JavaThread "Unconstrained build operations Thread 8" [_thread_blocked, id=18688, stack(0x000000622ca00000,0x000000622cb00000)]
  0x000001c965e20000 JavaThread "Unconstrained build operations Thread 9" [_thread_blocked, id=1948, stack(0x000000622cb00000,0x000000622cc00000)]
  0x000001c965e1f000 JavaThread "Unconstrained build operations Thread 10" [_thread_blocked, id=20064, stack(0x000000622cc00000,0x000000622cd00000)]
  0x000001c965e26800 JavaThread "Unconstrained build operations Thread 11" [_thread_blocked, id=8344, stack(0x000000622cd00000,0x000000622ce00000)]
  0x000001c965e2b800 JavaThread "Unconstrained build operations Thread 12" [_thread_blocked, id=6028, stack(0x000000622ce00000,0x000000622cf00000)]
  0x000001c965e27000 JavaThread "Unconstrained build operations Thread 13" [_thread_blocked, id=4116, stack(0x000000622cf00000,0x000000622d000000)]
  0x000001c965e28000 JavaThread "Unconstrained build operations Thread 14" [_thread_blocked, id=300, stack(0x000000622d000000,0x000000622d100000)]
  0x000001c965e29000 JavaThread "Unconstrained build operations Thread 15" [_thread_blocked, id=2360, stack(0x000000622d100000,0x000000622d200000)]
  0x000001c965e25800 JavaThread "Unconstrained build operations Thread 16" [_thread_blocked, id=12412, stack(0x000000622d200000,0x000000622d300000)]
  0x000001c965e2d800 JavaThread "Unconstrained build operations Thread 17" [_thread_blocked, id=4064, stack(0x000000622d300000,0x000000622d400000)]
  0x000001c965e29800 JavaThread "Unconstrained build operations Thread 18" [_thread_blocked, id=3420, stack(0x000000622d400000,0x000000622d500000)]
  0x000001c965e2a800 JavaThread "Unconstrained build operations Thread 19" [_thread_blocked, id=14764, stack(0x000000622d500000,0x000000622d600000)]
  0x000001c965e2c000 JavaThread "Unconstrained build operations Thread 20" [_thread_blocked, id=9120, stack(0x000000622d600000,0x000000622d700000)]
  0x000001c965e2d000 JavaThread "Unconstrained build operations Thread 21" [_thread_blocked, id=18796, stack(0x000000622d700000,0x000000622d800000)]
  0x000001c961df2000 JavaThread "Unconstrained build operations Thread 22" [_thread_blocked, id=6360, stack(0x000000622d800000,0x000000622d900000)]
  0x000001c961ded800 JavaThread "Unconstrained build operations Thread 23" [_thread_blocked, id=20120, stack(0x000000622d900000,0x000000622da00000)]
  0x000001c961df3000 JavaThread "Unconstrained build operations Thread 24" [_thread_blocked, id=15200, stack(0x000000622da00000,0x000000622db00000)]
  0x000001c961def000 JavaThread "Unconstrained build operations Thread 25" [_thread_blocked, id=12748, stack(0x000000622db00000,0x000000622dc00000)]
  0x000001c961df0000 JavaThread "Unconstrained build operations Thread 26" [_thread_blocked, id=17928, stack(0x000000622dc00000,0x000000622dd00000)]
  0x000001c961df0800 JavaThread "Unconstrained build operations Thread 27" [_thread_blocked, id=7244, stack(0x000000622dd00000,0x000000622de00000)]
  0x000001c961df4000 JavaThread "Unconstrained build operations Thread 28" [_thread_blocked, id=1472, stack(0x000000622de00000,0x000000622df00000)]
  0x000001c961df1800 JavaThread "Unconstrained build operations Thread 29" [_thread_blocked, id=8800, stack(0x000000622df00000,0x000000622e000000)]
  0x000001c961dee000 JavaThread "Unconstrained build operations Thread 30" [_thread_blocked, id=17760, stack(0x000000622e000000,0x000000622e100000)]
  0x000001c962461000 JavaThread "Unconstrained build operations Thread 31" [_thread_blocked, id=20440, stack(0x000000622e100000,0x000000622e200000)]
  0x000001c962462800 JavaThread "Unconstrained build operations Thread 32" [_thread_blocked, id=820, stack(0x000000622e200000,0x000000622e300000)]
  0x000001c962461800 JavaThread "Unconstrained build operations Thread 33" [_thread_blocked, id=16936, stack(0x000000622e300000,0x000000622e400000)]
  0x000001c962463000 JavaThread "jar transforms Thread 8" [_thread_blocked, id=15432, stack(0x000000622e400000,0x000000622e500000)]
  0x000001c962464000 JavaThread "build event listener" [_thread_blocked, id=12668, stack(0x000000622e500000,0x000000622e600000)]
  0x000001c962465800 JavaThread "Memory manager" [_thread_blocked, id=17564, stack(0x000000622e600000,0x000000622e700000)]

Other Threads:
  0x000001c95dd9c800 VMThread "VM Thread" [stack: 0x0000006229000000,0x0000006229100000] [id=13276]
  0x000001c95e8f6000 WatcherThread [stack: 0x0000006229a00000,0x0000006229b00000] [id=11076]
  0x000001c93cd24800 GCTaskThread "GC Thread#0" [stack: 0x0000006228b00000,0x0000006228c00000] [id=11980]
  0x000001c9601ee800 GCTaskThread "GC Thread#1" [stack: 0x0000006229d00000,0x0000006229e00000] [id=3828]
  0x000001c95fdd8000 GCTaskThread "GC Thread#2" [stack: 0x0000006229e00000,0x0000006229f00000] [id=8072]
  0x000001c9600d0000 GCTaskThread "GC Thread#3" [stack: 0x000000622a800000,0x000000622a900000] [id=14356]
  0x000001c96027e800 GCTaskThread "GC Thread#4" [stack: 0x000000622a900000,0x000000622aa00000] [id=8764]
  0x000001c96027f000 GCTaskThread "GC Thread#5" [stack: 0x000000622aa00000,0x000000622ab00000] [id=7952]
  0x000001c95ffe2800 GCTaskThread "GC Thread#6" [stack: 0x000000622ab00000,0x000000622ac00000] [id=15524]
  0x000001c95ffe3800 GCTaskThread "GC Thread#7" [stack: 0x000000622ac00000,0x000000622ad00000] [id=11732]
  0x000001c93cd56800 ConcurrentGCThread "G1 Main Marker" [stack: 0x0000006228c00000,0x0000006228d00000] [id=16328]
  0x000001c93cd58800 ConcurrentGCThread "G1 Conc#0" [stack: 0x0000006228d00000,0x0000006228e00000] [id=18564]
  0x000001c960a4b000 ConcurrentGCThread "G1 Conc#1" [stack: 0x000000622af00000,0x000000622b000000] [id=1692]
  0x000001c93cdce000 ConcurrentGCThread "G1 Refine#0" [stack: 0x0000006228e00000,0x0000006228f00000] [id=13376]
  0x000001c95dc11800 ConcurrentGCThread "G1 Young RemSet Sampling" [stack: 0x0000006228f00000,0x0000006229000000] [id=12480]

Threads with active compile tasks:
C2 CompilerThread0    13678 5409       4       java.net.URLClassLoader$1::run (5 bytes)
C2 CompilerThread1    13678 5413   !   4       java.net.URLClassLoader$1::run (81 bytes)

VM state:not at safepoint (normal execution)

VM Mutex/Monitor currently owned by a thread: None

Heap address: 0x0000000080000000, size: 2048 MB, Compressed Oops mode: 32-bit
Narrow klass base: 0x0000000000000000, Narrow klass shift: 3
Compressed class space size: 528482304 Address: 0x0000000100000000

Heap:
 garbage-first heap   total 129024K, used 56530K [0x0000000080000000, 0x0000000100000000)
  region size 1024K, 20 young (20480K), 6 survivors (6144K)
 Metaspace       used 59284K, capacity 60940K, committed 61140K, reserved 569344K
  class space    used 7744K, capacity 8418K, committed 8448K, reserved 516096K
Heap Regions: E=young(eden), S=young(survivor), O=old, HS=humongous(starts), HC=humongous(continues), CS=collection set, F=free, A=archive, TAMS=top-at-mark-start (previous, next)
|   0|0x0000000080000000, 0x0000000080100000, 0x0000000080100000|100%| O|  |TAMS 0x0000000080100000, 0x0000000080000000| Untracked 
|   1|0x0000000080100000, 0x0000000080200000, 0x0000000080200000|100%| O|  |TAMS 0x0000000080200000, 0x0000000080100000| Untracked 
|   2|0x0000000080200000, 0x0000000080300000, 0x0000000080300000|100%| O|  |TAMS 0x0000000080300000, 0x0000000080200000| Untracked 
|   3|0x0000000080300000, 0x0000000080400000, 0x0000000080400000|100%|HS|  |TAMS 0x0000000080400000, 0x0000000080300000| Complete 
|   4|0x0000000080400000, 0x0000000080500000, 0x0000000080500000|100%|HC|  |TAMS 0x0000000080500000, 0x0000000080400000| Complete 
|   5|0x0000000080500000, 0x0000000080600000, 0x0000000080600000|100%|HC|  |TAMS 0x0000000080600000, 0x0000000080500000| Complete 
|   6|0x0000000080600000, 0x0000000080700000, 0x0000000080700000|100%| O|  |TAMS 0x0000000080700000, 0x0000000080600000| Untracked 
|   7|0x0000000080700000, 0x0000000080800000, 0x0000000080800000|100%| O|  |TAMS 0x0000000080800000, 0x0000000080700000| Untracked 
|   8|0x0000000080800000, 0x0000000080900000, 0x0000000080900000|100%| O|  |TAMS 0x0000000080900000, 0x0000000080800000| Untracked 
|   9|0x0000000080900000, 0x0000000080a00000, 0x0000000080a00000|100%| O|  |TAMS 0x0000000080a00000, 0x0000000080900000| Untracked 
|  10|0x0000000080a00000, 0x0000000080b00000, 0x0000000080b00000|100%| O|  |TAMS 0x0000000080b00000, 0x0000000080a00000| Untracked 
|  11|0x0000000080b00000, 0x0000000080c00000, 0x0000000080c00000|100%| O|  |TAMS 0x0000000080c00000, 0x0000000080b00000| Untracked 
|  12|0x0000000080c00000, 0x0000000080d00000, 0x0000000080d00000|100%| O|  |TAMS 0x0000000080d00000, 0x0000000080c00000| Untracked 
|  13|0x0000000080d00000, 0x0000000080e00000, 0x0000000080e00000|100%| O|  |TAMS 0x0000000080e00000, 0x0000000080d00000| Untracked 
|  14|0x0000000080e00000, 0x0000000080f00000, 0x0000000080f00000|100%| O|  |TAMS 0x0000000080f00000, 0x0000000080e00000| Untracked 
|  15|0x0000000080f00000, 0x0000000081000000, 0x0000000081000000|100%| O|  |TAMS 0x0000000081000000, 0x0000000080f00000| Untracked 
|  16|0x0000000081000000, 0x0000000081100000, 0x0000000081100000|100%| O|  |TAMS 0x0000000081100000, 0x0000000081000000| Untracked 
|  17|0x0000000081100000, 0x0000000081200000, 0x0000000081200000|100%| O|  |TAMS 0x0000000081200000, 0x0000000081100000| Untracked 
|  18|0x0000000081200000, 0x0000000081300000, 0x0000000081300000|100%| O|  |TAMS 0x0000000081300000, 0x0000000081200000| Untracked 
|  19|0x0000000081300000, 0x0000000081400000, 0x0000000081400000|100%| O|  |TAMS 0x0000000081400000, 0x0000000081300000| Untracked 
|  20|0x0000000081400000, 0x0000000081500000, 0x0000000081500000|100%| O|  |TAMS 0x0000000081500000, 0x0000000081400000| Untracked 
|  21|0x0000000081500000, 0x0000000081600000, 0x0000000081600000|100%| O|  |TAMS 0x0000000081600000, 0x0000000081500000| Untracked 
|  22|0x0000000081600000, 0x0000000081700000, 0x0000000081700000|100%| O|  |TAMS 0x0000000081700000, 0x0000000081600000| Untracked 
|  23|0x0000000081700000, 0x0000000081800000, 0x0000000081800000|100%| O|  |TAMS 0x0000000081800000, 0x0000000081700000| Untracked 
|  24|0x0000000081800000, 0x0000000081900000, 0x0000000081900000|100%| O|  |TAMS 0x0000000081900000, 0x0000000081800000| Untracked 
|  25|0x0000000081900000, 0x0000000081a00000, 0x0000000081a00000|100%| O|  |TAMS 0x0000000081a00000, 0x0000000081900000| Untracked 
|  26|0x0000000081a00000, 0x0000000081b00000, 0x0000000081b00000|100%| O|  |TAMS 0x0000000081b00000, 0x0000000081a00000| Untracked 
|  27|0x0000000081b00000, 0x0000000081c00000, 0x0000000081c00000|100%| O|  |TAMS 0x0000000081c00000, 0x0000000081b00000| Untracked 
|  28|0x0000000081c00000, 0x0000000081d00000, 0x0000000081d00000|100%| O|  |TAMS 0x0000000081d00000, 0x0000000081c00000| Untracked 
|  29|0x0000000081d00000, 0x0000000081e00000, 0x0000000081e00000|100%| O|  |TAMS 0x0000000081e00000, 0x0000000081d00000| Untracked 
|  30|0x0000000081e00000, 0x0000000081f00000, 0x0000000081f00000|100%|HS|  |TAMS 0x0000000081f00000, 0x0000000081e00000| Complete 
|  31|0x0000000081f00000, 0x0000000082000000, 0x0000000082000000|100%|HS|  |TAMS 0x0000000082000000, 0x0000000081f00000| Complete 
|  32|0x0000000082000000, 0x0000000082100000, 0x0000000082100000|100%|HC|  |TAMS 0x0000000082100000, 0x0000000082000000| Complete 
|  33|0x0000000082100000, 0x0000000082200000, 0x0000000082200000|100%|HC|  |TAMS 0x0000000082200000, 0x0000000082100000| Complete 
|  34|0x0000000082200000, 0x0000000082300000, 0x0000000082300000|100%| O|  |TAMS 0x0000000082300000, 0x0000000082200000| Untracked 
|  35|0x0000000082300000, 0x0000000082400000, 0x0000000082400000|100%| O|  |TAMS 0x0000000082400000, 0x0000000082300000| Untracked 
|  36|0x0000000082400000, 0x0000000082434a00, 0x0000000082500000| 20%| O|  |TAMS 0x0000000082434a00, 0x0000000082400000| Untracked 
|  37|0x0000000082500000, 0x0000000082500000, 0x0000000082600000|  0%| F|  |TAMS 0x0000000082500000, 0x0000000082500000| Untracked 
|  38|0x0000000082600000, 0x0000000082600000, 0x0000000082700000|  0%| F|  |TAMS 0x0000000082600000, 0x0000000082600000| Untracked 
|  39|0x0000000082700000, 0x0000000082700000, 0x0000000082800000|  0%| F|  |TAMS 0x0000000082700000, 0x0000000082700000| Untracked 
|  40|0x0000000082800000, 0x0000000082800000, 0x0000000082900000|  0%| F|  |TAMS 0x0000000082800000, 0x0000000082800000| Untracked 
|  41|0x0000000082900000, 0x0000000082900000, 0x0000000082a00000|  0%| F|  |TAMS 0x0000000082900000, 0x0000000082900000| Untracked 
|  42|0x0000000082a00000, 0x0000000082a00000, 0x0000000082b00000|  0%| F|  |TAMS 0x0000000082a00000, 0x0000000082a00000| Untracked 
|  43|0x0000000082b00000, 0x0000000082b00000, 0x0000000082c00000|  0%| F|  |TAMS 0x0000000082b00000, 0x0000000082b00000| Untracked 
|  44|0x0000000082c00000, 0x0000000082c00000, 0x0000000082d00000|  0%| F|  |TAMS 0x0000000082c00000, 0x0000000082c00000| Untracked 
|  45|0x0000000082d00000, 0x0000000082d00000, 0x0000000082e00000|  0%| F|  |TAMS 0x0000000082d00000, 0x0000000082d00000| Untracked 
|  46|0x0000000082e00000, 0x0000000082e00000, 0x0000000082f00000|  0%| F|  |TAMS 0x0000000082e00000, 0x0000000082e00000| Untracked 
|  47|0x0000000082f00000, 0x0000000082f00000, 0x0000000083000000|  0%| F|  |TAMS 0x0000000082f00000, 0x0000000082f00000| Untracked 
|  48|0x0000000083000000, 0x0000000083000000, 0x0000000083100000|  0%| F|  |TAMS 0x0000000083000000, 0x0000000083000000| Untracked 
|  49|0x0000000083100000, 0x0000000083100000, 0x0000000083200000|  0%| F|  |TAMS 0x0000000083100000, 0x0000000083100000| Untracked 
|  50|0x0000000083200000, 0x0000000083200000, 0x0000000083300000|  0%| F|  |TAMS 0x0000000083200000, 0x0000000083200000| Untracked 
|  51|0x0000000083300000, 0x0000000083300000, 0x0000000083400000|  0%| F|  |TAMS 0x0000000083300000, 0x0000000083300000| Untracked 
|  52|0x0000000083400000, 0x0000000083400000, 0x0000000083500000|  0%| F|  |TAMS 0x0000000083400000, 0x0000000083400000| Untracked 
|  53|0x0000000083500000, 0x0000000083500000, 0x0000000083600000|  0%| F|  |TAMS 0x0000000083500000, 0x0000000083500000| Untracked 
|  54|0x0000000083600000, 0x0000000083600000, 0x0000000083700000|  0%| F|  |TAMS 0x0000000083600000, 0x0000000083600000| Untracked 
|  55|0x0000000083700000, 0x0000000083700000, 0x0000000083800000|  0%| F|  |TAMS 0x0000000083700000, 0x0000000083700000| Untracked 
|  56|0x0000000083800000, 0x0000000083800000, 0x0000000083900000|  0%| F|  |TAMS 0x0000000083800000, 0x0000000083800000| Untracked 
|  57|0x0000000083900000, 0x0000000083900000, 0x0000000083a00000|  0%| F|  |TAMS 0x0000000083900000, 0x0000000083900000| Untracked 
|  58|0x0000000083a00000, 0x0000000083a00000, 0x0000000083b00000|  0%| F|  |TAMS 0x0000000083a00000, 0x0000000083a00000| Untracked 
|  59|0x0000000083b00000, 0x0000000083b00000, 0x0000000083c00000|  0%| F|  |TAMS 0x0000000083b00000, 0x0000000083b00000| Untracked 
|  60|0x0000000083c00000, 0x0000000083c00000, 0x0000000083d00000|  0%| F|  |TAMS 0x0000000083c00000, 0x0000000083c00000| Untracked 
|  61|0x0000000083d00000, 0x0000000083d00000, 0x0000000083e00000|  0%| F|  |TAMS 0x0000000083d00000, 0x0000000083d00000| Untracked 
|  62|0x0000000083e00000, 0x0000000083e00000, 0x0000000083f00000|  0%| F|  |TAMS 0x0000000083e00000, 0x0000000083e00000| Untracked 
|  63|0x0000000083f00000, 0x0000000083f00000, 0x0000000084000000|  0%| F|  |TAMS 0x0000000083f00000, 0x0000000083f00000| Untracked 
|  64|0x0000000084000000, 0x0000000084000000, 0x0000000084100000|  0%| F|  |TAMS 0x0000000084000000, 0x0000000084000000| Untracked 
|  65|0x0000000084100000, 0x0000000084100000, 0x0000000084200000|  0%| F|  |TAMS 0x0000000084100000, 0x0000000084100000| Untracked 
|  66|0x0000000084200000, 0x0000000084200000, 0x0000000084300000|  0%| F|  |TAMS 0x0000000084200000, 0x0000000084200000| Untracked 
|  67|0x0000000084300000, 0x0000000084300000, 0x0000000084400000|  0%| F|  |TAMS 0x0000000084300000, 0x0000000084300000| Untracked 
|  68|0x0000000084400000, 0x0000000084400000, 0x0000000084500000|  0%| F|  |TAMS 0x0000000084400000, 0x0000000084400000| Untracked 
|  69|0x0000000084500000, 0x0000000084500000, 0x0000000084600000|  0%| F|  |TAMS 0x0000000084500000, 0x0000000084500000| Untracked 
|  70|0x0000000084600000, 0x0000000084600000, 0x0000000084700000|  0%| F|  |TAMS 0x0000000084600000, 0x0000000084600000| Untracked 
|  71|0x0000000084700000, 0x0000000084700000, 0x0000000084800000|  0%| F|  |TAMS 0x0000000084700000, 0x0000000084700000| Untracked 
|  72|0x0000000084800000, 0x0000000084800000, 0x0000000084900000|  0%| F|  |TAMS 0x0000000084800000, 0x0000000084800000| Untracked 
|  73|0x0000000084900000, 0x0000000084900000, 0x0000000084a00000|  0%| F|  |TAMS 0x0000000084900000, 0x0000000084900000| Untracked 
|  74|0x0000000084a00000, 0x0000000084a00000, 0x0000000084b00000|  0%| F|  |TAMS 0x0000000084a00000, 0x0000000084a00000| Untracked 
|  75|0x0000000084b00000, 0x0000000084b00000, 0x0000000084c00000|  0%| F|  |TAMS 0x0000000084b00000, 0x0000000084b00000| Untracked 
|  76|0x0000000084c00000, 0x0000000084c00000, 0x0000000084d00000|  0%| F|  |TAMS 0x0000000084c00000, 0x0000000084c00000| Untracked 
|  77|0x0000000084d00000, 0x0000000084d00000, 0x0000000084e00000|  0%| F|  |TAMS 0x0000000084d00000, 0x0000000084d00000| Untracked 
|  78|0x0000000084e00000, 0x0000000084e00000, 0x0000000084f00000|  0%| F|  |TAMS 0x0000000084e00000, 0x0000000084e00000| Untracked 
|  79|0x0000000084f00000, 0x0000000084f00000, 0x0000000085000000|  0%| F|  |TAMS 0x0000000084f00000, 0x0000000084f00000| Untracked 
|  80|0x0000000085000000, 0x0000000085000000, 0x0000000085100000|  0%| F|  |TAMS 0x0000000085000000, 0x0000000085000000| Untracked 
|  81|0x0000000085100000, 0x0000000085100000, 0x0000000085200000|  0%| F|  |TAMS 0x0000000085100000, 0x0000000085100000| Untracked 
|  82|0x0000000085200000, 0x0000000085200000, 0x0000000085300000|  0%| F|  |TAMS 0x0000000085200000, 0x0000000085200000| Untracked 
|  83|0x0000000085300000, 0x0000000085300000, 0x0000000085400000|  0%| F|  |TAMS 0x0000000085300000, 0x0000000085300000| Untracked 
|  84|0x0000000085400000, 0x0000000085400000, 0x0000000085500000|  0%| F|  |TAMS 0x0000000085400000, 0x0000000085400000| Untracked 
|  85|0x0000000085500000, 0x0000000085500000, 0x0000000085600000|  0%| F|  |TAMS 0x0000000085500000, 0x0000000085500000| Untracked 
|  86|0x0000000085600000, 0x0000000085700000, 0x0000000085700000|100%| S|CS|TAMS 0x0000000085600000, 0x0000000085600000| Complete 
|  87|0x0000000085700000, 0x0000000085800000, 0x0000000085800000|100%| S|CS|TAMS 0x0000000085700000, 0x0000000085700000| Complete 
|  88|0x0000000085800000, 0x0000000085900000, 0x0000000085900000|100%| S|CS|TAMS 0x0000000085800000, 0x0000000085800000| Complete 
|  89|0x0000000085900000, 0x0000000085a00000, 0x0000000085a00000|100%| S|CS|TAMS 0x0000000085900000, 0x0000000085900000| Complete 
|  90|0x0000000085a00000, 0x0000000085b00000, 0x0000000085b00000|100%| S|CS|TAMS 0x0000000085a00000, 0x0000000085a00000| Complete 
|  91|0x0000000085b00000, 0x0000000085c00000, 0x0000000085c00000|100%| S|CS|TAMS 0x0000000085b00000, 0x0000000085b00000| Complete 
|  92|0x0000000085c00000, 0x0000000085c00000, 0x0000000085d00000|  0%| F|  |TAMS 0x0000000085c00000, 0x0000000085c00000| Untracked 
|  93|0x0000000085d00000, 0x0000000085d00000, 0x0000000085e00000|  0%| F|  |TAMS 0x0000000085d00000, 0x0000000085d00000| Untracked 
|  94|0x0000000085e00000, 0x0000000085e00000, 0x0000000085f00000|  0%| F|  |TAMS 0x0000000085e00000, 0x0000000085e00000| Untracked 
|  95|0x0000000085f00000, 0x0000000085f00000, 0x0000000086000000|  0%| F|  |TAMS 0x0000000085f00000, 0x0000000085f00000| Untracked 
|  96|0x0000000086000000, 0x0000000086000000, 0x0000000086100000|  0%| F|  |TAMS 0x0000000086000000, 0x0000000086000000| Untracked 
|  97|0x0000000086100000, 0x0000000086100000, 0x0000000086200000|  0%| F|  |TAMS 0x0000000086100000, 0x0000000086100000| Untracked 
|  98|0x0000000086200000, 0x0000000086200000, 0x0000000086300000|  0%| F|  |TAMS 0x0000000086200000, 0x0000000086200000| Untracked 
|  99|0x0000000086300000, 0x0000000086300000, 0x0000000086400000|  0%| F|  |TAMS 0x0000000086300000, 0x0000000086300000| Untracked 
| 100|0x0000000086400000, 0x0000000086400000, 0x0000000086500000|  0%| F|  |TAMS 0x0000000086400000, 0x0000000086400000| Untracked 
| 101|0x0000000086500000, 0x0000000086500000, 0x0000000086600000|  0%| F|  |TAMS 0x0000000086500000, 0x0000000086500000| Untracked 
| 102|0x0000000086600000, 0x0000000086600000, 0x0000000086700000|  0%| F|  |TAMS 0x0000000086600000, 0x0000000086600000| Untracked 
| 103|0x0000000086700000, 0x0000000086700000, 0x0000000086800000|  0%| F|  |TAMS 0x0000000086700000, 0x0000000086700000| Untracked 
| 104|0x0000000086800000, 0x0000000086800000, 0x0000000086900000|  0%| F|  |TAMS 0x0000000086800000, 0x0000000086800000| Untracked 
| 105|0x0000000086900000, 0x0000000086900000, 0x0000000086a00000|  0%| F|  |TAMS 0x0000000086900000, 0x0000000086900000| Untracked 
| 106|0x0000000086a00000, 0x0000000086a00000, 0x0000000086b00000|  0%| F|  |TAMS 0x0000000086a00000, 0x0000000086a00000| Untracked 
| 107|0x0000000086b00000, 0x0000000086b00000, 0x0000000086c00000|  0%| F|  |TAMS 0x0000000086b00000, 0x0000000086b00000| Untracked 
| 108|0x0000000086c00000, 0x0000000086c00000, 0x0000000086d00000|  0%| F|  |TAMS 0x0000000086c00000, 0x0000000086c00000| Untracked 
| 109|0x0000000086d00000, 0x0000000086d00000, 0x0000000086e00000|  0%| F|  |TAMS 0x0000000086d00000, 0x0000000086d00000| Untracked 
| 110|0x0000000086e00000, 0x0000000086e00000, 0x0000000086f00000|  0%| F|  |TAMS 0x0000000086e00000, 0x0000000086e00000| Untracked 
| 111|0x0000000086f00000, 0x0000000086f00000, 0x0000000087000000|  0%| F|  |TAMS 0x0000000086f00000, 0x0000000086f00000| Untracked 
| 112|0x0000000087000000, 0x0000000087100000, 0x0000000087100000|100%| E|  |TAMS 0x0000000087000000, 0x0000000087000000| Complete 
| 113|0x0000000087100000, 0x0000000087200000, 0x0000000087200000|100%| E|CS|TAMS 0x0000000087100000, 0x0000000087100000| Complete 
| 114|0x0000000087200000, 0x0000000087300000, 0x0000000087300000|100%| E|CS|TAMS 0x0000000087200000, 0x0000000087200000| Complete 
| 115|0x0000000087300000, 0x0000000087400000, 0x0000000087400000|100%| E|CS|TAMS 0x0000000087300000, 0x0000000087300000| Complete 
| 116|0x0000000087400000, 0x0000000087500000, 0x0000000087500000|100%| E|CS|TAMS 0x0000000087400000, 0x0000000087400000| Complete 
| 117|0x0000000087500000, 0x0000000087600000, 0x0000000087600000|100%| E|CS|TAMS 0x0000000087500000, 0x0000000087500000| Complete 
| 118|0x0000000087600000, 0x0000000087700000, 0x0000000087700000|100%| E|CS|TAMS 0x0000000087600000, 0x0000000087600000| Complete 
| 119|0x0000000087700000, 0x0000000087800000, 0x0000000087800000|100%| E|CS|TAMS 0x0000000087700000, 0x0000000087700000| Complete 
| 120|0x0000000087800000, 0x0000000087900000, 0x0000000087900000|100%| E|CS|TAMS 0x0000000087800000, 0x0000000087800000| Complete 
| 121|0x0000000087900000, 0x0000000087a00000, 0x0000000087a00000|100%| E|CS|TAMS 0x0000000087900000, 0x0000000087900000| Complete 
| 122|0x0000000087a00000, 0x0000000087b00000, 0x0000000087b00000|100%| E|CS|TAMS 0x0000000087a00000, 0x0000000087a00000| Complete 
| 123|0x0000000087b00000, 0x0000000087c00000, 0x0000000087c00000|100%| E|CS|TAMS 0x0000000087b00000, 0x0000000087b00000| Complete 
| 124|0x0000000087c00000, 0x0000000087d00000, 0x0000000087d00000|100%| E|CS|TAMS 0x0000000087c00000, 0x0000000087c00000| Complete 
| 125|0x0000000087d00000, 0x0000000087e00000, 0x0000000087e00000|100%| E|CS|TAMS 0x0000000087d00000, 0x0000000087d00000| Complete 

Card table byte_map: [0x000001c956ac0000,0x000001c956ec0000] _byte_map_base: 0x000001c9566c0000

Marking Bits (Prev, Next): (CMBitMap*) 0x000001c93cd4d820, (CMBitMap*) 0x000001c93cd4d7e8
 Prev Bits: [0x000001c9592c0000, 0x000001c95b2c0000)
 Next Bits: [0x000001c9572c0000, 0x000001c9592c0000)

Polling page: 0x000001c946c20000

Metaspace:

Usage:
  Non-class:     51.29 MB capacity,    50.33 MB ( 98%) used,   796.35 KB (  2%) free+waste,   182.69 KB ( <1%) overhead. 
      Class:      8.22 MB capacity,     7.56 MB ( 92%) used,   581.49 KB (  7%) free+waste,    90.12 KB (  1%) overhead. 
       Both:     59.51 MB capacity,    57.90 MB ( 97%) used,     1.35 MB (  2%) free+waste,   272.81 KB ( <1%) overhead. 

Virtual space:
  Non-class space:       52.00 MB reserved,      51.46 MB ( 99%) committed 
      Class space:      504.00 MB reserved,       8.25 MB (  2%) committed 
             Both:      556.00 MB reserved,      59.71 MB ( 11%) committed 

Chunk freelists:
   Non-Class:  38.00 KB
       Class:  30.00 KB
        Both:  68.00 KB

MaxMetaspaceSize: 512.00 MB
CompressedClassSpaceSize: 504.00 MB
Initial GC threshold: 20.80 MB
Current GC threshold: 98.68 MB
CDS: off

CodeHeap 'non-profiled nmethods': size=120000Kb used=3298Kb max_used=3298Kb free=116701Kb
 bounds [0x000001c94e710000, 0x000001c94ea50000, 0x000001c955c40000]
CodeHeap 'profiled nmethods': size=120000Kb used=11272Kb max_used=11272Kb free=108727Kb
 bounds [0x000001c9471e0000, 0x000001c947cf0000, 0x000001c94e710000]
CodeHeap 'non-nmethods': size=5760Kb used=2337Kb max_used=2382Kb free=3422Kb
 bounds [0x000001c946c40000, 0x000001c946eb0000, 0x000001c9471e0000]
 total_blobs=6257 nmethods=5406 adapters=763
 compilation: enabled
              stopped_count=0, restarted_count=0
 full_count=0

Compilation events (20 events):
Event: 13.454 Thread 0x000001c95ddd0000 5405       3       kotlin.reflect.jvm.internal.impl.name.FqNameUnsafe::asString (13 bytes)
Event: 13.454 Thread 0x000001c95ddd0000 nmethod 5405 0x000001c947cdf190 code [0x000001c947cdf340, 0x000001c947cdf4c8]
Event: 13.454 Thread 0x000001c95ddd0000 5406       3       kotlin.reflect.jvm.internal.impl.name.Name::identifier (18 bytes)
Event: 13.454 Thread 0x000001c95ddd0000 nmethod 5406 0x000001c947cdf590 code [0x000001c947cdf780, 0x000001c947cdfad8]
Event: 13.472 Thread 0x000001c95ddd0000 5407       3       java.util.jar.JarFile::getVersionedEntry (85 bytes)
Event: 13.473 Thread 0x000001c95ddd0000 nmethod 5407 0x000001c947cdfc10 code [0x000001c947cdff00, 0x000001c947ce0f08]
Event: 13.474 Thread 0x000001c960f2f800 5408       4       java.lang.ClassLoader::definePackage (84 bytes)
Event: 13.492 Thread 0x000001c960f2f800 nmethod 5408 0x000001c94ea46b90 code [0x000001c94ea46d80, 0x000001c94ea47578]
Event: 13.523 Thread 0x000001c95ddc7000 5409       4       java.net.URLClassLoader$1::run (5 bytes)
Event: 13.523 Thread 0x000001c960f2f800 5410       4       java.lang.AbstractStringBuilder::append (45 bytes)
Event: 13.529 Thread 0x000001c960f2f800 nmethod 5410 0x000001c94ea47b10 code [0x000001c94ea47ce0, 0x000001c94ea48258]
Event: 13.573 Thread 0x000001c95ddd0000 5411       3       kotlin.reflect.jvm.internal.ReflectProperties$Val::<init> (5 bytes)
Event: 13.573 Thread 0x000001c95ddd0000 nmethod 5411 0x000001c947ce1510 code [0x000001c947ce16c0, 0x000001c947ce1818]
Event: 13.573 Thread 0x000001c95ddd0000 5412       1       kotlin.reflect.jvm.internal.pcollections.ConsPStack::size (5 bytes)
Event: 13.573 Thread 0x000001c95ddd0000 nmethod 5412 0x000001c94ea48590 code [0x000001c94ea48740, 0x000001c94ea487f8]
Event: 13.585 Thread 0x000001c960f2f800 5413   !   4       java.net.URLClassLoader$1::run (81 bytes)
Event: 13.636 Thread 0x000001c95ddd0000 5414       3       java.lang.Character::isJavaIdentifierPart (9 bytes)
Event: 13.637 Thread 0x000001c95ddd0000 nmethod 5414 0x000001c947ce1910 code [0x000001c947ce1ae0, 0x000001c947ce1cb8]
Event: 13.637 Thread 0x000001c95ddd0000 5415       3       java.lang.CharacterDataLatin1::isJavaIdentifierPart (20 bytes)
Event: 13.637 Thread 0x000001c95ddd0000 nmethod 5415 0x000001c947ce1d90 code [0x000001c947ce1f60, 0x000001c947ce2178]

GC Heap History (20 events):
Event: 4.361 GC heap before
{Heap before GC invocations=2 (full 0):
 garbage-first heap   total 129024K, used 35997K [0x0000000080000000, 0x0000000100000000)
  region size 1024K, 30 young (30720K), 10 survivors (10240K)
 Metaspace       used 20691K, capacity 21157K, committed 21296K, reserved 536576K
  class space    used 2475K, capacity 2658K, committed 2688K, reserved 516096K
}
Event: 4.368 GC heap after
{Heap after GC invocations=3 (full 0):
 garbage-first heap   total 129024K, used 17727K [0x0000000080000000, 0x0000000100000000)
  region size 1024K, 2 young (2048K), 2 survivors (2048K)
 Metaspace       used 20691K, capacity 21157K, committed 21296K, reserved 536576K
  class space    used 2475K, capacity 2658K, committed 2688K, reserved 516096K
}
Event: 5.157 GC heap before
{Heap before GC invocations=4 (full 0):
 garbage-first heap   total 129024K, used 64831K [0x0000000080000000, 0x0000000100000000)
  region size 1024K, 49 young (50176K), 2 survivors (2048K)
 Metaspace       used 25544K, capacity 26103K, committed 26288K, reserved 540672K
  class space    used 3261K, capacity 3482K, committed 3584K, reserved 516096K
}
Event: 5.160 GC heap after
{Heap after GC invocations=5 (full 0):
 garbage-first heap   total 129024K, used 19168K [0x0000000080000000, 0x0000000100000000)
  region size 1024K, 3 young (3072K), 3 survivors (3072K)
 Metaspace       used 25544K, capacity 26103K, committed 26288K, reserved 540672K
  class space    used 3261K, capacity 3482K, committed 3584K, reserved 516096K
}
Event: 6.032 GC heap before
{Heap before GC invocations=5 (full 0):
 garbage-first heap   total 129024K, used 74464K [0x0000000080000000, 0x0000000100000000)
  region size 1024K, 57 young (58368K), 3 survivors (3072K)
 Metaspace       used 30393K, capacity 31065K, committed 31152K, reserved 544768K
  class space    used 4022K, capacity 4291K, committed 4352K, reserved 516096K
}
Event: 6.034 GC heap after
{Heap after GC invocations=6 (full 0):
 garbage-first heap   total 129024K, used 20706K [0x0000000080000000, 0x0000000100000000)
  region size 1024K, 4 young (4096K), 4 survivors (4096K)
 Metaspace       used 30393K, capacity 31065K, committed 31152K, reserved 544768K
  class space    used 4022K, capacity 4291K, committed 4352K, reserved 516096K
}
Event: 6.385 GC heap before
{Heap before GC invocations=6 (full 0):
 garbage-first heap   total 129024K, used 37090K [0x0000000080000000, 0x0000000100000000)
  region size 1024K, 21 young (21504K), 4 survivors (4096K)
 Metaspace       used 35026K, capacity 35787K, committed 35920K, reserved 548864K
  class space    used 4475K, capacity 4822K, committed 4864K, reserved 516096K
}
Event: 6.395 GC heap after
{Heap after GC invocations=7 (full 0):
 garbage-first heap   total 129024K, used 22603K [0x0000000080000000, 0x0000000100000000)
  region size 1024K, 6 young (6144K), 6 survivors (6144K)
 Metaspace       used 35026K, capacity 35787K, committed 35920K, reserved 548864K
  class space    used 4475K, capacity 4822K, committed 4864K, reserved 516096K
}
Event: 7.117 GC heap before
{Heap before GC invocations=8 (full 0):
 garbage-first heap   total 129024K, used 73803K [0x0000000080000000, 0x0000000100000000)
  region size 1024K, 54 young (55296K), 6 survivors (6144K)
 Metaspace       used 39903K, capacity 40859K, committed 41168K, reserved 552960K
  class space    used 5015K, capacity 5401K, committed 5504K, reserved 516096K
}
Event: 7.126 GC heap after
{Heap after GC invocations=9 (full 0):
 garbage-first heap   total 129024K, used 27096K [0x0000000080000000, 0x0000000100000000)
  region size 1024K, 7 young (7168K), 7 survivors (7168K)
 Metaspace       used 39903K, capacity 40859K, committed 41168K, reserved 552960K
  class space    used 5015K, capacity 5401K, committed 5504K, reserved 516096K
}
Event: 11.046 GC heap before
{Heap before GC invocations=9 (full 0):
 garbage-first heap   total 129024K, used 77272K [0x0000000080000000, 0x0000000100000000)
  region size 1024K, 56 young (57344K), 7 survivors (7168K)
 Metaspace       used 42021K, capacity 43132K, committed 43344K, reserved 555008K
  class space    used 5320K, capacity 5785K, committed 5888K, reserved 516096K
}
Event: 11.053 GC heap after
{Heap after GC invocations=10 (full 0):
 garbage-first heap   total 129024K, used 30313K [0x0000000080000000, 0x0000000100000000)
  region size 1024K, 7 young (7168K), 7 survivors (7168K)
 Metaspace       used 42021K, capacity 43132K, committed 43344K, reserved 555008K
  class space    used 5320K, capacity 5785K, committed 5888K, reserved 516096K
}
Event: 11.677 GC heap before
{Heap before GC invocations=10 (full 0):
 garbage-first heap   total 129024K, used 81513K [0x0000000080000000, 0x0000000100000000)
  region size 1024K, 57 young (58368K), 7 survivors (7168K)
 Metaspace       used 46417K, capacity 47691K, committed 47824K, reserved 559104K
  class space    used 5926K, capacity 6409K, committed 6528K, reserved 516096K
}
Event: 11.684 GC heap after
{Heap after GC invocations=11 (full 0):
 garbage-first heap   total 129024K, used 32171K [0x0000000080000000, 0x0000000100000000)
  region size 1024K, 6 young (6144K), 6 survivors (6144K)
 Metaspace       used 46417K, capacity 47691K, committed 47824K, reserved 559104K
  class space    used 5926K, capacity 6409K, committed 6528K, reserved 516096K
}
Event: 12.330 GC heap before
{Heap before GC invocations=11 (full 0):
 garbage-first heap   total 129024K, used 85419K [0x0000000080000000, 0x0000000100000000)
  region size 1024K, 58 young (59392K), 6 survivors (6144K)
 Metaspace       used 50203K, capacity 51595K, committed 51664K, reserved 561152K
  class space    used 6461K, capacity 7006K, committed 7040K, reserved 516096K
}
Event: 12.335 GC heap after
{Heap after GC invocations=12 (full 0):
 garbage-first heap   total 129024K, used 33538K [0x0000000080000000, 0x0000000100000000)
  region size 1024K, 4 young (4096K), 4 survivors (4096K)
 Metaspace       used 50203K, capacity 51595K, committed 51664K, reserved 561152K
  class space    used 6461K, capacity 7006K, committed 7040K, reserved 516096K
}
Event: 12.992 GC heap before
{Heap before GC invocations=12 (full 0):
 garbage-first heap   total 129024K, used 91906K [0x0000000080000000, 0x0000000100000000)
  region size 1024K, 58 young (59392K), 4 survivors (4096K)
 Metaspace       used 55600K, capacity 57151K, committed 57424K, reserved 567296K
  class space    used 7227K, capacity 7880K, committed 7936K, reserved 516096K
}
Event: 12.997 GC heap after
{Heap after GC invocations=13 (full 0):
 garbage-first heap   total 129024K, used 41203K [0x0000000080000000, 0x0000000100000000)
  region size 1024K, 7 young (7168K), 7 survivors (7168K)
 Metaspace       used 55600K, capacity 57151K, committed 57424K, reserved 567296K
  class space    used 7227K, capacity 7880K, committed 7936K, reserved 516096K
}
Event: 13.437 GC heap before
{Heap before GC invocations=13 (full 0):
 garbage-first heap   total 129024K, used 74995K [0x0000000080000000, 0x0000000100000000)
  region size 1024K, 41 young (41984K), 7 survivors (7168K)
 Metaspace       used 58493K, capacity 60108K, committed 60296K, reserved 569344K
  class space    used 7626K, capacity 8290K, committed 8320K, reserved 516096K
}
Event: 13.446 GC heap after
{Heap after GC invocations=14 (full 0):
 garbage-first heap   total 129024K, used 43218K [0x0000000080000000, 0x0000000100000000)
  region size 1024K, 6 young (6144K), 6 survivors (6144K)
 Metaspace       used 58493K, capacity 60108K, committed 60296K, reserved 569344K
  class space    used 7626K, capacity 8290K, committed 8320K, reserved 516096K
}

Deoptimization events (20 events):
Event: 13.262 Thread 0x000001c960f1c000 DEOPT PACKING pc=0x000001c94ea05f84 sp=0x000000622a3f6180
Event: 13.262 Thread 0x000001c960f1c000 DEOPT UNPACKING pc=0x000001c946c8a1af sp=0x000000622a3f6130 mode 2
Event: 13.262 Thread 0x000001c960f1c000 Uncommon trap: trap_request=0xffffff4d fr.pc=0x000001c94ea06880 relative=0x00000000000003e0
Event: 13.262 Thread 0x000001c960f1c000 Uncommon trap: reason=unstable_if action=reinterpret pc=0x000001c94ea06880 method=org.gradle.internal.instantiation.generator.AbstractClassGenerator$InjectionAnnotationValidator.validateMethod(Ljava/lang/reflect/Method;Lorg/gradle/internal/reflect/Propert
Event: 13.262 Thread 0x000001c960f1c000 DEOPT PACKING pc=0x000001c94ea06880 sp=0x000000622a3f60c0
Event: 13.262 Thread 0x000001c960f1c000 DEOPT UNPACKING pc=0x000001c946c8a1af sp=0x000000622a3f6080 mode 2
Event: 13.283 Thread 0x000001c96116f800 Uncommon trap: trap_request=0xffffff4d fr.pc=0x000001c94e749890 relative=0x0000000000000550
Event: 13.283 Thread 0x000001c96116f800 Uncommon trap: reason=unstable_if action=reinterpret pc=0x000001c94e749890 method=java.lang.AbstractStringBuilder.append(Ljava/lang/String;)Ljava/lang/AbstractStringBuilder; @ 1 c2
Event: 13.283 Thread 0x000001c96116f800 DEOPT PACKING pc=0x000001c94e749890 sp=0x000000622a0fe7e0
Event: 13.284 Thread 0x000001c96116f800 DEOPT UNPACKING pc=0x000001c946c8a1af sp=0x000000622a0fe760 mode 2
Event: 13.284 Thread 0x000001c96116f800 Uncommon trap: trap_request=0xffffff4d fr.pc=0x000001c94e7633e4 relative=0x0000000000000524
Event: 13.284 Thread 0x000001c96116f800 Uncommon trap: reason=unstable_if action=reinterpret pc=0x000001c94e7633e4 method=java.lang.AbstractStringBuilder.append(Ljava/lang/String;)Ljava/lang/AbstractStringBuilder; @ 1 c2
Event: 13.284 Thread 0x000001c96116f800 DEOPT PACKING pc=0x000001c94e7633e4 sp=0x000000622a0fe780
Event: 13.284 Thread 0x000001c96116f800 DEOPT UNPACKING pc=0x000001c946c8a1af sp=0x000000622a0fe768 mode 2
Event: 13.400 Thread 0x000001c960f1c000 DEOPT PACKING pc=0x000001c947b44ff1 sp=0x000000622a3f7c40
Event: 13.400 Thread 0x000001c960f1c000 DEOPT UNPACKING pc=0x000001c946c8a95e sp=0x000000622a3f7138 mode 0
Event: 13.462 Thread 0x000001c960f1c000 Uncommon trap: trap_request=0xffffff4d fr.pc=0x000001c94e8451b8 relative=0x0000000000000838
Event: 13.463 Thread 0x000001c960f1c000 Uncommon trap: reason=unstable_if action=reinterpret pc=0x000001c94e8451b8 method=java.util.jar.JarFile.getVersionedEntry(Ljava/lang/String;Ljava/util/jar/JarEntry;)Ljava/util/jar/JarEntry; @ 67 c2
Event: 13.463 Thread 0x000001c960f1c000 DEOPT PACKING pc=0x000001c94e8451b8 sp=0x000000622a3f56b0
Event: 13.463 Thread 0x000001c960f1c000 DEOPT UNPACKING pc=0x000001c946c8a1af sp=0x000000622a3f5698 mode 2

Classes redefined (0 events):
No events

Internal exceptions (20 events):
Event: 13.108 Thread 0x000001c960f1c000 Exception <a 'java/lang/ClassNotFoundException'{0x000000008747fa48}: org/gradle/api/plugins/internal/DefaultBasePluginConventionCustomizer> (0x000000008747fa48) thrown at [s\src\hotspot\share\classfile\systemDictionary.cpp, line 230]
Event: 13.110 Thread 0x000001c960f1c000 Exception <a 'java/lang/ClassNotFoundException'{0x00000000874ffa08}: org/gradle/api/plugins/internal/DefaultJavaPluginConventionBeanInfo> (0x00000000874ffa08) thrown at [s\src\hotspot\share\classfile\systemDictionary.cpp, line 230]
Event: 13.111 Thread 0x000001c960f1c000 Exception <a 'java/lang/ClassNotFoundException'{0x000000008733af58}: org/gradle/api/plugins/JavaPluginConventionBeanInfo> (0x000000008733af58) thrown at [s\src\hotspot\share\classfile\systemDictionary.cpp, line 230]
Event: 13.112 Thread 0x000001c960f1c000 Exception <a 'java/lang/ClassNotFoundException'{0x0000000087375938}: org/gradle/api/plugins/JavaPluginConventionCustomizer> (0x0000000087375938) thrown at [s\src\hotspot\share\classfile\systemDictionary.cpp, line 230]
Event: 13.114 Thread 0x000001c960f1c000 Exception <a 'java/lang/ClassNotFoundException'{0x00000000873ca1f8}: org/gradle/api/plugins/internal/DefaultJavaPluginConventionCustomizer> (0x00000000873ca1f8) thrown at [s\src\hotspot\share\classfile\systemDictionary.cpp, line 230]
Event: 13.238 Thread 0x000001c960f1c000 Exception <a 'java/lang/NoSuchMethodError'{0x0000000086b7a368}: 'int java.lang.invoke.DirectMethodHandle$Holder.invokeInterface(java.lang.Object, java.lang.Object, java.lang.Object, java.lang.Object)'> (0x0000000086b7a368) thrown at [s\src\hotspot\share\interpreter\linkResolver.cpp, line 773]
Event: 13.283 Thread 0x000001c96116f800 Implicit null exception at 0x000001c94e749374 to 0x000001c94e749878
Event: 13.284 Thread 0x000001c96116f800 Implicit null exception at 0x000001c94e762ef4 to 0x000001c94e7633cc
Event: 13.344 Thread 0x000001c960f1c000 Exception <a 'java/lang/ClassNotFoundException'{0x00000000865f3498}: org/jetbrains/kotlin/gradle/targets/js/npm/DefaultNpmDependencyExtensionBeanInfo> (0x00000000865f3498) thrown at [s\src\hotspot\share\classfile\systemDictionary.cpp, line 230]
Event: 13.345 Thread 0x000001c960f1c000 Exception <a 'java/lang/ClassNotFoundException'{0x00000000864016d8}: org/jetbrains/kotlin/gradle/targets/js/npm/DefaultNpmDependencyExtensionCustomizer> (0x00000000864016d8) thrown at [s\src\hotspot\share\classfile\systemDictionary.cpp, line 230]
Event: 13.354 Thread 0x000001c960f1c000 Exception <a 'java/lang/ClassNotFoundException'{0x0000000086480ac8}: org/jetbrains/kotlin/gradle/targets/js/npm/NpmDependencyExtensionKt$defaultNpmDependencyDelegate$1BeanInfo> (0x0000000086480ac8) thrown at [s\src\hotspot\share\classfile\systemDictionary.cpp, line 230]
Event: 13.355 Thread 0x000001c960f1c000 Exception <a 'java/lang/ClassNotFoundException'{0x000000008648f570}: org/jetbrains/kotlin/gradle/targets/js/npm/NpmDependencyExtensionDelegateBeanInfo> (0x000000008648f570) thrown at [s\src\hotspot\share\classfile\systemDictionary.cpp, line 230]
Event: 13.355 Thread 0x000001c960f1c000 Exception <a 'java/lang/ClassNotFoundException'{0x000000008649e6a8}: org/jetbrains/kotlin/gradle/targets/js/npm/NpmDependencyExtensionDelegateCustomizer> (0x000000008649e6a8) thrown at [s\src\hotspot\share\classfile\systemDictionary.cpp, line 230]
Event: 13.358 Thread 0x000001c960f1c000 Exception <a 'java/lang/ClassNotFoundException'{0x00000000864c56b0}: org/jetbrains/kotlin/gradle/targets/js/npm/NpmDependencyExtensionKt$defaultNpmDependencyDelegate$1Customizer> (0x00000000864c56b0) thrown at [s\src\hotspot\share\classfile\systemDictionary.cpp, line 230]
Event: 13.361 Thread 0x000001c960f1c000 Exception <a 'java/lang/ClassNotFoundException'{0x000000008630a918}: org/jetbrains/kotlin/gradle/targets/js/npm/DefaultDevNpmDependencyExtensionBeanInfo> (0x000000008630a918) thrown at [s\src\hotspot\share\classfile\systemDictionary.cpp, line 230]
Event: 13.362 Thread 0x000001c960f1c000 Exception <a 'java/lang/ClassNotFoundException'{0x00000000863187c0}: org/jetbrains/kotlin/gradle/targets/js/npm/DefaultDevNpmDependencyExtensionCustomizer> (0x00000000863187c0) thrown at [s\src\hotspot\share\classfile\systemDictionary.cpp, line 230]
Event: 13.364 Thread 0x000001c960f1c000 Exception <a 'java/lang/ClassNotFoundException'{0x0000000086360730}: org/jetbrains/kotlin/gradle/targets/js/npm/DefaultPeerNpmDependencyExtensionBeanInfo> (0x0000000086360730) thrown at [s\src\hotspot\share\classfile\systemDictionary.cpp, line 230]
Event: 13.365 Thread 0x000001c960f1c000 Exception <a 'java/lang/ClassNotFoundException'{0x000000008636e5e8}: org/jetbrains/kotlin/gradle/targets/js/npm/DefaultPeerNpmDependencyExtensionCustomizer> (0x000000008636e5e8) thrown at [s\src\hotspot\share\classfile\systemDictionary.cpp, line 230]
Event: 13.367 Thread 0x000001c960f1c000 Exception <a 'java/lang/ClassNotFoundException'{0x00000000863beaa8}: org/jetbrains/kotlin/gradle/targets/js/npm/DefaultPeerNpmDependencyExtension$delegate$1BeanInfo> (0x00000000863beaa8) thrown at [s\src\hotspot\share\classfile\systemDictionary.cpp, line 230]
Event: 13.367 Thread 0x000001c960f1c000 Exception <a 'java/lang/ClassNotFoundException'{0x00000000863cd130}: org/jetbrains/kotlin/gradle/targets/js/npm/DefaultPeerNpmDependencyExtension$delegate$1Customizer> (0x00000000863cd130) thrown at [s\src\hotspot\share\classfile\systemDictionary.cpp, line 230]

Events (20 events):
Event: 13.643 loading class kotlin/reflect/jvm/internal/impl/resolve/jvm/SyntheticJavaPartsProvider$Companion
Event: 13.643 loading class kotlin/reflect/jvm/internal/impl/resolve/jvm/SyntheticJavaPartsProvider$Companion done
Event: 13.643 loading class kotlin/reflect/jvm/internal/impl/resolve/jvm/CompositeSyntheticJavaPartsProvider
Event: 13.643 loading class kotlin/reflect/jvm/internal/impl/resolve/jvm/CompositeSyntheticJavaPartsProvider done
Event: 13.644 loading class kotlin/reflect/jvm/internal/impl/load/java/lazy/LazyJavaPackageFragmentProvider
Event: 13.644 loading class kotlin/reflect/jvm/internal/impl/load/java/lazy/LazyJavaPackageFragmentProvider done
Event: 13.645 loading class kotlin/reflect/jvm/internal/impl/descriptors/PackageFragmentProviderOptimized
Event: 13.645 loading class kotlin/reflect/jvm/internal/impl/descriptors/PackageFragmentProviderOptimized done
Event: 13.645 loading class kotlin/reflect/jvm/internal/impl/descriptors/PackageFragmentProvider
Event: 13.645 loading class kotlin/reflect/jvm/internal/impl/descriptors/PackageFragmentProvider done
Event: 13.646 loading class kotlin/reflect/jvm/internal/impl/load/java/lazy/LazyJavaResolverContext
Event: 13.646 loading class kotlin/reflect/jvm/internal/impl/load/java/lazy/LazyJavaResolverContext done
Event: 13.647 loading class kotlin/reflect/jvm/internal/impl/load/java/lazy/TypeParameterResolver$EMPTY
Event: 13.647 loading class kotlin/reflect/jvm/internal/impl/load/java/lazy/TypeParameterResolver$EMPTY done
Event: 13.647 loading class kotlin/reflect/jvm/internal/impl/load/java/lazy/TypeParameterResolver
Event: 13.647 loading class kotlin/reflect/jvm/internal/impl/load/java/lazy/TypeParameterResolver done
Event: 13.648 loading class kotlin/reflect/jvm/internal/impl/load/java/lazy/types/JavaTypeResolver
Event: 13.648 loading class kotlin/reflect/jvm/internal/impl/load/java/lazy/types/JavaTypeResolver done
Event: 13.651 loading class kotlin/reflect/jvm/internal/impl/load/java/lazy/types/TypeParameterUpperBoundEraser
Event: 13.651 loading class kotlin/reflect/jvm/internal/impl/load/java/lazy/types/TypeParameterUpperBoundEraser done


Dynamic libraries:
0x00007ff7c0d10000 - 0x00007ff7c0d1e000 	C:\Program Files\Eclipse Adoptium\jdk-11.0.19.7-hotspot\bin\java.exe
0x00007ff95bf10000 - 0x00007ff95c124000 	C:\WINDOWS\SYSTEM32\ntdll.dll
0x00007ff95afe0000 - 0x00007ff95b0a3000 	C:\WINDOWS\System32\KERNEL32.DLL
0x00007ff959960000 - 0x00007ff959cfd000 	C:\WINDOWS\System32\KERNELBASE.dll
0x00007ff959700000 - 0x00007ff959811000 	C:\WINDOWS\System32\ucrtbase.dll
0x00007ff92d410000 - 0x00007ff92d428000 	C:\Program Files\Eclipse Adoptium\jdk-11.0.19.7-hotspot\bin\jli.dll
0x00007ff924920000 - 0x00007ff924939000 	C:\Program Files\Eclipse Adoptium\jdk-11.0.19.7-hotspot\bin\VCRUNTIME140.dll
0x00007ff95bcb0000 - 0x00007ff95be5d000 	C:\WINDOWS\System32\USER32.dll
0x00007ff945fd0000 - 0x00007ff94625e000 	C:\WINDOWS\WinSxS\amd64_microsoft.windows.common-controls_6595b64144ccf1df_6.0.22621.608_none_a9444ca7c10bb01d\COMCTL32.dll
0x00007ff959820000 - 0x00007ff959846000 	C:\WINDOWS\System32\win32u.dll
0x00007ff95a430000 - 0x00007ff95a4d7000 	C:\WINDOWS\System32\msvcrt.dll
0x00007ff959ea0000 - 0x00007ff959ec9000 	C:\WINDOWS\System32\GDI32.dll
0x00007ff9595e0000 - 0x00007ff9596f2000 	C:\WINDOWS\System32\gdi32full.dll
0x00007ff9598c0000 - 0x00007ff95995a000 	C:\WINDOWS\System32\msvcp_win.dll
0x00007ff95ade0000 - 0x00007ff95ae12000 	C:\WINDOWS\System32\IMM32.DLL
0x00007ff947e60000 - 0x00007ff947e6c000 	C:\Program Files\Eclipse Adoptium\jdk-11.0.19.7-hotspot\bin\vcruntime140_1.dll
0x00007ff911580000 - 0x00007ff911611000 	C:\Program Files\Eclipse Adoptium\jdk-11.0.19.7-hotspot\bin\msvcp140.dll
0x00007ff8fe5a0000 - 0x00007ff8ff15c000 	C:\Program Files\Eclipse Adoptium\jdk-11.0.19.7-hotspot\bin\server\jvm.dll
0x00007ff95b4d0000 - 0x00007ff95b57e000 	C:\WINDOWS\System32\ADVAPI32.dll
0x00007ff959ed0000 - 0x00007ff959f74000 	C:\WINDOWS\System32\sechost.dll
0x00007ff95b350000 - 0x00007ff95b465000 	C:\WINDOWS\System32\RPCRT4.dll
0x00007ff95a420000 - 0x00007ff95a428000 	C:\WINDOWS\System32\PSAPI.DLL
0x00007ff951f50000 - 0x00007ff951f84000 	C:\WINDOWS\SYSTEM32\WINMM.dll
0x00007ff948f40000 - 0x00007ff948f49000 	C:\WINDOWS\SYSTEM32\WSOCK32.dll
0x00007ff952200000 - 0x00007ff95220a000 	C:\WINDOWS\SYSTEM32\VERSION.dll
0x00007ff95a4e0000 - 0x00007ff95a551000 	C:\WINDOWS\System32\WS2_32.dll
0x00007ff958440000 - 0x00007ff958458000 	C:\WINDOWS\SYSTEM32\kernel.appcore.dll
0x00007ff946840000 - 0x00007ff946850000 	C:\Program Files\Eclipse Adoptium\jdk-11.0.19.7-hotspot\bin\verify.dll
0x00007ff956ce0000 - 0x00007ff956f0e000 	C:\WINDOWS\SYSTEM32\DBGHELP.DLL
0x00007ff95b5e0000 - 0x00007ff95b96a000 	C:\WINDOWS\System32\combase.dll
0x00007ff959d00000 - 0x00007ff959dd7000 	C:\WINDOWS\System32\OLEAUT32.dll
0x00007ff9393e0000 - 0x00007ff939412000 	C:\WINDOWS\SYSTEM32\dbgcore.DLL
0x00007ff959330000 - 0x00007ff9593ab000 	C:\WINDOWS\System32\bcryptPrimitives.dll
0x00007ff9187a0000 - 0x00007ff9187c8000 	C:\Program Files\Eclipse Adoptium\jdk-11.0.19.7-hotspot\bin\java.dll
0x00007ff944020000 - 0x00007ff94402a000 	C:\Program Files\Eclipse Adoptium\jdk-11.0.19.7-hotspot\bin\jimage.dll
0x00007ff9223f0000 - 0x00007ff922408000 	C:\Program Files\Eclipse Adoptium\jdk-11.0.19.7-hotspot\bin\zip.dll
0x00007ff95a5e0000 - 0x00007ff95adcf000 	C:\WINDOWS\System32\SHELL32.dll
0x00007ff957320000 - 0x00007ff957be8000 	C:\WINDOWS\SYSTEM32\windows.storage.dll
0x00007ff9571e0000 - 0x00007ff95731e000 	C:\WINDOWS\SYSTEM32\wintypes.dll
0x00007ff95b970000 - 0x00007ff95ba61000 	C:\WINDOWS\System32\SHCORE.dll
0x00007ff95b470000 - 0x00007ff95b4ce000 	C:\WINDOWS\System32\shlwapi.dll
0x00007ff959260000 - 0x00007ff959281000 	C:\WINDOWS\SYSTEM32\profapi.dll
0x00007ff920db0000 - 0x00007ff920dc9000 	C:\Program Files\Eclipse Adoptium\jdk-11.0.19.7-hotspot\bin\net.dll
0x00007ff951b90000 - 0x00007ff951cbf000 	C:\WINDOWS\SYSTEM32\WINHTTP.dll
0x00007ff9588a0000 - 0x00007ff958909000 	C:\WINDOWS\system32\mswsock.dll
0x00007ff91f9a0000 - 0x00007ff91f9b3000 	C:\Program Files\Eclipse Adoptium\jdk-11.0.19.7-hotspot\bin\nio.dll
0x00007ff91c170000 - 0x00007ff91c197000 	C:\Users\91799\.gradle\native\e1d6ef7f7dcc3fd88c89a11ec53ec762bb8ba0a96d01ffa2cd45eb1d1d8dd5c5\windows-amd64\native-platform.dll
0x00007ff8da1c0000 - 0x00007ff8da304000 	C:\Users\91799\.gradle\native\0d407fdbe67a94daf76414ababcb853783967236a71b16ec16e742cd7a986fd3\windows-amd64\native-platform-file-events.dll
0x00007ff9378d0000 - 0x00007ff9378d9000 	C:\Program Files\Eclipse Adoptium\jdk-11.0.19.7-hotspot\bin\management.dll
0x00007ff937570000 - 0x00007ff93757b000 	C:\Program Files\Eclipse Adoptium\jdk-11.0.19.7-hotspot\bin\management_ext.dll
0x00007ff958b20000 - 0x00007ff958b3b000 	C:\WINDOWS\SYSTEM32\CRYPTSP.dll
0x00007ff9583b0000 - 0x00007ff9583e5000 	C:\WINDOWS\system32\rsaenh.dll
0x00007ff958980000 - 0x00007ff9589a8000 	C:\WINDOWS\SYSTEM32\USERENV.dll
0x00007ff958cd0000 - 0x00007ff958cf8000 	C:\WINDOWS\SYSTEM32\bcrypt.dll
0x00007ff958b10000 - 0x00007ff958b1c000 	C:\WINDOWS\SYSTEM32\CRYPTBASE.dll
0x00007ff957eb0000 - 0x00007ff957edd000 	C:\WINDOWS\SYSTEM32\IPHLPAPI.DLL
0x00007ff95a560000 - 0x00007ff95a569000 	C:\WINDOWS\System32\NSI.dll
0x00007ff951730000 - 0x00007ff951749000 	C:\WINDOWS\SYSTEM32\dhcpcsvc6.DLL
0x00007ff9516f0000 - 0x00007ff95170f000 	C:\WINDOWS\SYSTEM32\dhcpcsvc.DLL
0x00007ff957f20000 - 0x00007ff958012000 	C:\WINDOWS\SYSTEM32\DNSAPI.dll

dbghelp: loaded successfully - version: 4.0.5 - missing functions: none
symbol engine: initialized successfully - sym options: 0x614 - pdb path: .;C:\Program Files\Eclipse Adoptium\jdk-11.0.19.7-hotspot\bin;C:\WINDOWS\SYSTEM32;C:\WINDOWS\WinSxS\amd64_microsoft.windows.common-controls_6595b64144ccf1df_6.0.22621.608_none_a9444ca7c10bb01d;C:\Program Files\Eclipse Adoptium\jdk-11.0.19.7-hotspot\bin\server;C:\Users\91799\.gradle\native\e1d6ef7f7dcc3fd88c89a11ec53ec762bb8ba0a96d01ffa2cd45eb1d1d8dd5c5\windows-amd64;C:\Users\91799\.gradle\native\0d407fdbe67a94daf76414ababcb853783967236a71b16ec16e742cd7a986fd3\windows-amd64

VM Arguments:
jvm_args: -XX:MaxMetaspaceSize=512m --add-opens=java.base/java.util=ALL-UNNAMED --add-opens=java.base/java.lang=ALL-UNNAMED --add-opens=java.base/java.lang.invoke=ALL-UNNAMED --add-opens=java.base/java.util=ALL-UNNAMED --add-opens=java.prefs/java.util.prefs=ALL-UNNAMED --add-opens=java.prefs/java.util.prefs=ALL-UNNAMED --add-opens=java.base/java.nio.charset=ALL-UNNAMED --add-opens=java.base/java.net=ALL-UNNAMED --add-opens=java.base/java.util.concurrent.atomic=ALL-UNNAMED -Xmx2048m -Dfile.encoding=windows-1252 -Duser.country=US -Duser.language=en -Duser.variant 
java_command: org.gradle.launcher.daemon.bootstrap.GradleDaemon 7.5.1
java_class_path (initial): C:\Users\91799\.gradle\wrapper\dists\gradle-7.5.1-all\1ehga6e77gqps5uk2kc5kf1vc\gradle-7.5.1\lib\gradle-launcher-7.5.1.jar
Launcher Type: SUN_STANDARD

[Global flags]
     intx CICompilerCount                          = 4                                         {product} {ergonomic}
   size_t CompressedClassSpaceSize                 = 528482304                                 {product} {ergonomic}
     uint ConcGCThreads                            = 2                                         {product} {ergonomic}
     uint G1ConcRefinementThreads                  = 8                                         {product} {ergonomic}
   size_t G1HeapRegionSize                         = 1048576                                   {product} {ergonomic}
    uintx GCDrainStackTargetSize                   = 64                                        {product} {ergonomic}
   size_t InitialHeapSize                          = 132120576                                 {product} {ergonomic}
   size_t MarkStackSize                            = 4194304                                   {product} {ergonomic}
   size_t MaxHeapSize                              = 2147483648                                {product} {command line}
   size_t MaxMetaspaceSize                         = 536870912                                 {product} {command line}
   size_t MaxNewSize                               = 1287651328                                {product} {ergonomic}
   size_t MinHeapDeltaBytes                        = 1048576                                   {product} {ergonomic}
    uintx NonNMethodCodeHeapSize                   = 5836300                                {pd product} {ergonomic}
    uintx NonProfiledCodeHeapSize                  = 122910970                              {pd product} {ergonomic}
    uintx ProfiledCodeHeapSize                     = 122910970                              {pd product} {ergonomic}
    uintx ReservedCodeCacheSize                    = 251658240                              {pd product} {ergonomic}
     bool SegmentedCodeCache                       = true                                      {product} {ergonomic}
     bool UseCompressedClassPointers               = true                                 {lp64_product} {ergonomic}
     bool UseCompressedOops                        = true                                 {lp64_product} {ergonomic}
     bool UseG1GC                                  = true                                      {product} {ergonomic}
     bool UseLargePagesIndividualAllocation        = false                                  {pd product} {ergonomic}

Logging:
Log output configuration:
 #0: stdout all=warning uptime,level,tags
 #1: stderr all=off uptime,level,tags

Environment Variables:
CLASSPATH=C:\Users\91799\Desktop\html pro\contact\contact_app\android\\gradle\wrapper\gradle-wrapper.jar
PATH=C:\Users\91799\Desktop\html pro\contact\contact_app\android\node_modules\.bin;C:\Users\91799\Desktop\html pro\contact\contact_app\node_modules\.bin;C:\Users\91799\Desktop\html pro\contact\node_modules\.bin;C:\Users\91799\Desktop\html pro\node_modules\.bin;C:\Users\91799\Desktop\node_modules\.bin;C:\Users\91799\node_modules\.bin;C:\Users\node_modules\.bin;C:\node_modules\.bin;C:\Program Files\nodejs;C:\Users\91799\Desktop\html pro\contact\contact_app\node_modules\.bin;C:\Users\91799\Desktop\html pro\contact\node_modules\.bin;C:\Users\91799\Desktop\html pro\node_modules\.bin;C:\Users\91799\Desktop\node_modules\.bin;C:\Users\91799\node_modules\.bin;C:\Users\node_modules\.bin;C:\node_modules\.bin;C:\Program Files\nodejs\node_modules\npm\node_modules\@npmcli\run-script\lib\node-gyp-bin;C:\Users\91799\AndroidStudioProjects\bin\cache\dart-sdk\bin\;C:\Program Files\Eclipse Adoptium\jdk-11.0.19.7-hotspot\bin;C:\Program Files (x86)\VMware\VMware Workstation\bin\;C:\Program Files\Common Files\Oracle\Java\javapath;C:\Program Files (x86)\Common Files\Oracle\Java\javapath;C:\Program Files\Microsoft\jdk-11.0.12.7-hotspot\bin;C:\Windows\system32;C:\Windows;C:\Windows\System32\Wbem;C:\Windows\System32\WindowsPowerShell\v1.0\;C:\Windows\System32\OpenSSH\;C:\Program Files (x86)\NVIDIA Corporation\PhysX\Common;C:\Program Files\NVIDIA Corporation\NVIDIA NvDLISR;C:\WINDOWS\system32;C:\WINDOWS;C:\WINDOWS\System32\Wbem;C:\WINDOWS\System32\WindowsPowerShell\v1.0\;C:\WINDOWS\System32\OpenSSH\;C:\Program Files\Java\jdk1.8.0_202\bin;C:\Users\91799\AppData\Local\Programs\Python\Python310\Scripts\;C:\Users\91799\AppData\Local\Programs\Python\Python310\;C:\MinGW\bin;C:\Users\91799\AndroidStudioProjects\bin;C:\Users\91799\AndroidStudioProjects\flutter\bin;C:\Users\91799;C:\Program Files\dotnet\;C:\WINDOWS\system32;C:\WINDOWS;C:\WINDOWS\System32\Wbem;C:\WINDOWS\System32\WindowsPowerShell\v1.0\;C:\WINDOWS\System32\OpenSSH\;C:\Program Files\Git\cmd;C:\Program Files\Java\jdk-19;C:\Program Files\Java
USERNAME=Sidharth
LANG=en_US.UTF-8
OS=Windows_NT
PROCESSOR_IDENTIFIER=Intel64 Family 6 Model 165 Stepping 2, GenuineIntel
TMP=C:\Users\91799\AppData\Local\Temp
TEMP=C:\Users\91799\AppData\Local\Temp



---------------  S Y S T E M  ---------------

OS: Windows 11 , 64 bit Build 22621 (10.0.22621.963)
OS uptime: 0 days 16:30 hours
Hyper-V role detected

CPU:total 8 (initial active 8) (4 cores per cpu, 2 threads per core) family 6 model 165 stepping 2 microcode 0xe0, cmov, cx8, fxsr, mmx, sse, sse2, sse3, ssse3, sse4.1, sse4.2, popcnt, avx, avx2, aes, clmul, erms, 3dnowpref, lzcnt, ht, tsc, tscinvbit, bmi1, bmi2, adx, fma

Memory: 4k page, system-wide physical 8029M (407M free)
TotalPageFile size 13029M (AvailPageFile size 5M)
current process WorkingSet (physical memory assigned to process): 317M, peak: 317M
current process commit charge ("private bytes"): 363M, peak: 365M

vm_info: OpenJDK 64-Bit Server VM (11.0.19+7) for windows-amd64 JRE (11.0.19+7), built on Apr 18 2023 23:12:18 by "" with MS VC++ 16.7 (VS2019)

END.
